2019-03-07T23:00:54.968 INFO  c.h.s.DemoApplication 50 - Starting DemoApplication on PC-201708121922 with PID 3436 (D:\projects\spring\springboot_war_demo\target\classes started by Administrator in D:\projects\spring\springboot_war_demo)
2019-03-07T23:00:54.998 INFO  c.h.s.DemoApplication 675 - No active profile set, falling back to default profiles: default
2019-03-07T23:00:55.093 INFO  o.s.b.d.e.DevToolsPropertyDefaultsPostProcessor 227 - Devtools property defaults active! Set 'spring.devtools.add-properties' to 'false' to disable
2019-03-07T23:00:55.094 INFO  o.s.b.d.e.DevToolsPropertyDefaultsPostProcessor 227 - For additional web related logging consider setting the 'logging.level.web' property to 'DEBUG'
2019-03-07T23:00:58.368 INFO  o.s.b.w.e.t.TomcatWebServer 90 - Tomcat initialized with port(s): 8080 (http)
2019-03-07T23:00:58.384 INFO  o.a.c.h.Http11NioProtocol 173 - Initializing ProtocolHandler ["http-nio-8080"]
2019-03-07T23:00:58.398 INFO  o.a.c.c.StandardService 173 - Starting service [Tomcat]
2019-03-07T23:00:58.399 INFO  o.a.c.c.StandardEngine 173 - Starting Servlet engine: [Apache Tomcat/9.0.16]
2019-03-07T23:00:58.407 INFO  o.a.c.c.AprLifecycleListener 173 - The APR based Apache Tomcat Native library which allows optimal performance in production environments was not found on the java.library.path: [F:\jdk8\jdk\bin;C:\Windows\Sun\Java\bin;C:\Windows\system32;C:\Windows;C:\ProgramData\Oracle\Java\javapath;C:\Windows\system32;C:\Windows;C:\Windows\System32\Wbem;C:\Windows\System32\WindowsPowerShell\v1.0\;F:\jdk8\jdk\bin;F:\jdk8\jdk\jre\bin;F:\apache-maven-3.5.0\bin;C:\Program Files\TortoiseSVN\bin;F:\Git\cmd;F:\scala-2\bin;F:\scala-2\jre\bin;F:\sbt1.0.3\bin;F:\sbt1.0.3\bin;;.]
2019-03-07T23:00:58.666 INFO  o.a.j.s.TldScanner 173 - At least one JAR was scanned for TLDs yet contained no TLDs. Enable debug logging for this logger for a complete list of JARs that were scanned but no TLDs were found in them. Skipping unneeded JARs during scanning can improve startup time and JSP compilation time.
2019-03-07T23:00:58.670 INFO  o.a.c.c.C.[.[.[/] 173 - Initializing Spring embedded WebApplicationContext
2019-03-07T23:00:58.671 INFO  o.s.w.c.ContextLoader 296 - Root WebApplicationContext: initialization completed in 3577 ms
2019-03-07T23:00:59.103 INFO  o.s.s.c.ThreadPoolTaskExecutor 171 - Initializing ExecutorService 'applicationTaskExecutor'
2019-03-07T23:00:59.517 INFO  o.s.s.c.ThreadPoolTaskScheduler 171 - Initializing ExecutorService 'taskScheduler'
2019-03-07T23:00:59.576 INFO  o.s.b.d.a.OptionalLiveReloadServer 57 - LiveReload server is running on port 35729
2019-03-07T23:00:59.622 INFO  o.a.c.h.Http11NioProtocol 173 - Starting ProtocolHandler ["http-nio-8080"]
2019-03-07T23:00:59.630 INFO  c.h.s.i.LoginInterceptor 25 - =====>>>>>使用fixedRate1551970859630
2019-03-07T23:00:59.662 INFO  o.s.b.w.e.t.TomcatWebServer 204 - Tomcat started on port(s): 8080 (http) with context path ''
2019-03-07T23:00:59.666 INFO  c.h.s.DemoApplication 59 - Started DemoApplication in 5.718 seconds (JVM running for 7.611)
2019-03-07T23:01:00.002 INFO  c.h.s.i.LoginInterceptor 19 - =====>>>>>使用cron  1551970860002
2019-03-07T23:01:04.620 INFO  c.h.s.i.LoginInterceptor 25 - =====>>>>>使用fixedRate1551970864620
2019-03-07T23:01:04.630 INFO  c.h.s.i.LoginInterceptor 32 - =====>>>>>fixedDelay1551970864630
2019-03-07T23:01:05.001 INFO  c.h.s.i.LoginInterceptor 19 - =====>>>>>使用cron  1551970865001
2019-03-07T23:24:33.369 INFO  c.h.s.DemoApplication 50 - Starting DemoApplication on PC-201708121922 with PID 5196 (D:\projects\spring\springboot_war_demo\target\classes started by Administrator in D:\projects\spring\springboot_war_demo)
2019-03-07T23:24:33.375 INFO  c.h.s.DemoApplication 675 - No active profile set, falling back to default profiles: default
2019-03-07T23:24:33.521 INFO  o.s.b.d.e.DevToolsPropertyDefaultsPostProcessor 227 - Devtools property defaults active! Set 'spring.devtools.add-properties' to 'false' to disable
2019-03-07T23:24:33.522 INFO  o.s.b.d.e.DevToolsPropertyDefaultsPostProcessor 227 - For additional web related logging consider setting the 'logging.level.web' property to 'DEBUG'
2019-03-07T23:24:36.255 INFO  o.s.b.w.e.t.TomcatWebServer 90 - Tomcat initialized with port(s): 8080 (http)
2019-03-07T23:24:36.271 INFO  o.a.c.h.Http11NioProtocol 173 - Initializing ProtocolHandler ["http-nio-8080"]
2019-03-07T23:24:36.283 INFO  o.a.c.c.StandardService 173 - Starting service [Tomcat]
2019-03-07T23:24:36.284 INFO  o.a.c.c.StandardEngine 173 - Starting Servlet engine: [Apache Tomcat/9.0.16]
2019-03-07T23:24:36.291 INFO  o.a.c.c.AprLifecycleListener 173 - The APR based Apache Tomcat Native library which allows optimal performance in production environments was not found on the java.library.path: [F:\jdk8\jdk\bin;C:\Windows\Sun\Java\bin;C:\Windows\system32;C:\Windows;C:\ProgramData\Oracle\Java\javapath;C:\Windows\system32;C:\Windows;C:\Windows\System32\Wbem;C:\Windows\System32\WindowsPowerShell\v1.0\;F:\jdk8\jdk\bin;F:\jdk8\jdk\jre\bin;F:\apache-maven-3.5.0\bin;C:\Program Files\TortoiseSVN\bin;F:\Git\cmd;F:\scala-2\bin;F:\scala-2\jre\bin;F:\sbt1.0.3\bin;F:\sbt1.0.3\bin;;.]
2019-03-07T23:24:36.544 INFO  o.a.j.s.TldScanner 173 - At least one JAR was scanned for TLDs yet contained no TLDs. Enable debug logging for this logger for a complete list of JARs that were scanned but no TLDs were found in them. Skipping unneeded JARs during scanning can improve startup time and JSP compilation time.
2019-03-07T23:24:36.549 INFO  o.a.c.c.C.[.[.[/] 173 - Initializing Spring embedded WebApplicationContext
2019-03-07T23:24:36.550 INFO  o.s.w.c.ContextLoader 296 - Root WebApplicationContext: initialization completed in 3027 ms
2019-03-07T23:24:36.994 INFO  o.s.s.c.ThreadPoolTaskExecutor 171 - Initializing ExecutorService 'applicationTaskExecutor'
2019-03-07T23:24:37.422 INFO  o.s.s.c.ThreadPoolTaskScheduler 171 - Initializing ExecutorService 'taskScheduler'
2019-03-07T23:24:37.477 WARN  o.s.b.d.a.OptionalLiveReloadServer 61 - Unable to start LiveReload server
2019-03-07T23:24:37.526 INFO  o.a.c.h.Http11NioProtocol 173 - Starting ProtocolHandler ["http-nio-8080"]
2019-03-07T23:24:37.534 INFO  c.h.s.i.LoginInterceptor 25 - =====>>>>>使用fixedRate1551972277534
2019-03-07T23:24:37.542 ERROR o.a.c.u.LifecycleBase 175 - Failed to start component [Connector[HTTP/1.1-8080]]
org.apache.catalina.LifecycleException: Protocol handler start failed
	at org.apache.catalina.connector.Connector.startInternal(Connector.java:1008)
	at org.apache.catalina.util.LifecycleBase.start(LifecycleBase.java:183)
	at org.apache.catalina.core.StandardService.addConnector(StandardService.java:226)
	at org.springframework.boot.web.embedded.tomcat.TomcatWebServer.addPreviouslyRemovedConnectors(TomcatWebServer.java:259)
	at org.springframework.boot.web.embedded.tomcat.TomcatWebServer.start(TomcatWebServer.java:197)
	at org.springframework.boot.web.servlet.context.ServletWebServerApplicationContext.startWebServer(ServletWebServerApplicationContext.java:311)
	at org.springframework.boot.web.servlet.context.ServletWebServerApplicationContext.finishRefresh(ServletWebServerApplicationContext.java:164)
	at org.springframework.context.support.AbstractApplicationContext.refresh(AbstractApplicationContext.java:552)
	at org.springframework.boot.web.servlet.context.ServletWebServerApplicationContext.refresh(ServletWebServerApplicationContext.java:142)
	at org.springframework.boot.SpringApplication.refresh(SpringApplication.java:775)
	at org.springframework.boot.SpringApplication.refreshContext(SpringApplication.java:397)
	at org.springframework.boot.SpringApplication.run(SpringApplication.java:316)
	at org.springframework.boot.SpringApplication.run(SpringApplication.java:1260)
	at org.springframework.boot.SpringApplication.run(SpringApplication.java:1248)
	at com.hamlt.springboot.DemoApplication.main(DemoApplication.java:26)
	at sun.reflect.NativeMethodAccessorImpl.invoke0(Native Method)
	at sun.reflect.NativeMethodAccessorImpl.invoke(NativeMethodAccessorImpl.java:62)
	at sun.reflect.DelegatingMethodAccessorImpl.invoke(DelegatingMethodAccessorImpl.java:43)
	at java.lang.reflect.Method.invoke(Method.java:483)
	at org.springframework.boot.devtools.restart.RestartLauncher.run(RestartLauncher.java:49)
Caused by: java.net.BindException: Address already in use: bind
	at sun.nio.ch.Net.bind0(Native Method)
	at sun.nio.ch.Net.bind(Net.java:436)
	at sun.nio.ch.Net.bind(Net.java:428)
	at sun.nio.ch.ServerSocketChannelImpl.bind(ServerSocketChannelImpl.java:214)
	at sun.nio.ch.ServerSocketAdaptor.bind(ServerSocketAdaptor.java:74)
	at org.apache.tomcat.util.net.NioEndpoint.initServerSocket(NioEndpoint.java:236)
	at org.apache.tomcat.util.net.NioEndpoint.bind(NioEndpoint.java:210)
	at org.apache.tomcat.util.net.AbstractEndpoint.bindWithCleanup(AbstractEndpoint.java:1085)
	at org.apache.tomcat.util.net.AbstractEndpoint.start(AbstractEndpoint.java:1171)
	at org.apache.coyote.AbstractProtocol.start(AbstractProtocol.java:568)
	at org.apache.catalina.connector.Connector.startInternal(Connector.java:1005)
	... 19 common frames omitted
2019-03-07T23:24:37.557 INFO  o.a.c.h.Http11NioProtocol 173 - Pausing ProtocolHandler ["http-nio-8080"]
2019-03-07T23:24:37.557 INFO  o.a.c.c.StandardService 173 - Stopping service [Tomcat]
2019-03-07T23:24:37.564 INFO  o.a.c.u.LifecycleBase 173 - The stop() method was called on component [StandardServer[-1]] after stop() had already been called. The second call will be ignored.
2019-03-07T23:24:37.565 INFO  o.a.c.h.Http11NioProtocol 173 - Stopping ProtocolHandler ["http-nio-8080"]
2019-03-07T23:24:37.565 INFO  o.a.c.h.Http11NioProtocol 173 - Destroying ProtocolHandler ["http-nio-8080"]
2019-03-07T23:24:37.569 INFO  o.s.b.a.l.ConditionEvaluationReportLoggingListener 142 - 

Error starting ApplicationContext. To display the conditions report re-run your application with 'debug' enabled.
2019-03-07T23:24:37.575 ERROR o.s.b.d.LoggingFailureAnalysisReporter 42 - 

***************************
APPLICATION FAILED TO START
***************************

Description:

The Tomcat connector configured to listen on port 8080 failed to start. The port may already be in use or the connector may be misconfigured.

Action:

Verify the connector's configuration, identify and stop any process that's listening on port 8080, or configure this application to listen on another port.

2019-03-07T23:24:37.578 INFO  o.s.s.c.ThreadPoolTaskScheduler 208 - Shutting down ExecutorService 'taskScheduler'
2019-03-07T23:24:37.580 INFO  o.s.s.c.ThreadPoolTaskExecutor 208 - Shutting down ExecutorService 'applicationTaskExecutor'
2019-03-07T23:24:37.581 ERROR o.s.a.i.SimpleAsyncUncaughtExceptionHandler 39 - Unexpected exception occurred invoking async method: public void com.hamlt.springboot.scheduler.Task1.scheduled2() throws java.lang.InterruptedException
java.lang.InterruptedException: sleep interrupted
	at java.lang.Thread.sleep(Native Method)
	at com.hamlt.springboot.scheduler.Task1.scheduled2(Task1.java:31)
	at com.hamlt.springboot.scheduler.Task1$$FastClassBySpringCGLIB$$c92dcfa9.invoke(<generated>)
	at org.springframework.cglib.proxy.MethodProxy.invoke(MethodProxy.java:218)
	at org.springframework.aop.framework.CglibAopProxy$CglibMethodInvocation.invokeJoinpoint(CglibAopProxy.java:749)
	at org.springframework.aop.framework.ReflectiveMethodInvocation.proceed(ReflectiveMethodInvocation.java:163)
	at org.springframework.aop.interceptor.AsyncExecutionInterceptor.lambda$invoke$0(AsyncExecutionInterceptor.java:115)
	at org.springframework.aop.interceptor.AsyncExecutionInterceptor$$Lambda$422/781135493.call(Unknown Source)
	at java.util.concurrent.FutureTask.run(FutureTask.java:266)
	at java.util.concurrent.ThreadPoolExecutor.runWorker(ThreadPoolExecutor.java:1142)
	at java.util.concurrent.ThreadPoolExecutor$Worker.run(ThreadPoolExecutor.java:617)
	at java.lang.Thread.run(Thread.java:745)
2019-03-07T23:25:10.984 INFO  c.h.s.DemoApplication 50 - Starting DemoApplication on PC-201708121922 with PID 5564 (D:\projects\spring\springboot_war_demo\target\classes started by Administrator in D:\projects\spring\springboot_war_demo)
2019-03-07T23:25:10.991 INFO  c.h.s.DemoApplication 675 - No active profile set, falling back to default profiles: default
2019-03-07T23:25:11.174 INFO  o.s.b.d.e.DevToolsPropertyDefaultsPostProcessor 227 - Devtools property defaults active! Set 'spring.devtools.add-properties' to 'false' to disable
2019-03-07T23:25:11.175 INFO  o.s.b.d.e.DevToolsPropertyDefaultsPostProcessor 227 - For additional web related logging consider setting the 'logging.level.web' property to 'DEBUG'
2019-03-07T23:25:13.542 INFO  o.s.b.w.e.t.TomcatWebServer 90 - Tomcat initialized with port(s): 8080 (http)
2019-03-07T23:25:13.559 INFO  o.a.c.h.Http11NioProtocol 173 - Initializing ProtocolHandler ["http-nio-8080"]
2019-03-07T23:25:13.572 INFO  o.a.c.c.StandardService 173 - Starting service [Tomcat]
2019-03-07T23:25:13.572 INFO  o.a.c.c.StandardEngine 173 - Starting Servlet engine: [Apache Tomcat/9.0.16]
2019-03-07T23:25:13.580 INFO  o.a.c.c.AprLifecycleListener 173 - The APR based Apache Tomcat Native library which allows optimal performance in production environments was not found on the java.library.path: [F:\jdk8\jdk\bin;C:\Windows\Sun\Java\bin;C:\Windows\system32;C:\Windows;C:\ProgramData\Oracle\Java\javapath;C:\Windows\system32;C:\Windows;C:\Windows\System32\Wbem;C:\Windows\System32\WindowsPowerShell\v1.0\;F:\jdk8\jdk\bin;F:\jdk8\jdk\jre\bin;F:\apache-maven-3.5.0\bin;C:\Program Files\TortoiseSVN\bin;F:\Git\cmd;F:\scala-2\bin;F:\scala-2\jre\bin;F:\sbt1.0.3\bin;F:\sbt1.0.3\bin;;.]
2019-03-07T23:25:13.831 INFO  o.a.j.s.TldScanner 173 - At least one JAR was scanned for TLDs yet contained no TLDs. Enable debug logging for this logger for a complete list of JARs that were scanned but no TLDs were found in them. Skipping unneeded JARs during scanning can improve startup time and JSP compilation time.
2019-03-07T23:25:13.836 INFO  o.a.c.c.C.[.[.[/] 173 - Initializing Spring embedded WebApplicationContext
2019-03-07T23:25:13.836 INFO  o.s.w.c.ContextLoader 296 - Root WebApplicationContext: initialization completed in 2660 ms
2019-03-07T23:25:14.260 INFO  o.s.s.c.ThreadPoolTaskExecutor 171 - Initializing ExecutorService 'applicationTaskExecutor'
2019-03-07T23:25:14.666 INFO  o.s.s.c.ThreadPoolTaskScheduler 171 - Initializing ExecutorService 'taskScheduler'
2019-03-07T23:25:14.731 INFO  o.s.b.d.a.OptionalLiveReloadServer 57 - LiveReload server is running on port 35729
2019-03-07T23:25:14.786 INFO  o.a.c.h.Http11NioProtocol 173 - Starting ProtocolHandler ["http-nio-8080"]
2019-03-07T23:25:14.793 INFO  c.h.s.i.LoginInterceptor 25 - =====>>>>>使用fixedRate1551972314793
2019-03-07T23:25:14.827 INFO  o.s.b.w.e.t.TomcatWebServer 204 - Tomcat started on port(s): 8080 (http) with context path ''
2019-03-07T23:25:14.831 INFO  c.h.s.DemoApplication 59 - Started DemoApplication in 4.642 seconds (JVM running for 5.739)
2019-03-07T23:25:15.002 INFO  c.h.s.i.LoginInterceptor 19 - =====>>>>>使用cron  1551972315002
2019-03-07T23:25:19.785 INFO  c.h.s.i.LoginInterceptor 25 - =====>>>>>使用fixedRate1551972319785
2019-03-07T23:25:19.793 INFO  c.h.s.i.LoginInterceptor 32 - =====>>>>>fixedDelay1551972319793
2019-03-07T23:25:20.002 INFO  c.h.s.i.LoginInterceptor 19 - =====>>>>>使用cron  1551972320002
2019-03-07T23:25:24.784 INFO  c.h.s.i.LoginInterceptor 25 - =====>>>>>使用fixedRate1551972324784
2019-03-07T23:25:24.789 INFO  c.h.s.i.LoginInterceptor 32 - =====>>>>>fixedDelay1551972324789
2019-03-07T23:25:25.001 INFO  c.h.s.i.LoginInterceptor 19 - =====>>>>>使用cron  1551972325001
2019-03-07T23:25:29.784 INFO  c.h.s.i.LoginInterceptor 25 - =====>>>>>使用fixedRate1551972329784
2019-03-07T23:25:29.792 INFO  c.h.s.i.LoginInterceptor 32 - =====>>>>>fixedDelay1551972329792
2019-03-07T23:25:30.002 INFO  c.h.s.i.LoginInterceptor 19 - =====>>>>>使用cron  1551972330002
2019-03-07T23:25:34.785 INFO  c.h.s.i.LoginInterceptor 25 - =====>>>>>使用fixedRate1551972334785
2019-03-07T23:25:34.792 INFO  c.h.s.i.LoginInterceptor 32 - =====>>>>>fixedDelay1551972334792
2019-03-07T23:25:35.002 INFO  c.h.s.i.LoginInterceptor 19 - =====>>>>>使用cron  1551972335002
2019-03-07T23:25:39.783 INFO  c.h.s.i.LoginInterceptor 25 - =====>>>>>使用fixedRate1551972339783
2019-03-07T23:25:39.792 INFO  c.h.s.i.LoginInterceptor 32 - =====>>>>>fixedDelay1551972339792
2019-03-07T23:25:40.002 INFO  c.h.s.i.LoginInterceptor 19 - =====>>>>>使用cron  1551972340002
2019-03-07T23:25:44.783 INFO  c.h.s.i.LoginInterceptor 25 - =====>>>>>使用fixedRate1551972344783
2019-03-07T23:25:44.792 INFO  c.h.s.i.LoginInterceptor 32 - =====>>>>>fixedDelay1551972344792
2019-03-07T23:25:45.001 INFO  c.h.s.i.LoginInterceptor 19 - =====>>>>>使用cron  1551972345001
2019-03-07T23:25:49.793 INFO  c.h.s.i.LoginInterceptor 32 - =====>>>>>fixedDelay1551972349793
2019-03-07T23:25:49.793 INFO  c.h.s.i.LoginInterceptor 25 - =====>>>>>使用fixedRate1551972349793
2019-03-07T23:25:51.591 INFO  o.a.c.c.C.[.[.[/] 173 - Initializing Spring DispatcherServlet 'dispatcherServlet'
2019-03-07T23:25:51.591 INFO  o.s.w.s.DispatcherServlet 524 - Initializing Servlet 'dispatcherServlet'
2019-03-07T23:25:51.603 INFO  o.s.w.s.DispatcherServlet 546 - Completed initialization in 11 ms
2019-03-07T23:25:51.620 INFO  c.h.s.i.LoginInterceptor 24 - ---------------------开始进入请求地址拦截----------------------------
2019-03-07T23:25:51.630 INFO  c.h.s.i.LoginInterceptor 30 - --------------处理请求完成后视图渲染之前的处理操作---------------
2019-03-07T23:25:52.114 INFO  c.h.s.i.LoginInterceptor 35 - ---------------视图渲染之后的操作-------------------------
2019-03-07T23:25:54.794 INFO  c.h.s.i.LoginInterceptor 32 - =====>>>>>fixedDelay1551972354794
2019-03-07T23:25:54.794 INFO  c.h.s.i.LoginInterceptor 19 - =====>>>>>使用cron  1551972354794
2019-03-07T23:26:00.576 INFO  c.h.s.i.LoginInterceptor 24 - ---------------------开始进入请求地址拦截----------------------------
2019-03-07T23:26:00.577 INFO  c.h.s.i.LoginInterceptor 30 - --------------处理请求完成后视图渲染之前的处理操作---------------
2019-03-07T23:26:00.680 INFO  c.h.s.i.LoginInterceptor 35 - ---------------视图渲染之后的操作-------------------------
2019-03-07T23:26:01.323 INFO  c.h.s.i.LoginInterceptor 24 - ---------------------开始进入请求地址拦截----------------------------
2019-03-07T23:26:01.323 INFO  c.h.s.i.LoginInterceptor 30 - --------------处理请求完成后视图渲染之前的处理操作---------------
2019-03-07T23:26:01.325 INFO  c.h.s.i.LoginInterceptor 35 - ---------------视图渲染之后的操作-------------------------
