2019-03-06T01:01:02.526 DEBUG o.s.t.c.j.SpringJUnit4ClassRunner 139 - SpringJUnit4ClassRunner constructor called with [class com.hamlt.springboot.DemoApplicationTests]
2019-03-06T01:01:02.540 DEBUG o.s.t.c.BootstrapUtils 96 - Instantiating CacheAwareContextLoaderDelegate from class [org.springframework.test.context.cache.DefaultCacheAwareContextLoaderDelegate]
2019-03-06T01:01:02.551 DEBUG o.s.t.c.BootstrapUtils 79 - Instantiating BootstrapContext using constructor [public org.springframework.test.context.support.DefaultBootstrapContext(java.lang.Class,org.springframework.test.context.CacheAwareContextLoaderDelegate)]
2019-03-06T01:01:02.582 DEBUG o.s.t.c.BootstrapUtils 132 - Instantiating TestContextBootstrapper for test class [com.hamlt.springboot.DemoApplicationTests] from class [org.springframework.boot.test.context.SpringBootTestContextBootstrapper]
2019-03-06T01:01:02.599 INFO  o.s.b.t.c.SpringBootTestContextBootstrapper 308 - Neither @ContextConfiguration nor @ContextHierarchy found for test class [com.hamlt.springboot.DemoApplicationTests], using SpringBootContextLoader
2019-03-06T01:01:02.604 DEBUG o.s.t.c.s.AbstractContextLoader 258 - Did not detect default resource location for test class [com.hamlt.springboot.DemoApplicationTests]: class path resource [com/hamlt/springboot/DemoApplicationTests-context.xml] does not exist
2019-03-06T01:01:02.605 DEBUG o.s.t.c.s.AbstractContextLoader 258 - Did not detect default resource location for test class [com.hamlt.springboot.DemoApplicationTests]: class path resource [com/hamlt/springboot/DemoApplicationTestsContext.groovy] does not exist
2019-03-06T01:01:02.605 INFO  o.s.t.c.s.AbstractContextLoader 264 - Could not detect default resource locations for test class [com.hamlt.springboot.DemoApplicationTests]: no resource found for suffixes {-context.xml, Context.groovy}.
2019-03-06T01:01:02.606 INFO  o.s.t.c.s.AnnotationConfigContextLoaderUtils 83 - Could not detect default configuration classes for test class [com.hamlt.springboot.DemoApplicationTests]: DemoApplicationTests does not declare any static, non-private, non-final, nested classes annotated with @Configuration.
2019-03-06T01:01:02.687 DEBUG o.s.t.c.s.ActiveProfilesUtils 79 - Could not find an 'annotation declaring class' for annotation type [org.springframework.test.context.ActiveProfiles] and class [com.hamlt.springboot.DemoApplicationTests]
2019-03-06T01:01:02.843 DEBUG o.s.c.a.ClassPathScanningCandidateComponentProvider 437 - Identified candidate component class: file [D:\projects\spring\springboot_war_demo\target\classes\com\hamlt\springboot\DemoApplication.class]
2019-03-06T01:01:02.849 INFO  o.s.b.t.c.SpringBootTestContextBootstrapper 247 - Found @SpringBootConfiguration com.hamlt.springboot.DemoApplication for test class com.hamlt.springboot.DemoApplicationTests
2019-03-06T01:01:02.996 DEBUG o.s.b.t.c.SpringBootTestContextBootstrapper 125 - @TestExecutionListeners is not present for class [com.hamlt.springboot.DemoApplicationTests]: using defaults.
2019-03-06T01:01:02.997 INFO  o.s.b.t.c.SpringBootTestContextBootstrapper 248 - Loaded default TestExecutionListener class names from location [META-INF/spring.factories]: [org.springframework.boot.test.mock.mockito.MockitoTestExecutionListener, org.springframework.boot.test.mock.mockito.ResetMocksTestExecutionListener, org.springframework.boot.test.autoconfigure.restdocs.RestDocsTestExecutionListener, org.springframework.boot.test.autoconfigure.web.client.MockRestServiceServerResetTestExecutionListener, org.springframework.boot.test.autoconfigure.web.servlet.MockMvcPrintOnlyOnFailureTestExecutionListener, org.springframework.boot.test.autoconfigure.web.servlet.WebDriverTestExecutionListener, org.springframework.test.context.web.ServletTestExecutionListener, org.springframework.test.context.support.DirtiesContextBeforeModesTestExecutionListener, org.springframework.test.context.support.DependencyInjectionTestExecutionListener, org.springframework.test.context.support.DirtiesContextTestExecutionListener, org.springframework.test.context.transaction.TransactionalTestExecutionListener, org.springframework.test.context.jdbc.SqlScriptsTestExecutionListener]
2019-03-06T01:01:03.024 INFO  o.s.b.t.c.SpringBootTestContextBootstrapper 177 - Using TestExecutionListeners: [org.springframework.test.context.web.ServletTestExecutionListener@4f67eb2a, org.springframework.test.context.support.DirtiesContextBeforeModesTestExecutionListener@4a668b6e, org.springframework.boot.test.mock.mockito.MockitoTestExecutionListener@5f683daf, org.springframework.boot.test.autoconfigure.SpringBootDependencyInjectionTestExecutionListener@78ffe6dc, org.springframework.test.context.support.DirtiesContextTestExecutionListener@8317c52, org.springframework.test.context.transaction.TransactionalTestExecutionListener@76f2bbc1, org.springframework.test.context.jdbc.SqlScriptsTestExecutionListener@68e965f5, org.springframework.boot.test.mock.mockito.ResetMocksTestExecutionListener@6f27a732, org.springframework.boot.test.autoconfigure.restdocs.RestDocsTestExecutionListener@6c779568, org.springframework.boot.test.autoconfigure.web.client.MockRestServiceServerResetTestExecutionListener@f381794, org.springframework.boot.test.autoconfigure.web.servlet.MockMvcPrintOnlyOnFailureTestExecutionListener@2cdd0d4b, org.springframework.boot.test.autoconfigure.web.servlet.WebDriverTestExecutionListener@7e9131d5]
2019-03-06T01:01:03.027 DEBUG o.s.t.a.ProfileValueUtils 70 - Retrieved @ProfileValueSourceConfiguration [null] for test class [com.hamlt.springboot.DemoApplicationTests]
2019-03-06T01:01:03.029 DEBUG o.s.t.a.ProfileValueUtils 83 - Retrieved ProfileValueSource type [class org.springframework.test.annotation.SystemProfileValueSource] for class [com.hamlt.springboot.DemoApplicationTests]
2019-03-06T01:01:03.031 DEBUG o.s.t.a.ProfileValueUtils 70 - Retrieved @ProfileValueSourceConfiguration [null] for test class [com.hamlt.springboot.DemoApplicationTests]
2019-03-06T01:01:03.032 DEBUG o.s.t.a.ProfileValueUtils 83 - Retrieved ProfileValueSource type [class org.springframework.test.annotation.SystemProfileValueSource] for class [com.hamlt.springboot.DemoApplicationTests]
2019-03-06T01:01:03.033 DEBUG o.s.t.a.ProfileValueUtils 70 - Retrieved @ProfileValueSourceConfiguration [null] for test class [com.hamlt.springboot.DemoApplicationTests]
2019-03-06T01:01:03.034 DEBUG o.s.t.a.ProfileValueUtils 83 - Retrieved ProfileValueSource type [class org.springframework.test.annotation.SystemProfileValueSource] for class [com.hamlt.springboot.DemoApplicationTests]
2019-03-06T01:01:03.042 DEBUG o.s.t.c.s.AbstractDirtiesContextTestExecutionListener 142 - Before test class: context [DefaultTestContext@6a370f4 testClass = DemoApplicationTests, testInstance = [null], testMethod = [null], testException = [null], mergedContextConfiguration = [WebMergedContextConfiguration@2abf4075 testClass = DemoApplicationTests, locations = '{}', classes = '{class com.hamlt.springboot.DemoApplication}', contextInitializerClasses = '[]', activeProfiles = '{}', propertySourceLocations = '{}', propertySourceProperties = '{org.springframework.boot.test.context.SpringBootTestContextBootstrapper=true}', contextCustomizers = set[org.springframework.boot.test.context.filter.ExcludeFilterContextCustomizer@52aa2946, org.springframework.boot.test.json.DuplicateJsonObjectContextCustomizerFactory$DuplicateJsonObjectContextCustomizer@5d47c63f, org.springframework.boot.test.mock.mockito.MockitoContextCustomizer@0, org.springframework.boot.test.web.client.TestRestTemplateContextCustomizer@55ca8de8, org.springframework.boot.test.autoconfigure.properties.PropertyMappingContextCustomizer@0, org.springframework.boot.test.autoconfigure.web.servlet.WebDriverContextCustomizerFactory$Customizer@3ee0fea4], resourceBasePath = 'src/main/webapp', contextLoader = 'org.springframework.boot.test.context.SpringBootContextLoader', parent = [null]], attributes = map['org.springframework.test.context.web.ServletTestExecutionListener.activateListener' -> true]], class annotated with @DirtiesContext [false] with mode [null].
2019-03-06T01:01:03.044 DEBUG o.s.t.a.ProfileValueUtils 70 - Retrieved @ProfileValueSourceConfiguration [null] for test class [com.hamlt.springboot.DemoApplicationTests]
2019-03-06T01:01:03.046 DEBUG o.s.t.a.ProfileValueUtils 83 - Retrieved ProfileValueSource type [class org.springframework.test.annotation.SystemProfileValueSource] for class [com.hamlt.springboot.DemoApplicationTests]
2019-03-06T01:01:03.145 DEBUG o.s.t.c.s.TestPropertySourceUtils 245 - Adding inlined properties to environment: {spring.jmx.enabled=false, org.springframework.boot.test.context.SpringBootTestContextBootstrapper=true, server.port=-1}
2019-03-06T01:01:03.660 INFO  c.h.s.DemoApplicationTests 50 - Starting DemoApplicationTests on PC-201708121922 with PID 2724 (started by Administrator in D:\projects\spring\springboot_war_demo)
2019-03-06T01:01:03.661 INFO  c.h.s.DemoApplicationTests 679 - The following profiles are active: prod
2019-03-06T01:01:09.157 INFO  o.s.s.c.ThreadPoolTaskExecutor 171 - Initializing ExecutorService 'applicationTaskExecutor'
2019-03-06T01:01:10.928 INFO  c.h.s.DemoApplicationTests 59 - Started DemoApplicationTests in 7.759 seconds (JVM running for 9.622)
2019-03-06T01:01:11.477 INFO  o.s.s.c.ThreadPoolTaskExecutor 208 - Shutting down ExecutorService 'applicationTaskExecutor'
2019-03-06T01:03:18.408 INFO  c.h.s.DemoApplication 50 - Starting DemoApplication on PC-201708121922 with PID 2564 (D:\projects\spring\springboot_war_demo\target\classes started by Administrator in D:\projects\spring\springboot_war_demo)
2019-03-06T01:03:18.416 INFO  c.h.s.DemoApplication 679 - The following profiles are active: prod
2019-03-06T01:03:18.528 INFO  o.s.b.d.e.DevToolsPropertyDefaultsPostProcessor 227 - Devtools property defaults active! Set 'spring.devtools.add-properties' to 'false' to disable
2019-03-06T01:03:18.529 INFO  o.s.b.d.e.DevToolsPropertyDefaultsPostProcessor 227 - For additional web related logging consider setting the 'logging.level.web' property to 'DEBUG'
2019-03-06T01:03:21.868 INFO  o.s.b.w.e.t.TomcatWebServer 90 - Tomcat initialized with port(s): 8080 (http)
2019-03-06T01:03:21.891 INFO  o.a.c.h.Http11NioProtocol 173 - Initializing ProtocolHandler ["http-nio-8080"]
2019-03-06T01:03:21.908 INFO  o.a.c.c.StandardService 173 - Starting service [Tomcat]
2019-03-06T01:03:21.909 INFO  o.a.c.c.StandardEngine 173 - Starting Servlet engine: [Apache Tomcat/9.0.16]
2019-03-06T01:03:21.919 INFO  o.a.c.c.AprLifecycleListener 173 - The APR based Apache Tomcat Native library which allows optimal performance in production environments was not found on the java.library.path: [F:\jdk8\jdk\bin;C:\Windows\Sun\Java\bin;C:\Windows\system32;C:\Windows;C:\ProgramData\Oracle\Java\javapath;C:\Windows\system32;C:\Windows;C:\Windows\System32\Wbem;C:\Windows\System32\WindowsPowerShell\v1.0\;F:\jdk8\jdk\bin;F:\jdk8\jdk\jre\bin;F:\apache-maven-3.5.0\bin;C:\Program Files\TortoiseSVN\bin;F:\Git\cmd;F:\scala-2\bin;F:\scala-2\jre\bin;F:\sbt1.0.3\bin;F:\sbt1.0.3\bin;;.]
2019-03-06T01:03:22.180 INFO  o.a.j.s.TldScanner 173 - At least one JAR was scanned for TLDs yet contained no TLDs. Enable debug logging for this logger for a complete list of JARs that were scanned but no TLDs were found in them. Skipping unneeded JARs during scanning can improve startup time and JSP compilation time.
2019-03-06T01:03:22.185 INFO  o.a.c.c.C.[.[.[/] 173 - Initializing Spring embedded WebApplicationContext
2019-03-06T01:03:22.186 INFO  o.s.w.c.ContextLoader 296 - Root WebApplicationContext: initialization completed in 3657 ms
2019-03-06T01:03:22.580 INFO  o.s.s.c.ThreadPoolTaskExecutor 171 - Initializing ExecutorService 'applicationTaskExecutor'
2019-03-06T01:03:23.027 INFO  o.s.b.d.a.OptionalLiveReloadServer 57 - LiveReload server is running on port 35729
2019-03-06T01:03:23.072 INFO  o.a.c.h.Http11NioProtocol 173 - Starting ProtocolHandler ["http-nio-8080"]
2019-03-06T01:03:23.113 INFO  o.s.b.w.e.t.TomcatWebServer 204 - Tomcat started on port(s): 8080 (http) with context path ''
2019-03-06T01:03:23.117 INFO  c.h.s.DemoApplication 59 - Started DemoApplication in 5.379 seconds (JVM running for 7.058)
2019-03-06T01:03:39.239 INFO  o.a.c.c.C.[.[.[/] 173 - Initializing Spring DispatcherServlet 'dispatcherServlet'
2019-03-06T01:03:39.240 INFO  o.s.w.s.DispatcherServlet 524 - Initializing Servlet 'dispatcherServlet'
2019-03-06T01:03:39.249 INFO  o.s.w.s.DispatcherServlet 546 - Completed initialization in 9 ms
2019-03-06T01:03:39.268 INFO  c.h.s.i.LoginInterceptor 24 - ---------------------开始进入请求地址拦截----------------------------
2019-03-06T01:03:39.359 INFO  c.h.s.i.LoginInterceptor 30 - --------------处理请求完成后视图渲染之前的处理操作---------------
2019-03-06T01:03:39.360 INFO  c.h.s.i.LoginInterceptor 35 - ---------------视图渲染之后的操作-------------------------
2019-03-06T01:03:43.567 INFO  c.h.s.i.LoginInterceptor 24 - ---------------------开始进入请求地址拦截----------------------------
2019-03-06T01:03:43.571 INFO  c.h.s.i.LoginInterceptor 30 - --------------处理请求完成后视图渲染之前的处理操作---------------
2019-03-06T01:03:43.616 INFO  c.h.s.i.LoginInterceptor 35 - ---------------视图渲染之后的操作-------------------------
2019-03-06T01:06:12.375 INFO  c.h.s.DemoApplication 50 - Starting DemoApplication on PC-201708121922 with PID 8944 (D:\projects\spring\springboot_war_demo\target\classes started by Administrator in D:\projects\spring\springboot_war_demo)
2019-03-06T01:06:12.381 INFO  c.h.s.DemoApplication 679 - The following profiles are active: prod
2019-03-06T01:06:12.460 INFO  o.s.b.d.e.DevToolsPropertyDefaultsPostProcessor 227 - Devtools property defaults active! Set 'spring.devtools.add-properties' to 'false' to disable
2019-03-06T01:06:12.460 INFO  o.s.b.d.e.DevToolsPropertyDefaultsPostProcessor 227 - For additional web related logging consider setting the 'logging.level.web' property to 'DEBUG'
2019-03-06T01:06:27.122 INFO  c.h.s.DemoApplication 50 - Starting DemoApplication on PC-201708121922 with PID 1796 (D:\projects\spring\springboot_war_demo\target\classes started by Administrator in D:\projects\spring\springboot_war_demo)
2019-03-06T01:06:27.128 INFO  c.h.s.DemoApplication 679 - The following profiles are active: prod
2019-03-06T01:06:27.323 INFO  o.s.b.d.e.DevToolsPropertyDefaultsPostProcessor 227 - Devtools property defaults active! Set 'spring.devtools.add-properties' to 'false' to disable
2019-03-06T01:06:27.324 INFO  o.s.b.d.e.DevToolsPropertyDefaultsPostProcessor 227 - For additional web related logging consider setting the 'logging.level.web' property to 'DEBUG'
2019-03-06T01:06:34.549 INFO  o.s.b.w.e.t.TomcatWebServer 90 - Tomcat initialized with port(s): 8080 (http)
2019-03-06T01:06:34.575 INFO  o.a.c.h.Http11NioProtocol 173 - Initializing ProtocolHandler ["http-nio-8080"]
2019-03-06T01:06:34.589 INFO  o.a.c.c.StandardService 173 - Starting service [Tomcat]
2019-03-06T01:06:34.590 INFO  o.a.c.c.StandardEngine 173 - Starting Servlet engine: [Apache Tomcat/9.0.16]
2019-03-06T01:06:34.599 INFO  o.a.c.c.AprLifecycleListener 173 - The APR based Apache Tomcat Native library which allows optimal performance in production environments was not found on the java.library.path: [F:\jdk8\jdk\bin;C:\Windows\Sun\Java\bin;C:\Windows\system32;C:\Windows;C:\ProgramData\Oracle\Java\javapath;C:\Windows\system32;C:\Windows;C:\Windows\System32\Wbem;C:\Windows\System32\WindowsPowerShell\v1.0\;F:\jdk8\jdk\bin;F:\jdk8\jdk\jre\bin;F:\apache-maven-3.5.0\bin;C:\Program Files\TortoiseSVN\bin;F:\Git\cmd;F:\scala-2\bin;F:\scala-2\jre\bin;F:\sbt1.0.3\bin;F:\sbt1.0.3\bin;;.]
2019-03-06T01:06:34.875 INFO  o.a.j.s.TldScanner 173 - At least one JAR was scanned for TLDs yet contained no TLDs. Enable debug logging for this logger for a complete list of JARs that were scanned but no TLDs were found in them. Skipping unneeded JARs during scanning can improve startup time and JSP compilation time.
2019-03-06T01:06:34.880 INFO  o.a.c.c.C.[.[.[/] 173 - Initializing Spring embedded WebApplicationContext
2019-03-06T01:06:34.880 INFO  o.s.w.c.ContextLoader 296 - Root WebApplicationContext: initialization completed in 7555 ms
2019-03-06T01:06:35.353 INFO  o.s.s.c.ThreadPoolTaskExecutor 171 - Initializing ExecutorService 'applicationTaskExecutor'
2019-03-06T01:06:35.869 INFO  o.s.b.d.a.OptionalLiveReloadServer 57 - LiveReload server is running on port 35729
2019-03-06T01:06:35.911 INFO  o.a.c.h.Http11NioProtocol 173 - Starting ProtocolHandler ["http-nio-8080"]
2019-03-06T01:06:35.951 INFO  o.s.b.w.e.t.TomcatWebServer 204 - Tomcat started on port(s): 8080 (http) with context path ''
2019-03-06T01:06:35.955 INFO  c.h.s.DemoApplication 59 - Started DemoApplication in 9.54 seconds (JVM running for 11.311)
2019-03-06T01:06:41.845 INFO  o.a.c.c.C.[.[.[/] 173 - Initializing Spring DispatcherServlet 'dispatcherServlet'
2019-03-06T01:06:41.846 INFO  o.s.w.s.DispatcherServlet 524 - Initializing Servlet 'dispatcherServlet'
2019-03-06T01:06:41.856 INFO  o.s.w.s.DispatcherServlet 546 - Completed initialization in 10 ms
2019-03-06T01:06:41.874 INFO  c.h.s.i.LoginInterceptor 24 - ---------------------开始进入请求地址拦截----------------------------
2019-03-06T01:06:41.885 INFO  c.h.s.i.LoginInterceptor 30 - --------------处理请求完成后视图渲染之前的处理操作---------------
2019-03-06T01:06:41.927 INFO  c.h.s.i.LoginInterceptor 35 - ---------------视图渲染之后的操作-------------------------
2019-03-06T01:06:58.352 DEBUG o.s.t.c.j.SpringJUnit4ClassRunner 139 - SpringJUnit4ClassRunner constructor called with [class com.hamlt.springboot.DemoApplicationTests]
2019-03-06T01:06:58.362 DEBUG o.s.t.c.BootstrapUtils 96 - Instantiating CacheAwareContextLoaderDelegate from class [org.springframework.test.context.cache.DefaultCacheAwareContextLoaderDelegate]
2019-03-06T01:06:58.374 DEBUG o.s.t.c.BootstrapUtils 79 - Instantiating BootstrapContext using constructor [public org.springframework.test.context.support.DefaultBootstrapContext(java.lang.Class,org.springframework.test.context.CacheAwareContextLoaderDelegate)]
2019-03-06T01:06:58.409 DEBUG o.s.t.c.BootstrapUtils 132 - Instantiating TestContextBootstrapper for test class [com.hamlt.springboot.DemoApplicationTests] from class [org.springframework.boot.test.context.SpringBootTestContextBootstrapper]
2019-03-06T01:06:58.426 INFO  o.s.b.t.c.SpringBootTestContextBootstrapper 308 - Neither @ContextConfiguration nor @ContextHierarchy found for test class [com.hamlt.springboot.DemoApplicationTests], using SpringBootContextLoader
2019-03-06T01:06:58.432 DEBUG o.s.t.c.s.AbstractContextLoader 258 - Did not detect default resource location for test class [com.hamlt.springboot.DemoApplicationTests]: class path resource [com/hamlt/springboot/DemoApplicationTests-context.xml] does not exist
2019-03-06T01:06:58.433 DEBUG o.s.t.c.s.AbstractContextLoader 258 - Did not detect default resource location for test class [com.hamlt.springboot.DemoApplicationTests]: class path resource [com/hamlt/springboot/DemoApplicationTestsContext.groovy] does not exist
2019-03-06T01:06:58.433 INFO  o.s.t.c.s.AbstractContextLoader 264 - Could not detect default resource locations for test class [com.hamlt.springboot.DemoApplicationTests]: no resource found for suffixes {-context.xml, Context.groovy}.
2019-03-06T01:06:58.434 INFO  o.s.t.c.s.AnnotationConfigContextLoaderUtils 83 - Could not detect default configuration classes for test class [com.hamlt.springboot.DemoApplicationTests]: DemoApplicationTests does not declare any static, non-private, non-final, nested classes annotated with @Configuration.
2019-03-06T01:06:58.518 DEBUG o.s.t.c.s.ActiveProfilesUtils 79 - Could not find an 'annotation declaring class' for annotation type [org.springframework.test.context.ActiveProfiles] and class [com.hamlt.springboot.DemoApplicationTests]
2019-03-06T01:06:58.649 DEBUG o.s.c.a.ClassPathScanningCandidateComponentProvider 437 - Identified candidate component class: file [D:\projects\spring\springboot_war_demo\target\classes\com\hamlt\springboot\DemoApplication.class]
2019-03-06T01:06:58.656 INFO  o.s.b.t.c.SpringBootTestContextBootstrapper 247 - Found @SpringBootConfiguration com.hamlt.springboot.DemoApplication for test class com.hamlt.springboot.DemoApplicationTests
2019-03-06T01:06:58.810 DEBUG o.s.b.t.c.SpringBootTestContextBootstrapper 125 - @TestExecutionListeners is not present for class [com.hamlt.springboot.DemoApplicationTests]: using defaults.
2019-03-06T01:06:58.811 INFO  o.s.b.t.c.SpringBootTestContextBootstrapper 248 - Loaded default TestExecutionListener class names from location [META-INF/spring.factories]: [org.springframework.boot.test.mock.mockito.MockitoTestExecutionListener, org.springframework.boot.test.mock.mockito.ResetMocksTestExecutionListener, org.springframework.boot.test.autoconfigure.restdocs.RestDocsTestExecutionListener, org.springframework.boot.test.autoconfigure.web.client.MockRestServiceServerResetTestExecutionListener, org.springframework.boot.test.autoconfigure.web.servlet.MockMvcPrintOnlyOnFailureTestExecutionListener, org.springframework.boot.test.autoconfigure.web.servlet.WebDriverTestExecutionListener, org.springframework.test.context.web.ServletTestExecutionListener, org.springframework.test.context.support.DirtiesContextBeforeModesTestExecutionListener, org.springframework.test.context.support.DependencyInjectionTestExecutionListener, org.springframework.test.context.support.DirtiesContextTestExecutionListener, org.springframework.test.context.transaction.TransactionalTestExecutionListener, org.springframework.test.context.jdbc.SqlScriptsTestExecutionListener]
2019-03-06T01:06:58.842 INFO  o.s.b.t.c.SpringBootTestContextBootstrapper 177 - Using TestExecutionListeners: [org.springframework.test.context.web.ServletTestExecutionListener@c03cf28, org.springframework.test.context.support.DirtiesContextBeforeModesTestExecutionListener@1329eff, org.springframework.boot.test.mock.mockito.MockitoTestExecutionListener@6497b078, org.springframework.boot.test.autoconfigure.SpringBootDependencyInjectionTestExecutionListener@41c2284a, org.springframework.test.context.support.DirtiesContextTestExecutionListener@53aad5d5, org.springframework.test.context.transaction.TransactionalTestExecutionListener@46fa7c39, org.springframework.test.context.jdbc.SqlScriptsTestExecutionListener@1fb700ee, org.springframework.boot.test.mock.mockito.ResetMocksTestExecutionListener@4f67eb2a, org.springframework.boot.test.autoconfigure.restdocs.RestDocsTestExecutionListener@4a668b6e, org.springframework.boot.test.autoconfigure.web.client.MockRestServiceServerResetTestExecutionListener@5f683daf, org.springframework.boot.test.autoconfigure.web.servlet.MockMvcPrintOnlyOnFailureTestExecutionListener@78ffe6dc, org.springframework.boot.test.autoconfigure.web.servlet.WebDriverTestExecutionListener@8317c52]
2019-03-06T01:06:58.845 DEBUG o.s.t.a.ProfileValueUtils 70 - Retrieved @ProfileValueSourceConfiguration [null] for test class [com.hamlt.springboot.DemoApplicationTests]
2019-03-06T01:06:58.846 DEBUG o.s.t.a.ProfileValueUtils 83 - Retrieved ProfileValueSource type [class org.springframework.test.annotation.SystemProfileValueSource] for class [com.hamlt.springboot.DemoApplicationTests]
2019-03-06T01:06:58.848 DEBUG o.s.t.a.ProfileValueUtils 70 - Retrieved @ProfileValueSourceConfiguration [null] for test class [com.hamlt.springboot.DemoApplicationTests]
2019-03-06T01:06:58.848 DEBUG o.s.t.a.ProfileValueUtils 83 - Retrieved ProfileValueSource type [class org.springframework.test.annotation.SystemProfileValueSource] for class [com.hamlt.springboot.DemoApplicationTests]
2019-03-06T01:06:58.849 DEBUG o.s.t.a.ProfileValueUtils 70 - Retrieved @ProfileValueSourceConfiguration [null] for test class [com.hamlt.springboot.DemoApplicationTests]
2019-03-06T01:06:58.850 DEBUG o.s.t.a.ProfileValueUtils 83 - Retrieved ProfileValueSource type [class org.springframework.test.annotation.SystemProfileValueSource] for class [com.hamlt.springboot.DemoApplicationTests]
2019-03-06T01:06:58.856 DEBUG o.s.t.c.s.AbstractDirtiesContextTestExecutionListener 142 - Before test class: context [DefaultTestContext@6a6afff2 testClass = DemoApplicationTests, testInstance = [null], testMethod = [null], testException = [null], mergedContextConfiguration = [WebMergedContextConfiguration@1649b0e6 testClass = DemoApplicationTests, locations = '{}', classes = '{class com.hamlt.springboot.DemoApplication}', contextInitializerClasses = '[]', activeProfiles = '{}', propertySourceLocations = '{}', propertySourceProperties = '{org.springframework.boot.test.context.SpringBootTestContextBootstrapper=true}', contextCustomizers = set[org.springframework.boot.test.context.filter.ExcludeFilterContextCustomizer@6ee12bac, org.springframework.boot.test.json.DuplicateJsonObjectContextCustomizerFactory$DuplicateJsonObjectContextCustomizer@400cff1a, org.springframework.boot.test.mock.mockito.MockitoContextCustomizer@0, org.springframework.boot.test.web.client.TestRestTemplateContextCustomizer@1f1c7bf6, org.springframework.boot.test.autoconfigure.properties.PropertyMappingContextCustomizer@0, org.springframework.boot.test.autoconfigure.web.servlet.WebDriverContextCustomizerFactory$Customizer@17c1bced], resourceBasePath = 'src/main/webapp', contextLoader = 'org.springframework.boot.test.context.SpringBootContextLoader', parent = [null]], attributes = map['org.springframework.test.context.web.ServletTestExecutionListener.activateListener' -> true]], class annotated with @DirtiesContext [false] with mode [null].
2019-03-06T01:06:58.858 DEBUG o.s.t.a.ProfileValueUtils 70 - Retrieved @ProfileValueSourceConfiguration [null] for test class [com.hamlt.springboot.DemoApplicationTests]
2019-03-06T01:06:58.859 DEBUG o.s.t.a.ProfileValueUtils 83 - Retrieved ProfileValueSource type [class org.springframework.test.annotation.SystemProfileValueSource] for class [com.hamlt.springboot.DemoApplicationTests]
2019-03-06T01:06:58.899 DEBUG o.s.t.c.s.TestPropertySourceUtils 245 - Adding inlined properties to environment: {spring.jmx.enabled=false, org.springframework.boot.test.context.SpringBootTestContextBootstrapper=true, server.port=-1}
2019-03-06T01:06:59.388 INFO  c.h.s.DemoApplicationTests 50 - Starting DemoApplicationTests on PC-201708121922 with PID 7012 (started by Administrator in D:\projects\spring\springboot_war_demo)
2019-03-06T01:06:59.389 INFO  c.h.s.DemoApplicationTests 679 - The following profiles are active: prod
2019-03-06T01:07:03.466 INFO  o.s.s.c.ThreadPoolTaskExecutor 171 - Initializing ExecutorService 'applicationTaskExecutor'
2019-03-06T01:07:04.916 INFO  c.h.s.DemoApplicationTests 59 - Started DemoApplicationTests in 5.999 seconds (JVM running for 7.728)
2019-03-06T01:07:05.530 INFO  o.s.s.c.ThreadPoolTaskExecutor 208 - Shutting down ExecutorService 'applicationTaskExecutor'
2019-03-06T01:08:39.613 DEBUG o.s.t.c.j.SpringJUnit4ClassRunner 139 - SpringJUnit4ClassRunner constructor called with [class com.hamlt.springboot.DemoApplicationTests]
2019-03-06T01:08:39.624 DEBUG o.s.t.c.BootstrapUtils 96 - Instantiating CacheAwareContextLoaderDelegate from class [org.springframework.test.context.cache.DefaultCacheAwareContextLoaderDelegate]
2019-03-06T01:08:39.637 DEBUG o.s.t.c.BootstrapUtils 79 - Instantiating BootstrapContext using constructor [public org.springframework.test.context.support.DefaultBootstrapContext(java.lang.Class,org.springframework.test.context.CacheAwareContextLoaderDelegate)]
2019-03-06T01:08:39.665 DEBUG o.s.t.c.BootstrapUtils 132 - Instantiating TestContextBootstrapper for test class [com.hamlt.springboot.DemoApplicationTests] from class [org.springframework.boot.test.context.SpringBootTestContextBootstrapper]
2019-03-06T01:08:39.682 INFO  o.s.b.t.c.SpringBootTestContextBootstrapper 308 - Neither @ContextConfiguration nor @ContextHierarchy found for test class [com.hamlt.springboot.DemoApplicationTests], using SpringBootContextLoader
2019-03-06T01:08:39.687 DEBUG o.s.t.c.s.AbstractContextLoader 258 - Did not detect default resource location for test class [com.hamlt.springboot.DemoApplicationTests]: class path resource [com/hamlt/springboot/DemoApplicationTests-context.xml] does not exist
2019-03-06T01:08:39.688 DEBUG o.s.t.c.s.AbstractContextLoader 258 - Did not detect default resource location for test class [com.hamlt.springboot.DemoApplicationTests]: class path resource [com/hamlt/springboot/DemoApplicationTestsContext.groovy] does not exist
2019-03-06T01:08:39.689 INFO  o.s.t.c.s.AbstractContextLoader 264 - Could not detect default resource locations for test class [com.hamlt.springboot.DemoApplicationTests]: no resource found for suffixes {-context.xml, Context.groovy}.
2019-03-06T01:08:39.690 INFO  o.s.t.c.s.AnnotationConfigContextLoaderUtils 83 - Could not detect default configuration classes for test class [com.hamlt.springboot.DemoApplicationTests]: DemoApplicationTests does not declare any static, non-private, non-final, nested classes annotated with @Configuration.
2019-03-06T01:08:39.774 DEBUG o.s.t.c.s.ActiveProfilesUtils 79 - Could not find an 'annotation declaring class' for annotation type [org.springframework.test.context.ActiveProfiles] and class [com.hamlt.springboot.DemoApplicationTests]
2019-03-06T01:08:40.024 DEBUG o.s.c.a.ClassPathScanningCandidateComponentProvider 437 - Identified candidate component class: file [D:\projects\spring\springboot_war_demo\target\classes\com\hamlt\springboot\DemoApplication.class]
2019-03-06T01:08:40.039 INFO  o.s.b.t.c.SpringBootTestContextBootstrapper 247 - Found @SpringBootConfiguration com.hamlt.springboot.DemoApplication for test class com.hamlt.springboot.DemoApplicationTests
2019-03-06T01:08:40.365 DEBUG o.s.b.t.c.SpringBootTestContextBootstrapper 125 - @TestExecutionListeners is not present for class [com.hamlt.springboot.DemoApplicationTests]: using defaults.
2019-03-06T01:08:40.367 INFO  o.s.b.t.c.SpringBootTestContextBootstrapper 248 - Loaded default TestExecutionListener class names from location [META-INF/spring.factories]: [org.springframework.boot.test.mock.mockito.MockitoTestExecutionListener, org.springframework.boot.test.mock.mockito.ResetMocksTestExecutionListener, org.springframework.boot.test.autoconfigure.restdocs.RestDocsTestExecutionListener, org.springframework.boot.test.autoconfigure.web.client.MockRestServiceServerResetTestExecutionListener, org.springframework.boot.test.autoconfigure.web.servlet.MockMvcPrintOnlyOnFailureTestExecutionListener, org.springframework.boot.test.autoconfigure.web.servlet.WebDriverTestExecutionListener, org.springframework.test.context.web.ServletTestExecutionListener, org.springframework.test.context.support.DirtiesContextBeforeModesTestExecutionListener, org.springframework.test.context.support.DependencyInjectionTestExecutionListener, org.springframework.test.context.support.DirtiesContextTestExecutionListener, org.springframework.test.context.transaction.TransactionalTestExecutionListener, org.springframework.test.context.jdbc.SqlScriptsTestExecutionListener]
2019-03-06T01:08:40.407 INFO  o.s.b.t.c.SpringBootTestContextBootstrapper 177 - Using TestExecutionListeners: [org.springframework.test.context.web.ServletTestExecutionListener@c03cf28, org.springframework.test.context.support.DirtiesContextBeforeModesTestExecutionListener@1329eff, org.springframework.boot.test.mock.mockito.MockitoTestExecutionListener@6497b078, org.springframework.boot.test.autoconfigure.SpringBootDependencyInjectionTestExecutionListener@41c2284a, org.springframework.test.context.support.DirtiesContextTestExecutionListener@53aad5d5, org.springframework.test.context.transaction.TransactionalTestExecutionListener@46fa7c39, org.springframework.test.context.jdbc.SqlScriptsTestExecutionListener@1fb700ee, org.springframework.boot.test.mock.mockito.ResetMocksTestExecutionListener@4f67eb2a, org.springframework.boot.test.autoconfigure.restdocs.RestDocsTestExecutionListener@4a668b6e, org.springframework.boot.test.autoconfigure.web.client.MockRestServiceServerResetTestExecutionListener@5f683daf, org.springframework.boot.test.autoconfigure.web.servlet.MockMvcPrintOnlyOnFailureTestExecutionListener@78ffe6dc, org.springframework.boot.test.autoconfigure.web.servlet.WebDriverTestExecutionListener@8317c52]
2019-03-06T01:08:40.411 DEBUG o.s.t.a.ProfileValueUtils 70 - Retrieved @ProfileValueSourceConfiguration [null] for test class [com.hamlt.springboot.DemoApplicationTests]
2019-03-06T01:08:40.413 DEBUG o.s.t.a.ProfileValueUtils 83 - Retrieved ProfileValueSource type [class org.springframework.test.annotation.SystemProfileValueSource] for class [com.hamlt.springboot.DemoApplicationTests]
2019-03-06T01:08:40.416 DEBUG o.s.t.a.ProfileValueUtils 70 - Retrieved @ProfileValueSourceConfiguration [null] for test class [com.hamlt.springboot.DemoApplicationTests]
2019-03-06T01:08:40.417 DEBUG o.s.t.a.ProfileValueUtils 83 - Retrieved ProfileValueSource type [class org.springframework.test.annotation.SystemProfileValueSource] for class [com.hamlt.springboot.DemoApplicationTests]
2019-03-06T01:08:40.419 DEBUG o.s.t.a.ProfileValueUtils 70 - Retrieved @ProfileValueSourceConfiguration [null] for test class [com.hamlt.springboot.DemoApplicationTests]
2019-03-06T01:08:40.420 DEBUG o.s.t.a.ProfileValueUtils 83 - Retrieved ProfileValueSource type [class org.springframework.test.annotation.SystemProfileValueSource] for class [com.hamlt.springboot.DemoApplicationTests]
2019-03-06T01:08:40.430 DEBUG o.s.t.c.s.AbstractDirtiesContextTestExecutionListener 142 - Before test class: context [DefaultTestContext@6a6afff2 testClass = DemoApplicationTests, testInstance = [null], testMethod = [null], testException = [null], mergedContextConfiguration = [WebMergedContextConfiguration@1649b0e6 testClass = DemoApplicationTests, locations = '{}', classes = '{class com.hamlt.springboot.DemoApplication}', contextInitializerClasses = '[]', activeProfiles = '{}', propertySourceLocations = '{}', propertySourceProperties = '{org.springframework.boot.test.context.SpringBootTestContextBootstrapper=true}', contextCustomizers = set[org.springframework.boot.test.context.filter.ExcludeFilterContextCustomizer@6ee12bac, org.springframework.boot.test.json.DuplicateJsonObjectContextCustomizerFactory$DuplicateJsonObjectContextCustomizer@400cff1a, org.springframework.boot.test.mock.mockito.MockitoContextCustomizer@0, org.springframework.boot.test.web.client.TestRestTemplateContextCustomizer@1f1c7bf6, org.springframework.boot.test.autoconfigure.properties.PropertyMappingContextCustomizer@0, org.springframework.boot.test.autoconfigure.web.servlet.WebDriverContextCustomizerFactory$Customizer@17c1bced], resourceBasePath = 'src/main/webapp', contextLoader = 'org.springframework.boot.test.context.SpringBootContextLoader', parent = [null]], attributes = map['org.springframework.test.context.web.ServletTestExecutionListener.activateListener' -> true]], class annotated with @DirtiesContext [false] with mode [null].
2019-03-06T01:08:40.432 DEBUG o.s.t.a.ProfileValueUtils 70 - Retrieved @ProfileValueSourceConfiguration [null] for test class [com.hamlt.springboot.DemoApplicationTests]
2019-03-06T01:08:40.432 DEBUG o.s.t.a.ProfileValueUtils 83 - Retrieved ProfileValueSource type [class org.springframework.test.annotation.SystemProfileValueSource] for class [com.hamlt.springboot.DemoApplicationTests]
2019-03-06T01:08:40.477 DEBUG o.s.t.c.s.TestPropertySourceUtils 245 - Adding inlined properties to environment: {spring.jmx.enabled=false, org.springframework.boot.test.context.SpringBootTestContextBootstrapper=true, server.port=-1}
2019-03-06T01:08:40.974 INFO  c.h.s.DemoApplicationTests 50 - Starting DemoApplicationTests on PC-201708121922 with PID 8172 (started by Administrator in D:\projects\spring\springboot_war_demo)
2019-03-06T01:08:40.975 INFO  c.h.s.DemoApplicationTests 679 - The following profiles are active: prod
2019-03-06T01:08:45.714 INFO  o.s.s.c.ThreadPoolTaskExecutor 171 - Initializing ExecutorService 'applicationTaskExecutor'
2019-03-06T01:08:47.589 INFO  c.h.s.DemoApplicationTests 59 - Started DemoApplicationTests in 7.095 seconds (JVM running for 8.863)
2019-03-06T01:08:48.227 INFO  o.s.s.c.ThreadPoolTaskExecutor 208 - Shutting down ExecutorService 'applicationTaskExecutor'
2019-03-06T01:10:28.616 DEBUG o.s.t.c.j.SpringJUnit4ClassRunner 139 - SpringJUnit4ClassRunner constructor called with [class com.hamlt.springboot.DemoApplicationTests]
2019-03-06T01:10:28.628 DEBUG o.s.t.c.BootstrapUtils 96 - Instantiating CacheAwareContextLoaderDelegate from class [org.springframework.test.context.cache.DefaultCacheAwareContextLoaderDelegate]
2019-03-06T01:10:28.639 DEBUG o.s.t.c.BootstrapUtils 79 - Instantiating BootstrapContext using constructor [public org.springframework.test.context.support.DefaultBootstrapContext(java.lang.Class,org.springframework.test.context.CacheAwareContextLoaderDelegate)]
2019-03-06T01:10:28.668 DEBUG o.s.t.c.BootstrapUtils 132 - Instantiating TestContextBootstrapper for test class [com.hamlt.springboot.DemoApplicationTests] from class [org.springframework.boot.test.context.SpringBootTestContextBootstrapper]
2019-03-06T01:10:28.685 INFO  o.s.b.t.c.SpringBootTestContextBootstrapper 308 - Neither @ContextConfiguration nor @ContextHierarchy found for test class [com.hamlt.springboot.DemoApplicationTests], using SpringBootContextLoader
2019-03-06T01:10:28.690 DEBUG o.s.t.c.s.AbstractContextLoader 258 - Did not detect default resource location for test class [com.hamlt.springboot.DemoApplicationTests]: class path resource [com/hamlt/springboot/DemoApplicationTests-context.xml] does not exist
2019-03-06T01:10:28.691 DEBUG o.s.t.c.s.AbstractContextLoader 258 - Did not detect default resource location for test class [com.hamlt.springboot.DemoApplicationTests]: class path resource [com/hamlt/springboot/DemoApplicationTestsContext.groovy] does not exist
2019-03-06T01:10:28.691 INFO  o.s.t.c.s.AbstractContextLoader 264 - Could not detect default resource locations for test class [com.hamlt.springboot.DemoApplicationTests]: no resource found for suffixes {-context.xml, Context.groovy}.
2019-03-06T01:10:28.692 INFO  o.s.t.c.s.AnnotationConfigContextLoaderUtils 83 - Could not detect default configuration classes for test class [com.hamlt.springboot.DemoApplicationTests]: DemoApplicationTests does not declare any static, non-private, non-final, nested classes annotated with @Configuration.
2019-03-06T01:10:28.770 DEBUG o.s.t.c.s.ActiveProfilesUtils 79 - Could not find an 'annotation declaring class' for annotation type [org.springframework.test.context.ActiveProfiles] and class [com.hamlt.springboot.DemoApplicationTests]
2019-03-06T01:10:28.886 DEBUG o.s.c.a.ClassPathScanningCandidateComponentProvider 437 - Identified candidate component class: file [D:\projects\spring\springboot_war_demo\target\classes\com\hamlt\springboot\DemoApplication.class]
2019-03-06T01:10:28.892 INFO  o.s.b.t.c.SpringBootTestContextBootstrapper 247 - Found @SpringBootConfiguration com.hamlt.springboot.DemoApplication for test class com.hamlt.springboot.DemoApplicationTests
2019-03-06T01:10:29.029 DEBUG o.s.b.t.c.SpringBootTestContextBootstrapper 125 - @TestExecutionListeners is not present for class [com.hamlt.springboot.DemoApplicationTests]: using defaults.
2019-03-06T01:10:29.030 INFO  o.s.b.t.c.SpringBootTestContextBootstrapper 248 - Loaded default TestExecutionListener class names from location [META-INF/spring.factories]: [org.springframework.boot.test.mock.mockito.MockitoTestExecutionListener, org.springframework.boot.test.mock.mockito.ResetMocksTestExecutionListener, org.springframework.boot.test.autoconfigure.restdocs.RestDocsTestExecutionListener, org.springframework.boot.test.autoconfigure.web.client.MockRestServiceServerResetTestExecutionListener, org.springframework.boot.test.autoconfigure.web.servlet.MockMvcPrintOnlyOnFailureTestExecutionListener, org.springframework.boot.test.autoconfigure.web.servlet.WebDriverTestExecutionListener, org.springframework.test.context.web.ServletTestExecutionListener, org.springframework.test.context.support.DirtiesContextBeforeModesTestExecutionListener, org.springframework.test.context.support.DependencyInjectionTestExecutionListener, org.springframework.test.context.support.DirtiesContextTestExecutionListener, org.springframework.test.context.transaction.TransactionalTestExecutionListener, org.springframework.test.context.jdbc.SqlScriptsTestExecutionListener]
2019-03-06T01:10:29.056 INFO  o.s.b.t.c.SpringBootTestContextBootstrapper 177 - Using TestExecutionListeners: [org.springframework.test.context.web.ServletTestExecutionListener@1329eff, org.springframework.test.context.support.DirtiesContextBeforeModesTestExecutionListener@6497b078, org.springframework.boot.test.mock.mockito.MockitoTestExecutionListener@41c2284a, org.springframework.boot.test.autoconfigure.SpringBootDependencyInjectionTestExecutionListener@53aad5d5, org.springframework.test.context.support.DirtiesContextTestExecutionListener@46fa7c39, org.springframework.test.context.transaction.TransactionalTestExecutionListener@1fb700ee, org.springframework.test.context.jdbc.SqlScriptsTestExecutionListener@4f67eb2a, org.springframework.boot.test.mock.mockito.ResetMocksTestExecutionListener@4a668b6e, org.springframework.boot.test.autoconfigure.restdocs.RestDocsTestExecutionListener@5f683daf, org.springframework.boot.test.autoconfigure.web.client.MockRestServiceServerResetTestExecutionListener@78ffe6dc, org.springframework.boot.test.autoconfigure.web.servlet.MockMvcPrintOnlyOnFailureTestExecutionListener@8317c52, org.springframework.boot.test.autoconfigure.web.servlet.WebDriverTestExecutionListener@76f2bbc1]
2019-03-06T01:10:29.059 DEBUG o.s.t.a.ProfileValueUtils 70 - Retrieved @ProfileValueSourceConfiguration [null] for test class [com.hamlt.springboot.DemoApplicationTests]
2019-03-06T01:10:29.060 DEBUG o.s.t.a.ProfileValueUtils 83 - Retrieved ProfileValueSource type [class org.springframework.test.annotation.SystemProfileValueSource] for class [com.hamlt.springboot.DemoApplicationTests]
2019-03-06T01:10:29.062 DEBUG o.s.t.a.ProfileValueUtils 70 - Retrieved @ProfileValueSourceConfiguration [null] for test class [com.hamlt.springboot.DemoApplicationTests]
2019-03-06T01:10:29.062 DEBUG o.s.t.a.ProfileValueUtils 83 - Retrieved ProfileValueSource type [class org.springframework.test.annotation.SystemProfileValueSource] for class [com.hamlt.springboot.DemoApplicationTests]
2019-03-06T01:10:29.063 DEBUG o.s.t.a.ProfileValueUtils 70 - Retrieved @ProfileValueSourceConfiguration [null] for test class [com.hamlt.springboot.DemoApplicationTests]
2019-03-06T01:10:29.064 DEBUG o.s.t.a.ProfileValueUtils 83 - Retrieved ProfileValueSource type [class org.springframework.test.annotation.SystemProfileValueSource] for class [com.hamlt.springboot.DemoApplicationTests]
2019-03-06T01:10:29.069 DEBUG o.s.t.c.s.AbstractDirtiesContextTestExecutionListener 142 - Before test class: context [DefaultTestContext@1649b0e6 testClass = DemoApplicationTests, testInstance = [null], testMethod = [null], testException = [null], mergedContextConfiguration = [WebMergedContextConfiguration@865dd6 testClass = DemoApplicationTests, locations = '{}', classes = '{class com.hamlt.springboot.DemoApplication}', contextInitializerClasses = '[]', activeProfiles = '{}', propertySourceLocations = '{}', propertySourceProperties = '{org.springframework.boot.test.context.SpringBootTestContextBootstrapper=true}', contextCustomizers = set[org.springframework.boot.test.context.filter.ExcludeFilterContextCustomizer@275710fc, org.springframework.boot.test.json.DuplicateJsonObjectContextCustomizerFactory$DuplicateJsonObjectContextCustomizer@52aa2946, org.springframework.boot.test.mock.mockito.MockitoContextCustomizer@0, org.springframework.boot.test.web.client.TestRestTemplateContextCustomizer@214b199c, org.springframework.boot.test.autoconfigure.properties.PropertyMappingContextCustomizer@0, org.springframework.boot.test.autoconfigure.web.servlet.WebDriverContextCustomizerFactory$Customizer@14ec4505], resourceBasePath = 'src/main/webapp', contextLoader = 'org.springframework.boot.test.context.SpringBootContextLoader', parent = [null]], attributes = map['org.springframework.test.context.web.ServletTestExecutionListener.activateListener' -> true]], class annotated with @DirtiesContext [false] with mode [null].
2019-03-06T01:10:29.070 DEBUG o.s.t.a.ProfileValueUtils 70 - Retrieved @ProfileValueSourceConfiguration [null] for test class [com.hamlt.springboot.DemoApplicationTests]
2019-03-06T01:10:29.071 DEBUG o.s.t.a.ProfileValueUtils 83 - Retrieved ProfileValueSource type [class org.springframework.test.annotation.SystemProfileValueSource] for class [com.hamlt.springboot.DemoApplicationTests]
2019-03-06T01:10:29.111 DEBUG o.s.t.c.s.TestPropertySourceUtils 245 - Adding inlined properties to environment: {spring.jmx.enabled=false, org.springframework.boot.test.context.SpringBootTestContextBootstrapper=true, server.port=-1}
2019-03-06T01:10:29.597 INFO  c.h.s.DemoApplicationTests 50 - Starting DemoApplicationTests on PC-201708121922 with PID 6724 (started by Administrator in D:\projects\spring\springboot_war_demo)
2019-03-06T01:10:29.597 INFO  c.h.s.DemoApplicationTests 679 - The following profiles are active: prod
2019-03-06T01:10:34.699 INFO  o.s.s.c.ThreadPoolTaskExecutor 171 - Initializing ExecutorService 'applicationTaskExecutor'
2019-03-06T01:10:36.074 INFO  c.h.s.DemoApplicationTests 59 - Started DemoApplicationTests in 6.941 seconds (JVM running for 8.484)
2019-03-06T01:10:36.559 INFO  o.s.s.c.ThreadPoolTaskExecutor 208 - Shutting down ExecutorService 'applicationTaskExecutor'
