2019-03-07T22:06:46.454 INFO  c.h.s.DemoApplication 50 - Starting DemoApplication on PC-201708121922 with PID 7240 (D:\projects\spring\springboot_war_demo\target\classes started by Administrator in D:\projects\spring\springboot_war_demo)
2019-03-07T22:06:46.479 INFO  c.h.s.DemoApplication 675 - No active profile set, falling back to default profiles: default
2019-03-07T22:06:46.723 INFO  o.s.b.d.e.DevToolsPropertyDefaultsPostProcessor 227 - Devtools property defaults active! Set 'spring.devtools.add-properties' to 'false' to disable
2019-03-07T22:06:46.723 INFO  o.s.b.d.e.DevToolsPropertyDefaultsPostProcessor 227 - For additional web related logging consider setting the 'logging.level.web' property to 'DEBUG'
2019-03-07T22:14:29.522 INFO  c.h.s.DemoApplication 50 - Starting DemoApplication on PC-201708121922 with PID 6660 (D:\projects\spring\springboot_war_demo\target\classes started by Administrator in D:\projects\spring\springboot_war_demo)
2019-03-07T22:14:29.540 INFO  c.h.s.DemoApplication 675 - No active profile set, falling back to default profiles: default
2019-03-07T22:14:29.644 INFO  o.s.b.d.e.DevToolsPropertyDefaultsPostProcessor 227 - Devtools property defaults active! Set 'spring.devtools.add-properties' to 'false' to disable
2019-03-07T22:14:29.645 INFO  o.s.b.d.e.DevToolsPropertyDefaultsPostProcessor 227 - For additional web related logging consider setting the 'logging.level.web' property to 'DEBUG'
2019-03-07T22:14:32.098 INFO  o.s.b.w.e.t.TomcatWebServer 90 - Tomcat initialized with port(s): 8080 (http)
2019-03-07T22:14:32.115 INFO  o.a.c.h.Http11NioProtocol 173 - Initializing ProtocolHandler ["http-nio-8080"]
2019-03-07T22:14:32.129 INFO  o.a.c.c.StandardService 173 - Starting service [Tomcat]
2019-03-07T22:14:32.129 INFO  o.a.c.c.StandardEngine 173 - Starting Servlet engine: [Apache Tomcat/9.0.16]
2019-03-07T22:14:32.139 INFO  o.a.c.c.AprLifecycleListener 173 - The APR based Apache Tomcat Native library which allows optimal performance in production environments was not found on the java.library.path: [F:\jdk8\jdk\bin;C:\Windows\Sun\Java\bin;C:\Windows\system32;C:\Windows;C:\ProgramData\Oracle\Java\javapath;C:\Windows\system32;C:\Windows;C:\Windows\System32\Wbem;C:\Windows\System32\WindowsPowerShell\v1.0\;F:\jdk8\jdk\bin;F:\jdk8\jdk\jre\bin;F:\apache-maven-3.5.0\bin;C:\Program Files\TortoiseSVN\bin;F:\Git\cmd;F:\scala-2\bin;F:\scala-2\jre\bin;F:\sbt1.0.3\bin;F:\sbt1.0.3\bin;;.]
2019-03-07T22:14:32.467 INFO  o.a.j.s.TldScanner 173 - At least one JAR was scanned for TLDs yet contained no TLDs. Enable debug logging for this logger for a complete list of JARs that were scanned but no TLDs were found in them. Skipping unneeded JARs during scanning can improve startup time and JSP compilation time.
2019-03-07T22:14:32.471 INFO  o.a.c.c.C.[.[.[/] 173 - Initializing Spring embedded WebApplicationContext
2019-03-07T22:14:32.472 INFO  o.s.w.c.ContextLoader 296 - Root WebApplicationContext: initialization completed in 2826 ms
2019-03-07T22:14:32.850 INFO  o.s.s.c.ThreadPoolTaskExecutor 171 - Initializing ExecutorService 'applicationTaskExecutor'
2019-03-07T22:14:33.379 INFO  o.s.b.d.a.OptionalLiveReloadServer 57 - LiveReload server is running on port 35729
2019-03-07T22:14:33.419 INFO  o.a.c.h.Http11NioProtocol 173 - Starting ProtocolHandler ["http-nio-8080"]
2019-03-07T22:14:33.458 INFO  o.s.b.w.e.t.TomcatWebServer 204 - Tomcat started on port(s): 8080 (http) with context path ''
2019-03-07T22:14:33.461 INFO  c.h.s.DemoApplication 59 - Started DemoApplication in 5.023 seconds (JVM running for 7.841)
2019-03-07T22:14:41.681 INFO  o.a.c.c.C.[.[.[/] 173 - Initializing Spring DispatcherServlet 'dispatcherServlet'
2019-03-07T22:14:41.681 INFO  o.s.w.s.DispatcherServlet 524 - Initializing Servlet 'dispatcherServlet'
2019-03-07T22:14:41.692 INFO  o.s.w.s.DispatcherServlet 546 - Completed initialization in 11 ms
2019-03-07T22:14:41.711 INFO  c.h.s.i.LoginInterceptor 24 - ---------------------开始进入请求地址拦截----------------------------
2019-03-07T22:14:41.802 INFO  c.h.s.i.LoginInterceptor 30 - --------------处理请求完成后视图渲染之前的处理操作---------------
2019-03-07T22:14:41.803 INFO  c.h.s.i.LoginInterceptor 35 - ---------------视图渲染之后的操作-------------------------
2019-03-07T22:14:42.469 INFO  c.h.s.i.LoginInterceptor 24 - ---------------------开始进入请求地址拦截----------------------------
2019-03-07T22:14:42.472 INFO  c.h.s.i.LoginInterceptor 30 - --------------处理请求完成后视图渲染之前的处理操作---------------
2019-03-07T22:14:42.472 INFO  c.h.s.i.LoginInterceptor 35 - ---------------视图渲染之后的操作-------------------------
2019-03-07T22:21:08.635 INFO  c.h.s.DemoApplication 50 - Starting DemoApplication on PC-201708121922 with PID 5968 (D:\projects\spring\springboot_war_demo\target\classes started by Administrator in D:\projects\spring\springboot_war_demo)
2019-03-07T22:21:08.641 INFO  c.h.s.DemoApplication 675 - No active profile set, falling back to default profiles: default
2019-03-07T22:21:08.648 INFO  o.h.v.i.u.Version 21 - HV000001: Hibernate Validator 6.0.14.Final
2019-03-07T22:21:08.760 INFO  o.s.b.d.e.DevToolsPropertyDefaultsPostProcessor 227 - Devtools property defaults active! Set 'spring.devtools.add-properties' to 'false' to disable
2019-03-07T22:21:08.761 INFO  o.s.b.d.e.DevToolsPropertyDefaultsPostProcessor 227 - For additional web related logging consider setting the 'logging.level.web' property to 'DEBUG'
2019-03-07T22:21:11.065 INFO  o.s.b.w.e.t.TomcatWebServer 90 - Tomcat initialized with port(s): 8080 (http)
2019-03-07T22:21:11.082 INFO  o.a.c.h.Http11NioProtocol 173 - Initializing ProtocolHandler ["http-nio-8080"]
2019-03-07T22:21:11.095 INFO  o.a.c.c.StandardService 173 - Starting service [Tomcat]
2019-03-07T22:21:11.096 INFO  o.a.c.c.StandardEngine 173 - Starting Servlet engine: [Apache Tomcat/9.0.16]
2019-03-07T22:21:11.105 INFO  o.a.c.c.AprLifecycleListener 173 - The APR based Apache Tomcat Native library which allows optimal performance in production environments was not found on the java.library.path: [F:\jdk8\jdk\bin;C:\Windows\Sun\Java\bin;C:\Windows\system32;C:\Windows;C:\ProgramData\Oracle\Java\javapath;C:\Windows\system32;C:\Windows;C:\Windows\System32\Wbem;C:\Windows\System32\WindowsPowerShell\v1.0\;F:\jdk8\jdk\bin;F:\jdk8\jdk\jre\bin;F:\apache-maven-3.5.0\bin;C:\Program Files\TortoiseSVN\bin;F:\Git\cmd;F:\scala-2\bin;F:\scala-2\jre\bin;F:\sbt1.0.3\bin;F:\sbt1.0.3\bin;;.]
2019-03-07T22:21:11.364 INFO  o.a.j.s.TldScanner 173 - At least one JAR was scanned for TLDs yet contained no TLDs. Enable debug logging for this logger for a complete list of JARs that were scanned but no TLDs were found in them. Skipping unneeded JARs during scanning can improve startup time and JSP compilation time.
2019-03-07T22:21:11.368 INFO  o.a.c.c.C.[.[.[/] 173 - Initializing Spring embedded WebApplicationContext
2019-03-07T22:21:11.369 INFO  o.s.w.c.ContextLoader 296 - Root WebApplicationContext: initialization completed in 2607 ms
2019-03-07T22:21:11.733 INFO  o.s.s.c.ThreadPoolTaskExecutor 171 - Initializing ExecutorService 'applicationTaskExecutor'
2019-03-07T22:21:12.236 INFO  o.s.b.d.a.OptionalLiveReloadServer 57 - LiveReload server is running on port 35729
2019-03-07T22:21:12.283 INFO  o.a.c.h.Http11NioProtocol 173 - Starting ProtocolHandler ["http-nio-8080"]
2019-03-07T22:21:12.321 INFO  o.s.b.w.e.t.TomcatWebServer 204 - Tomcat started on port(s): 8080 (http) with context path ''
2019-03-07T22:21:12.325 INFO  c.h.s.DemoApplication 59 - Started DemoApplication in 4.593 seconds (JVM running for 5.789)
2019-03-07T22:21:25.541 INFO  o.a.c.c.C.[.[.[/] 173 - Initializing Spring DispatcherServlet 'dispatcherServlet'
2019-03-07T22:21:25.541 INFO  o.s.w.s.DispatcherServlet 524 - Initializing Servlet 'dispatcherServlet'
2019-03-07T22:21:25.554 INFO  o.s.w.s.DispatcherServlet 546 - Completed initialization in 12 ms
2019-03-07T22:21:25.573 INFO  c.h.s.i.LoginInterceptor 24 - ---------------------开始进入请求地址拦截----------------------------
2019-03-07T22:21:25.662 INFO  c.h.s.i.LoginInterceptor 30 - --------------处理请求完成后视图渲染之前的处理操作---------------
2019-03-07T22:21:25.663 INFO  c.h.s.i.LoginInterceptor 35 - ---------------视图渲染之后的操作-------------------------
2019-03-07T22:21:30.690 INFO  c.h.s.i.LoginInterceptor 24 - ---------------------开始进入请求地址拦截----------------------------
2019-03-07T22:21:30.702 INFO  c.z.h.HikariDataSource 110 - HikariPool-1 - Starting...
2019-03-07T22:21:30.833 INFO  c.z.h.HikariDataSource 123 - HikariPool-1 - Start completed.
2019-03-07T22:21:30.885 INFO  c.h.s.i.LoginInterceptor 30 - --------------处理请求完成后视图渲染之前的处理操作---------------
2019-03-07T22:21:30.885 INFO  c.h.s.i.LoginInterceptor 35 - ---------------视图渲染之后的操作-------------------------
2019-03-07T22:24:00.244 INFO  o.s.s.c.ThreadPoolTaskExecutor 208 - Shutting down ExecutorService 'applicationTaskExecutor'
2019-03-07T22:24:00.245 INFO  c.z.h.HikariDataSource 350 - HikariPool-1 - Shutdown initiated...
2019-03-07T22:24:00.255 INFO  c.z.h.HikariDataSource 352 - HikariPool-1 - Shutdown completed.
2019-03-07T22:24:00.672 INFO  c.h.s.DemoApplication 50 - Starting DemoApplication on PC-201708121922 with PID 5968 (D:\projects\spring\springboot_war_demo\target\classes started by Administrator in D:\projects\spring\springboot_war_demo)
2019-03-07T22:24:00.673 INFO  c.h.s.DemoApplication 675 - No active profile set, falling back to default profiles: default
2019-03-07T22:24:01.121 INFO  o.s.b.w.e.t.TomcatWebServer 90 - Tomcat initialized with port(s): 8080 (http)
2019-03-07T22:24:01.123 INFO  o.a.c.h.Http11NioProtocol 173 - Initializing ProtocolHandler ["http-nio-8080"]
2019-03-07T22:24:01.124 INFO  o.a.c.c.StandardService 173 - Starting service [Tomcat]
2019-03-07T22:24:01.124 INFO  o.a.c.c.StandardEngine 173 - Starting Servlet engine: [Apache Tomcat/9.0.16]
2019-03-07T22:24:01.259 INFO  o.a.j.s.TldScanner 173 - At least one JAR was scanned for TLDs yet contained no TLDs. Enable debug logging for this logger for a complete list of JARs that were scanned but no TLDs were found in them. Skipping unneeded JARs during scanning can improve startup time and JSP compilation time.
2019-03-07T22:24:01.260 INFO  o.a.c.c.C.[.[.[/] 173 - Initializing Spring embedded WebApplicationContext
2019-03-07T22:24:01.260 INFO  o.s.w.c.ContextLoader 296 - Root WebApplicationContext: initialization completed in 584 ms
2019-03-07T22:24:01.510 INFO  o.s.s.c.ThreadPoolTaskExecutor 171 - Initializing ExecutorService 'applicationTaskExecutor'
2019-03-07T22:24:01.660 INFO  o.s.b.d.a.OptionalLiveReloadServer 57 - LiveReload server is running on port 35729
2019-03-07T22:24:01.682 INFO  o.a.c.h.Http11NioProtocol 173 - Starting ProtocolHandler ["http-nio-8080"]
2019-03-07T22:24:01.692 INFO  o.s.b.w.e.t.TomcatWebServer 204 - Tomcat started on port(s): 8080 (http) with context path ''
2019-03-07T22:24:01.693 INFO  c.h.s.DemoApplication 59 - Started DemoApplication in 1.056 seconds (JVM running for 175.157)
2019-03-07T22:24:01.697 INFO  o.s.b.d.a.ConditionEvaluationDeltaLoggingListener 70 - Condition evaluation unchanged
2019-03-07T22:26:04.202 INFO  o.s.s.c.ThreadPoolTaskExecutor 208 - Shutting down ExecutorService 'applicationTaskExecutor'
2019-03-07T22:26:04.566 INFO  c.h.s.DemoApplication 50 - Starting DemoApplication on PC-201708121922 with PID 5968 (D:\projects\spring\springboot_war_demo\target\classes started by Administrator in D:\projects\spring\springboot_war_demo)
2019-03-07T22:26:04.567 INFO  c.h.s.DemoApplication 675 - No active profile set, falling back to default profiles: default
2019-03-07T22:26:05.022 INFO  o.s.b.w.e.t.TomcatWebServer 90 - Tomcat initialized with port(s): 8080 (http)
2019-03-07T22:26:05.023 INFO  o.a.c.h.Http11NioProtocol 173 - Initializing ProtocolHandler ["http-nio-8080"]
2019-03-07T22:26:05.024 INFO  o.a.c.c.StandardService 173 - Starting service [Tomcat]
2019-03-07T22:26:05.025 INFO  o.a.c.c.StandardEngine 173 - Starting Servlet engine: [Apache Tomcat/9.0.16]
2019-03-07T22:26:05.158 INFO  o.a.j.s.TldScanner 173 - At least one JAR was scanned for TLDs yet contained no TLDs. Enable debug logging for this logger for a complete list of JARs that were scanned but no TLDs were found in them. Skipping unneeded JARs during scanning can improve startup time and JSP compilation time.
2019-03-07T22:26:05.159 INFO  o.a.c.c.C.[.[.[/] 173 - Initializing Spring embedded WebApplicationContext
2019-03-07T22:26:05.159 INFO  o.s.w.c.ContextLoader 296 - Root WebApplicationContext: initialization completed in 587 ms
2019-03-07T22:26:05.329 INFO  o.s.s.c.ThreadPoolTaskExecutor 171 - Initializing ExecutorService 'applicationTaskExecutor'
2019-03-07T22:26:05.439 INFO  o.s.b.d.a.OptionalLiveReloadServer 57 - LiveReload server is running on port 35729
2019-03-07T22:26:05.464 INFO  o.a.c.h.Http11NioProtocol 173 - Starting ProtocolHandler ["http-nio-8080"]
2019-03-07T22:26:05.473 INFO  o.s.b.w.e.t.TomcatWebServer 204 - Tomcat started on port(s): 8080 (http) with context path ''
2019-03-07T22:26:05.473 INFO  c.h.s.DemoApplication 59 - Started DemoApplication in 0.947 seconds (JVM running for 298.937)
2019-03-07T22:26:05.475 INFO  o.s.b.d.a.ConditionEvaluationDeltaLoggingListener 70 - Condition evaluation unchanged
2019-03-07T22:26:16.005 INFO  o.s.s.c.ThreadPoolTaskExecutor 208 - Shutting down ExecutorService 'applicationTaskExecutor'
2019-03-07T22:26:16.514 INFO  c.h.s.DemoApplication 50 - Starting DemoApplication on PC-201708121922 with PID 5968 (D:\projects\spring\springboot_war_demo\target\classes started by Administrator in D:\projects\spring\springboot_war_demo)
2019-03-07T22:26:16.515 INFO  c.h.s.DemoApplication 675 - No active profile set, falling back to default profiles: default
2019-03-07T22:26:17.473 INFO  o.s.b.w.e.t.TomcatWebServer 90 - Tomcat initialized with port(s): 8080 (http)
2019-03-07T22:26:17.530 INFO  o.a.c.h.Http11NioProtocol 173 - Initializing ProtocolHandler ["http-nio-8080"]
2019-03-07T22:26:17.532 INFO  o.a.c.c.StandardService 173 - Starting service [Tomcat]
2019-03-07T22:26:17.535 INFO  o.a.c.c.StandardEngine 173 - Starting Servlet engine: [Apache Tomcat/9.0.16]
2019-03-07T22:26:17.795 INFO  o.a.j.s.TldScanner 173 - At least one JAR was scanned for TLDs yet contained no TLDs. Enable debug logging for this logger for a complete list of JARs that were scanned but no TLDs were found in them. Skipping unneeded JARs during scanning can improve startup time and JSP compilation time.
2019-03-07T22:26:17.796 INFO  o.a.c.c.C.[.[.[/] 173 - Initializing Spring embedded WebApplicationContext
2019-03-07T22:26:17.796 INFO  o.s.w.c.ContextLoader 296 - Root WebApplicationContext: initialization completed in 1275 ms
2019-03-07T22:26:17.950 INFO  o.s.s.c.ThreadPoolTaskExecutor 171 - Initializing ExecutorService 'applicationTaskExecutor'
2019-03-07T22:26:18.061 INFO  o.s.b.d.a.OptionalLiveReloadServer 57 - LiveReload server is running on port 35729
2019-03-07T22:26:18.080 INFO  o.a.c.h.Http11NioProtocol 173 - Starting ProtocolHandler ["http-nio-8080"]
2019-03-07T22:26:18.088 INFO  o.s.b.w.e.t.TomcatWebServer 204 - Tomcat started on port(s): 8080 (http) with context path ''
2019-03-07T22:26:18.089 INFO  c.h.s.DemoApplication 59 - Started DemoApplication in 1.624 seconds (JVM running for 311.553)
2019-03-07T22:26:18.091 INFO  o.s.b.d.a.ConditionEvaluationDeltaLoggingListener 70 - Condition evaluation unchanged
2019-03-07T22:27:12.980 INFO  o.s.s.c.ThreadPoolTaskExecutor 208 - Shutting down ExecutorService 'applicationTaskExecutor'
2019-03-07T22:27:13.292 INFO  c.h.s.DemoApplication 50 - Starting DemoApplication on PC-201708121922 with PID 5968 (D:\projects\spring\springboot_war_demo\target\classes started by Administrator in D:\projects\spring\springboot_war_demo)
2019-03-07T22:27:13.293 INFO  c.h.s.DemoApplication 675 - No active profile set, falling back to default profiles: default
2019-03-07T22:27:13.701 INFO  o.s.b.w.e.t.TomcatWebServer 90 - Tomcat initialized with port(s): 8080 (http)
2019-03-07T22:27:13.702 INFO  o.a.c.h.Http11NioProtocol 173 - Initializing ProtocolHandler ["http-nio-8080"]
2019-03-07T22:27:13.703 INFO  o.a.c.c.StandardService 173 - Starting service [Tomcat]
2019-03-07T22:27:13.703 INFO  o.a.c.c.StandardEngine 173 - Starting Servlet engine: [Apache Tomcat/9.0.16]
2019-03-07T22:27:13.818 INFO  o.a.j.s.TldScanner 173 - At least one JAR was scanned for TLDs yet contained no TLDs. Enable debug logging for this logger for a complete list of JARs that were scanned but no TLDs were found in them. Skipping unneeded JARs during scanning can improve startup time and JSP compilation time.
2019-03-07T22:27:13.818 INFO  o.a.c.c.C.[.[.[/] 173 - Initializing Spring embedded WebApplicationContext
2019-03-07T22:27:13.819 INFO  o.s.w.c.ContextLoader 296 - Root WebApplicationContext: initialization completed in 523 ms
2019-03-07T22:27:13.977 INFO  o.s.s.c.ThreadPoolTaskExecutor 171 - Initializing ExecutorService 'applicationTaskExecutor'
2019-03-07T22:27:14.080 INFO  o.s.b.d.a.OptionalLiveReloadServer 57 - LiveReload server is running on port 35729
2019-03-07T22:27:14.101 INFO  o.a.c.h.Http11NioProtocol 173 - Starting ProtocolHandler ["http-nio-8080"]
2019-03-07T22:27:14.109 INFO  o.s.b.w.e.t.TomcatWebServer 204 - Tomcat started on port(s): 8080 (http) with context path ''
2019-03-07T22:27:14.110 INFO  c.h.s.DemoApplication 59 - Started DemoApplication in 0.854 seconds (JVM running for 367.574)
2019-03-07T22:27:14.112 INFO  o.s.b.d.a.ConditionEvaluationDeltaLoggingListener 70 - Condition evaluation unchanged
2019-03-07T22:27:26.811 INFO  o.s.s.c.ThreadPoolTaskExecutor 208 - Shutting down ExecutorService 'applicationTaskExecutor'
2019-03-07T22:27:27.081 INFO  c.h.s.DemoApplication 50 - Starting DemoApplication on PC-201708121922 with PID 5968 (D:\projects\spring\springboot_war_demo\target\classes started by Administrator in D:\projects\spring\springboot_war_demo)
2019-03-07T22:27:27.081 INFO  c.h.s.DemoApplication 675 - No active profile set, falling back to default profiles: default
2019-03-07T22:27:27.481 INFO  o.s.b.w.e.t.TomcatWebServer 90 - Tomcat initialized with port(s): 8080 (http)
2019-03-07T22:27:27.482 INFO  o.a.c.h.Http11NioProtocol 173 - Initializing ProtocolHandler ["http-nio-8080"]
2019-03-07T22:27:27.482 INFO  o.a.c.c.StandardService 173 - Starting service [Tomcat]
2019-03-07T22:27:27.483 INFO  o.a.c.c.StandardEngine 173 - Starting Servlet engine: [Apache Tomcat/9.0.16]
2019-03-07T22:27:27.601 INFO  o.a.j.s.TldScanner 173 - At least one JAR was scanned for TLDs yet contained no TLDs. Enable debug logging for this logger for a complete list of JARs that were scanned but no TLDs were found in them. Skipping unneeded JARs during scanning can improve startup time and JSP compilation time.
2019-03-07T22:27:27.602 INFO  o.a.c.c.C.[.[.[/] 173 - Initializing Spring embedded WebApplicationContext
2019-03-07T22:27:27.603 INFO  o.s.w.c.ContextLoader 296 - Root WebApplicationContext: initialization completed in 519 ms
2019-03-07T22:27:27.751 INFO  o.s.s.c.ThreadPoolTaskExecutor 171 - Initializing ExecutorService 'applicationTaskExecutor'
2019-03-07T22:27:27.863 INFO  o.s.b.d.a.OptionalLiveReloadServer 57 - LiveReload server is running on port 35729
2019-03-07T22:27:27.892 INFO  o.a.c.h.Http11NioProtocol 173 - Starting ProtocolHandler ["http-nio-8080"]
2019-03-07T22:27:27.901 INFO  o.s.b.w.e.t.TomcatWebServer 204 - Tomcat started on port(s): 8080 (http) with context path ''
2019-03-07T22:27:27.902 INFO  c.h.s.DemoApplication 59 - Started DemoApplication in 0.853 seconds (JVM running for 381.366)
2019-03-07T22:27:27.904 INFO  o.s.b.d.a.ConditionEvaluationDeltaLoggingListener 70 - Condition evaluation unchanged
2019-03-07T22:27:39.379 INFO  o.s.s.c.ThreadPoolTaskExecutor 208 - Shutting down ExecutorService 'applicationTaskExecutor'
2019-03-07T22:27:39.793 INFO  c.h.s.DemoApplication 50 - Starting DemoApplication on PC-201708121922 with PID 5968 (D:\projects\spring\springboot_war_demo\target\classes started by Administrator in D:\projects\spring\springboot_war_demo)
2019-03-07T22:27:39.794 INFO  c.h.s.DemoApplication 675 - No active profile set, falling back to default profiles: default
2019-03-07T22:27:40.253 INFO  o.s.b.w.e.t.TomcatWebServer 90 - Tomcat initialized with port(s): 8080 (http)
2019-03-07T22:27:40.254 INFO  o.a.c.h.Http11NioProtocol 173 - Initializing ProtocolHandler ["http-nio-8080"]
2019-03-07T22:27:40.254 INFO  o.a.c.c.StandardService 173 - Starting service [Tomcat]
2019-03-07T22:27:40.255 INFO  o.a.c.c.StandardEngine 173 - Starting Servlet engine: [Apache Tomcat/9.0.16]
2019-03-07T22:27:40.417 INFO  o.a.j.s.TldScanner 173 - At least one JAR was scanned for TLDs yet contained no TLDs. Enable debug logging for this logger for a complete list of JARs that were scanned but no TLDs were found in them. Skipping unneeded JARs during scanning can improve startup time and JSP compilation time.
2019-03-07T22:27:40.418 INFO  o.a.c.c.C.[.[.[/] 173 - Initializing Spring embedded WebApplicationContext
2019-03-07T22:27:40.418 INFO  o.s.w.c.ContextLoader 296 - Root WebApplicationContext: initialization completed in 619 ms
2019-03-07T22:27:40.591 INFO  o.s.s.c.ThreadPoolTaskExecutor 171 - Initializing ExecutorService 'applicationTaskExecutor'
2019-03-07T22:27:40.721 INFO  o.s.b.d.a.OptionalLiveReloadServer 57 - LiveReload server is running on port 35729
2019-03-07T22:27:40.746 INFO  o.a.c.h.Http11NioProtocol 173 - Starting ProtocolHandler ["http-nio-8080"]
2019-03-07T22:27:40.755 INFO  o.s.b.w.e.t.TomcatWebServer 204 - Tomcat started on port(s): 8080 (http) with context path ''
2019-03-07T22:27:40.756 INFO  c.h.s.DemoApplication 59 - Started DemoApplication in 1.013 seconds (JVM running for 394.219)
2019-03-07T22:27:40.758 INFO  o.s.b.d.a.ConditionEvaluationDeltaLoggingListener 70 - Condition evaluation unchanged
2019-03-07T22:28:28.530 INFO  o.s.s.c.ThreadPoolTaskExecutor 208 - Shutting down ExecutorService 'applicationTaskExecutor'
2019-03-07T22:28:28.817 INFO  c.h.s.DemoApplication 50 - Starting DemoApplication on PC-201708121922 with PID 5968 (D:\projects\spring\springboot_war_demo\target\classes started by Administrator in D:\projects\spring\springboot_war_demo)
2019-03-07T22:28:28.818 INFO  c.h.s.DemoApplication 675 - No active profile set, falling back to default profiles: default
2019-03-07T22:28:29.248 INFO  o.s.b.w.e.t.TomcatWebServer 90 - Tomcat initialized with port(s): 8080 (http)
2019-03-07T22:28:29.249 INFO  o.a.c.h.Http11NioProtocol 173 - Initializing ProtocolHandler ["http-nio-8080"]
2019-03-07T22:28:29.250 INFO  o.a.c.c.StandardService 173 - Starting service [Tomcat]
2019-03-07T22:28:29.250 INFO  o.a.c.c.StandardEngine 173 - Starting Servlet engine: [Apache Tomcat/9.0.16]
2019-03-07T22:28:29.361 INFO  o.a.j.s.TldScanner 173 - At least one JAR was scanned for TLDs yet contained no TLDs. Enable debug logging for this logger for a complete list of JARs that were scanned but no TLDs were found in them. Skipping unneeded JARs during scanning can improve startup time and JSP compilation time.
2019-03-07T22:28:29.362 INFO  o.a.c.c.C.[.[.[/] 173 - Initializing Spring embedded WebApplicationContext
2019-03-07T22:28:29.362 INFO  o.s.w.c.ContextLoader 296 - Root WebApplicationContext: initialization completed in 541 ms
2019-03-07T22:28:29.517 INFO  o.s.s.c.ThreadPoolTaskExecutor 171 - Initializing ExecutorService 'applicationTaskExecutor'
2019-03-07T22:28:29.623 INFO  o.s.b.d.a.OptionalLiveReloadServer 57 - LiveReload server is running on port 35729
2019-03-07T22:28:29.644 INFO  o.a.c.h.Http11NioProtocol 173 - Starting ProtocolHandler ["http-nio-8080"]
2019-03-07T22:28:29.654 INFO  o.s.b.w.e.t.TomcatWebServer 204 - Tomcat started on port(s): 8080 (http) with context path ''
2019-03-07T22:28:29.655 INFO  c.h.s.DemoApplication 59 - Started DemoApplication in 0.872 seconds (JVM running for 443.119)
2019-03-07T22:28:29.657 INFO  o.s.b.d.a.ConditionEvaluationDeltaLoggingListener 70 - Condition evaluation unchanged
2019-03-07T22:28:55.347 INFO  o.s.s.c.ThreadPoolTaskExecutor 208 - Shutting down ExecutorService 'applicationTaskExecutor'
2019-03-07T22:28:55.704 INFO  c.h.s.DemoApplication 50 - Starting DemoApplication on PC-201708121922 with PID 5968 (D:\projects\spring\springboot_war_demo\target\classes started by Administrator in D:\projects\spring\springboot_war_demo)
2019-03-07T22:28:55.705 INFO  c.h.s.DemoApplication 675 - No active profile set, falling back to default profiles: default
2019-03-07T22:28:56.135 INFO  o.s.b.w.e.t.TomcatWebServer 90 - Tomcat initialized with port(s): 8080 (http)
2019-03-07T22:28:56.136 INFO  o.a.c.h.Http11NioProtocol 173 - Initializing ProtocolHandler ["http-nio-8080"]
2019-03-07T22:28:56.136 INFO  o.a.c.c.StandardService 173 - Starting service [Tomcat]
2019-03-07T22:28:56.136 INFO  o.a.c.c.StandardEngine 173 - Starting Servlet engine: [Apache Tomcat/9.0.16]
2019-03-07T22:28:56.282 INFO  o.a.j.s.TldScanner 173 - At least one JAR was scanned for TLDs yet contained no TLDs. Enable debug logging for this logger for a complete list of JARs that were scanned but no TLDs were found in them. Skipping unneeded JARs during scanning can improve startup time and JSP compilation time.
2019-03-07T22:28:56.282 INFO  o.a.c.c.C.[.[.[/] 173 - Initializing Spring embedded WebApplicationContext
2019-03-07T22:28:56.283 INFO  o.s.w.c.ContextLoader 296 - Root WebApplicationContext: initialization completed in 575 ms
2019-03-07T22:28:56.430 INFO  o.s.s.c.ThreadPoolTaskExecutor 171 - Initializing ExecutorService 'applicationTaskExecutor'
2019-03-07T22:28:56.530 INFO  o.s.b.d.a.OptionalLiveReloadServer 57 - LiveReload server is running on port 35729
2019-03-07T22:28:56.550 INFO  o.a.c.h.Http11NioProtocol 173 - Starting ProtocolHandler ["http-nio-8080"]
2019-03-07T22:28:56.559 INFO  o.s.b.w.e.t.TomcatWebServer 204 - Tomcat started on port(s): 8080 (http) with context path ''
2019-03-07T22:28:56.559 INFO  c.h.s.DemoApplication 59 - Started DemoApplication in 0.887 seconds (JVM running for 470.023)
2019-03-07T22:28:56.561 INFO  o.s.b.d.a.ConditionEvaluationDeltaLoggingListener 70 - Condition evaluation unchanged
2019-03-07T22:29:24.561 INFO  o.s.s.c.ThreadPoolTaskExecutor 208 - Shutting down ExecutorService 'applicationTaskExecutor'
2019-03-07T22:29:24.902 INFO  c.h.s.DemoApplication 50 - Starting DemoApplication on PC-201708121922 with PID 5968 (D:\projects\spring\springboot_war_demo\target\classes started by Administrator in D:\projects\spring\springboot_war_demo)
2019-03-07T22:29:24.903 INFO  c.h.s.DemoApplication 675 - No active profile set, falling back to default profiles: default
2019-03-07T22:29:25.685 INFO  o.s.b.w.e.t.TomcatWebServer 90 - Tomcat initialized with port(s): 8080 (http)
2019-03-07T22:29:25.687 INFO  o.a.c.h.Http11NioProtocol 173 - Initializing ProtocolHandler ["http-nio-8080"]
2019-03-07T22:29:25.703 INFO  o.a.c.c.StandardService 173 - Starting service [Tomcat]
2019-03-07T22:29:25.704 INFO  o.a.c.c.StandardEngine 173 - Starting Servlet engine: [Apache Tomcat/9.0.16]
2019-03-07T22:29:26.070 INFO  o.a.j.s.TldScanner 173 - At least one JAR was scanned for TLDs yet contained no TLDs. Enable debug logging for this logger for a complete list of JARs that were scanned but no TLDs were found in them. Skipping unneeded JARs during scanning can improve startup time and JSP compilation time.
2019-03-07T22:29:26.074 INFO  o.a.c.c.C.[.[.[/] 173 - Initializing Spring embedded WebApplicationContext
2019-03-07T22:29:26.075 INFO  o.s.w.c.ContextLoader 296 - Root WebApplicationContext: initialization completed in 1168 ms
2019-03-07T22:29:26.515 INFO  o.s.s.c.ThreadPoolTaskExecutor 171 - Initializing ExecutorService 'applicationTaskExecutor'
2019-03-07T22:29:26.719 INFO  o.s.b.d.a.OptionalLiveReloadServer 57 - LiveReload server is running on port 35729
2019-03-07T22:29:26.756 INFO  o.a.c.h.Http11NioProtocol 173 - Starting ProtocolHandler ["http-nio-8080"]
2019-03-07T22:29:26.770 INFO  o.s.b.w.e.t.TomcatWebServer 204 - Tomcat started on port(s): 8080 (http) with context path ''
2019-03-07T22:29:26.771 INFO  c.h.s.DemoApplication 59 - Started DemoApplication in 1.916 seconds (JVM running for 500.234)
2019-03-07T22:29:26.775 INFO  o.s.b.d.a.ConditionEvaluationDeltaLoggingListener 70 - Condition evaluation unchanged
2019-03-07T22:29:28.236 INFO  o.s.s.c.ThreadPoolTaskExecutor 208 - Shutting down ExecutorService 'applicationTaskExecutor'
2019-03-07T22:29:36.499 INFO  c.h.s.DemoApplication 50 - Starting DemoApplication on PC-201708121922 with PID 5968 (D:\projects\spring\springboot_war_demo\target\classes started by Administrator in D:\projects\spring\springboot_war_demo)
2019-03-07T22:29:36.500 INFO  c.h.s.DemoApplication 675 - No active profile set, falling back to default profiles: default
2019-03-07T22:29:37.684 INFO  o.s.b.w.e.t.TomcatWebServer 90 - Tomcat initialized with port(s): 8080 (http)
2019-03-07T22:29:37.686 INFO  o.a.c.c.StandardService 173 - Starting service [Tomcat]
2019-03-07T22:29:37.687 INFO  o.a.c.c.StandardEngine 173 - Starting Servlet engine: [Apache Tomcat/9.0.16]
2019-03-07T22:29:37.875 INFO  o.a.j.s.TldScanner 173 - At least one JAR was scanned for TLDs yet contained no TLDs. Enable debug logging for this logger for a complete list of JARs that were scanned but no TLDs were found in them. Skipping unneeded JARs during scanning can improve startup time and JSP compilation time.
2019-03-07T22:29:37.875 INFO  o.a.c.c.C.[.[.[/] 173 - Initializing Spring embedded WebApplicationContext
2019-03-07T22:29:37.876 INFO  o.s.w.c.ContextLoader 296 - Root WebApplicationContext: initialization completed in 1370 ms
2019-03-07T22:29:37.980 INFO  o.s.s.c.ThreadPoolTaskExecutor 171 - Initializing ExecutorService 'applicationTaskExecutor'
2019-03-07T22:29:38.077 WARN  o.s.b.w.s.c.AnnotationConfigServletWebServerApplicationContext 557 - Exception encountered during context initialization - cancelling refresh attempt: org.springframework.beans.factory.BeanCreationException: Error creating bean with name 'dataSource' defined in class path resource [org/springframework/boot/autoconfigure/jdbc/DataSourceConfiguration$Hikari.class]: Bean instantiation via factory method failed; nested exception is org.springframework.beans.BeanInstantiationException: Failed to instantiate [com.zaxxer.hikari.HikariDataSource]: Factory method 'dataSource' threw exception; nested exception is org.springframework.boot.autoconfigure.jdbc.DataSourceProperties$DataSourceBeanCreationException: Failed to determine a suitable driver class
2019-03-07T22:29:38.079 INFO  o.s.s.c.ThreadPoolTaskExecutor 208 - Shutting down ExecutorService 'applicationTaskExecutor'
2019-03-07T22:29:38.080 INFO  o.a.c.c.StandardService 173 - Stopping service [Tomcat]
2019-03-07T22:29:38.091 INFO  o.s.b.a.l.ConditionEvaluationReportLoggingListener 142 - 

Error starting ApplicationContext. To display the conditions report re-run your application with 'debug' enabled.
2019-03-07T22:29:38.092 ERROR o.s.b.d.LoggingFailureAnalysisReporter 42 - 

***************************
APPLICATION FAILED TO START
***************************

Description:

Failed to configure a DataSource: 'url' attribute is not specified and no embedded datasource could be configured.

Reason: Failed to determine a suitable driver class


Action:

Consider the following:
	If you want an embedded database (H2, HSQL or Derby), please put it on the classpath.
	If you have database settings to be loaded from a particular profile you may need to activate it (no profiles are currently active).

2019-03-07T22:30:10.828 INFO  c.h.s.DemoApplication 50 - Starting DemoApplication on PC-201708121922 with PID 5968 (D:\projects\spring\springboot_war_demo\target\classes started by Administrator in D:\projects\spring\springboot_war_demo)
2019-03-07T22:30:10.829 INFO  c.h.s.DemoApplication 675 - No active profile set, falling back to default profiles: default
2019-03-07T22:30:11.171 INFO  o.s.b.w.e.t.TomcatWebServer 90 - Tomcat initialized with port(s): 8080 (http)
2019-03-07T22:30:11.172 INFO  o.a.c.c.StandardService 173 - Starting service [Tomcat]
2019-03-07T22:30:11.173 INFO  o.a.c.c.StandardEngine 173 - Starting Servlet engine: [Apache Tomcat/9.0.16]
2019-03-07T22:30:11.284 INFO  o.a.j.s.TldScanner 173 - At least one JAR was scanned for TLDs yet contained no TLDs. Enable debug logging for this logger for a complete list of JARs that were scanned but no TLDs were found in them. Skipping unneeded JARs during scanning can improve startup time and JSP compilation time.
2019-03-07T22:30:11.285 INFO  o.a.c.c.C.[.[.[/] 173 - Initializing Spring embedded WebApplicationContext
2019-03-07T22:30:11.285 INFO  o.s.w.c.ContextLoader 296 - Root WebApplicationContext: initialization completed in 453 ms
2019-03-07T22:30:11.374 INFO  o.s.s.c.ThreadPoolTaskExecutor 171 - Initializing ExecutorService 'applicationTaskExecutor'
2019-03-07T22:30:11.432 WARN  o.s.b.w.s.c.AnnotationConfigServletWebServerApplicationContext 557 - Exception encountered during context initialization - cancelling refresh attempt: org.springframework.beans.factory.BeanCreationException: Error creating bean with name 'dataSource' defined in class path resource [org/springframework/boot/autoconfigure/jdbc/DataSourceConfiguration$Hikari.class]: Bean instantiation via factory method failed; nested exception is org.springframework.beans.BeanInstantiationException: Failed to instantiate [com.zaxxer.hikari.HikariDataSource]: Factory method 'dataSource' threw exception; nested exception is org.springframework.boot.autoconfigure.jdbc.DataSourceProperties$DataSourceBeanCreationException: Failed to determine a suitable driver class
2019-03-07T22:30:11.432 INFO  o.s.s.c.ThreadPoolTaskExecutor 208 - Shutting down ExecutorService 'applicationTaskExecutor'
2019-03-07T22:30:11.432 INFO  o.a.c.c.StandardService 173 - Stopping service [Tomcat]
2019-03-07T22:30:11.438 INFO  o.s.b.a.l.ConditionEvaluationReportLoggingListener 142 - 

Error starting ApplicationContext. To display the conditions report re-run your application with 'debug' enabled.
2019-03-07T22:30:11.439 ERROR o.s.b.d.LoggingFailureAnalysisReporter 42 - 

***************************
APPLICATION FAILED TO START
***************************

Description:

Failed to configure a DataSource: 'url' attribute is not specified and no embedded datasource could be configured.

Reason: Failed to determine a suitable driver class


Action:

Consider the following:
	If you want an embedded database (H2, HSQL or Derby), please put it on the classpath.
	If you have database settings to be loaded from a particular profile you may need to activate it (no profiles are currently active).

2019-03-07T22:41:15.866 INFO  c.h.s.DemoApplication 50 - Starting DemoApplication on PC-201708121922 with PID 8132 (D:\projects\spring\springboot_war_demo\target\classes started by Administrator in D:\projects\spring\springboot_war_demo)
2019-03-07T22:41:15.872 INFO  c.h.s.DemoApplication 675 - No active profile set, falling back to default profiles: default
2019-03-07T22:41:15.994 INFO  o.s.b.d.e.DevToolsPropertyDefaultsPostProcessor 227 - Devtools property defaults active! Set 'spring.devtools.add-properties' to 'false' to disable
2019-03-07T22:41:15.995 INFO  o.s.b.d.e.DevToolsPropertyDefaultsPostProcessor 227 - For additional web related logging consider setting the 'logging.level.web' property to 'DEBUG'
2019-03-07T22:41:18.749 INFO  o.s.b.w.e.t.TomcatWebServer 90 - Tomcat initialized with port(s): 8080 (http)
2019-03-07T22:41:18.765 INFO  o.a.c.h.Http11NioProtocol 173 - Initializing ProtocolHandler ["http-nio-8080"]
2019-03-07T22:41:18.777 INFO  o.a.c.c.StandardService 173 - Starting service [Tomcat]
2019-03-07T22:41:18.778 INFO  o.a.c.c.StandardEngine 173 - Starting Servlet engine: [Apache Tomcat/9.0.16]
2019-03-07T22:41:18.786 INFO  o.a.c.c.AprLifecycleListener 173 - The APR based Apache Tomcat Native library which allows optimal performance in production environments was not found on the java.library.path: [F:\jdk8\jdk\bin;C:\Windows\Sun\Java\bin;C:\Windows\system32;C:\Windows;C:\ProgramData\Oracle\Java\javapath;C:\Windows\system32;C:\Windows;C:\Windows\System32\Wbem;C:\Windows\System32\WindowsPowerShell\v1.0\;F:\jdk8\jdk\bin;F:\jdk8\jdk\jre\bin;F:\apache-maven-3.5.0\bin;C:\Program Files\TortoiseSVN\bin;F:\Git\cmd;F:\scala-2\bin;F:\scala-2\jre\bin;F:\sbt1.0.3\bin;F:\sbt1.0.3\bin;;.]
2019-03-07T22:41:19.036 INFO  o.a.j.s.TldScanner 173 - At least one JAR was scanned for TLDs yet contained no TLDs. Enable debug logging for this logger for a complete list of JARs that were scanned but no TLDs were found in them. Skipping unneeded JARs during scanning can improve startup time and JSP compilation time.
2019-03-07T22:41:19.040 INFO  o.a.c.c.C.[.[.[/] 173 - Initializing Spring embedded WebApplicationContext
2019-03-07T22:41:19.040 INFO  o.s.w.c.ContextLoader 296 - Root WebApplicationContext: initialization completed in 3044 ms
2019-03-07T22:41:19.448 INFO  o.s.s.c.ThreadPoolTaskExecutor 171 - Initializing ExecutorService 'applicationTaskExecutor'
2019-03-07T22:41:19.914 INFO  o.s.b.d.a.OptionalLiveReloadServer 57 - LiveReload server is running on port 35729
2019-03-07T22:41:19.955 INFO  o.a.c.h.Http11NioProtocol 173 - Starting ProtocolHandler ["http-nio-8080"]
2019-03-07T22:41:19.993 INFO  o.s.b.w.e.t.TomcatWebServer 204 - Tomcat started on port(s): 8080 (http) with context path ''
2019-03-07T22:41:19.997 INFO  c.h.s.DemoApplication 59 - Started DemoApplication in 5.336 seconds (JVM running for 6.51)
2019-03-07T22:41:52.651 INFO  o.a.c.c.C.[.[.[/] 173 - Initializing Spring DispatcherServlet 'dispatcherServlet'
2019-03-07T22:41:52.652 INFO  o.s.w.s.DispatcherServlet 524 - Initializing Servlet 'dispatcherServlet'
2019-03-07T22:41:52.661 INFO  o.s.w.s.DispatcherServlet 546 - Completed initialization in 9 ms
2019-03-07T22:41:52.681 INFO  c.h.s.i.LoginInterceptor 24 - ---------------------开始进入请求地址拦截----------------------------
2019-03-07T22:41:52.693 INFO  c.z.h.HikariDataSource 110 - HikariPool-1 - Starting...
2019-03-07T22:41:52.831 INFO  c.z.h.HikariDataSource 123 - HikariPool-1 - Start completed.
2019-03-07T22:41:52.892 WARN  o.s.w.s.m.m.a.ExceptionHandlerExceptionResolver 197 - Resolved [java.lang.RuntimeException: save 抛异常了]
2019-03-07T22:41:52.938 INFO  c.h.s.i.LoginInterceptor 35 - ---------------视图渲染之后的操作-------------------------
2019-03-07T22:41:52.954 INFO  c.h.s.i.LoginInterceptor 24 - ---------------------开始进入请求地址拦截----------------------------
2019-03-07T22:41:52.975 INFO  c.h.s.i.LoginInterceptor 30 - --------------处理请求完成后视图渲染之前的处理操作---------------
2019-03-07T22:41:52.982 INFO  c.h.s.i.LoginInterceptor 35 - ---------------视图渲染之后的操作-------------------------
2019-03-07T22:42:26.914 INFO  o.s.s.c.ThreadPoolTaskExecutor 208 - Shutting down ExecutorService 'applicationTaskExecutor'
2019-03-07T22:42:26.915 INFO  c.z.h.HikariDataSource 350 - HikariPool-1 - Shutdown initiated...
2019-03-07T22:42:26.935 INFO  c.z.h.HikariDataSource 352 - HikariPool-1 - Shutdown completed.
2019-03-07T22:42:27.944 INFO  c.h.s.DemoApplication 50 - Starting DemoApplication on PC-201708121922 with PID 8132 (D:\projects\spring\springboot_war_demo\target\classes started by Administrator in D:\projects\spring\springboot_war_demo)
2019-03-07T22:42:27.944 INFO  c.h.s.DemoApplication 675 - No active profile set, falling back to default profiles: default
2019-03-07T22:42:28.572 INFO  o.s.b.w.e.t.TomcatWebServer 90 - Tomcat initialized with port(s): 8080 (http)
2019-03-07T22:42:28.573 INFO  o.a.c.h.Http11NioProtocol 173 - Initializing ProtocolHandler ["http-nio-8080"]
2019-03-07T22:42:28.573 INFO  o.a.c.c.StandardService 173 - Starting service [Tomcat]
2019-03-07T22:42:28.574 INFO  o.a.c.c.StandardEngine 173 - Starting Servlet engine: [Apache Tomcat/9.0.16]
2019-03-07T22:42:28.688 INFO  o.a.j.s.TldScanner 173 - At least one JAR was scanned for TLDs yet contained no TLDs. Enable debug logging for this logger for a complete list of JARs that were scanned but no TLDs were found in them. Skipping unneeded JARs during scanning can improve startup time and JSP compilation time.
2019-03-07T22:42:28.689 INFO  o.a.c.c.C.[.[.[/] 173 - Initializing Spring embedded WebApplicationContext
2019-03-07T22:42:28.689 INFO  o.s.w.c.ContextLoader 296 - Root WebApplicationContext: initialization completed in 741 ms
2019-03-07T22:42:28.859 INFO  o.s.s.c.ThreadPoolTaskExecutor 171 - Initializing ExecutorService 'applicationTaskExecutor'
2019-03-07T22:42:29.108 INFO  o.s.b.d.a.OptionalLiveReloadServer 57 - LiveReload server is running on port 35729
2019-03-07T22:42:29.151 INFO  o.a.c.h.Http11NioProtocol 173 - Starting ProtocolHandler ["http-nio-8080"]
2019-03-07T22:42:29.163 INFO  o.s.b.w.e.t.TomcatWebServer 204 - Tomcat started on port(s): 8080 (http) with context path ''
2019-03-07T22:42:29.164 INFO  c.h.s.DemoApplication 59 - Started DemoApplication in 1.263 seconds (JVM running for 75.678)
2019-03-07T22:42:29.169 INFO  o.s.b.d.a.ConditionEvaluationDeltaLoggingListener 70 - Condition evaluation unchanged
2019-03-07T22:42:36.599 INFO  o.s.s.c.ThreadPoolTaskExecutor 208 - Shutting down ExecutorService 'applicationTaskExecutor'
2019-03-07T22:42:45.395 INFO  c.h.s.DemoApplication 50 - Starting DemoApplication on PC-201708121922 with PID 6600 (D:\projects\spring\springboot_war_demo\target\classes started by Administrator in D:\projects\spring\springboot_war_demo)
2019-03-07T22:42:45.419 INFO  c.h.s.DemoApplication 675 - No active profile set, falling back to default profiles: default
2019-03-07T22:42:45.621 INFO  o.s.b.d.e.DevToolsPropertyDefaultsPostProcessor 227 - Devtools property defaults active! Set 'spring.devtools.add-properties' to 'false' to disable
2019-03-07T22:42:45.622 INFO  o.s.b.d.e.DevToolsPropertyDefaultsPostProcessor 227 - For additional web related logging consider setting the 'logging.level.web' property to 'DEBUG'
2019-03-07T22:42:48.034 INFO  o.s.b.w.e.t.TomcatWebServer 90 - Tomcat initialized with port(s): 8080 (http)
2019-03-07T22:42:48.054 INFO  o.a.c.h.Http11NioProtocol 173 - Initializing ProtocolHandler ["http-nio-8080"]
2019-03-07T22:42:48.067 INFO  o.a.c.c.StandardService 173 - Starting service [Tomcat]
2019-03-07T22:42:48.068 INFO  o.a.c.c.StandardEngine 173 - Starting Servlet engine: [Apache Tomcat/9.0.16]
2019-03-07T22:42:48.077 INFO  o.a.c.c.AprLifecycleListener 173 - The APR based Apache Tomcat Native library which allows optimal performance in production environments was not found on the java.library.path: [F:\jdk8\jdk\bin;C:\Windows\Sun\Java\bin;C:\Windows\system32;C:\Windows;C:\ProgramData\Oracle\Java\javapath;C:\Windows\system32;C:\Windows;C:\Windows\System32\Wbem;C:\Windows\System32\WindowsPowerShell\v1.0\;F:\jdk8\jdk\bin;F:\jdk8\jdk\jre\bin;F:\apache-maven-3.5.0\bin;C:\Program Files\TortoiseSVN\bin;F:\Git\cmd;F:\scala-2\bin;F:\scala-2\jre\bin;F:\sbt1.0.3\bin;F:\sbt1.0.3\bin;;.]
2019-03-07T22:42:48.361 INFO  o.a.j.s.TldScanner 173 - At least one JAR was scanned for TLDs yet contained no TLDs. Enable debug logging for this logger for a complete list of JARs that were scanned but no TLDs were found in them. Skipping unneeded JARs during scanning can improve startup time and JSP compilation time.
2019-03-07T22:42:48.366 INFO  o.a.c.c.C.[.[.[/] 173 - Initializing Spring embedded WebApplicationContext
2019-03-07T22:42:48.367 INFO  o.s.w.c.ContextLoader 296 - Root WebApplicationContext: initialization completed in 2744 ms
2019-03-07T22:42:48.811 INFO  o.s.s.c.ThreadPoolTaskExecutor 171 - Initializing ExecutorService 'applicationTaskExecutor'
2019-03-07T22:42:49.365 INFO  o.s.b.d.a.OptionalLiveReloadServer 57 - LiveReload server is running on port 35729
2019-03-07T22:42:49.420 INFO  o.a.c.h.Http11NioProtocol 173 - Starting ProtocolHandler ["http-nio-8080"]
2019-03-07T22:42:49.472 INFO  o.s.b.w.e.t.TomcatWebServer 204 - Tomcat started on port(s): 8080 (http) with context path ''
2019-03-07T22:42:49.477 INFO  c.h.s.DemoApplication 59 - Started DemoApplication in 5.273 seconds (JVM running for 6.433)
2019-03-07T22:42:57.855 INFO  o.a.c.c.C.[.[.[/] 173 - Initializing Spring DispatcherServlet 'dispatcherServlet'
2019-03-07T22:42:57.855 INFO  o.s.w.s.DispatcherServlet 524 - Initializing Servlet 'dispatcherServlet'
2019-03-07T22:42:57.867 INFO  o.s.w.s.DispatcherServlet 546 - Completed initialization in 11 ms
2019-03-07T22:42:57.887 INFO  c.h.s.i.LoginInterceptor 24 - ---------------------开始进入请求地址拦截----------------------------
2019-03-07T22:42:57.903 INFO  c.z.h.HikariDataSource 110 - HikariPool-1 - Starting...
2019-03-07T22:42:58.044 INFO  c.z.h.HikariDataSource 123 - HikariPool-1 - Start completed.
2019-03-07T22:42:58.249 WARN  o.s.w.s.m.m.a.ExceptionHandlerExceptionResolver 197 - Resolved [java.lang.RuntimeException: save 抛异常了]
2019-03-07T22:42:58.294 INFO  c.h.s.i.LoginInterceptor 35 - ---------------视图渲染之后的操作-------------------------
2019-03-07T22:42:58.306 INFO  c.h.s.i.LoginInterceptor 24 - ---------------------开始进入请求地址拦截----------------------------
2019-03-07T22:42:58.321 INFO  c.h.s.i.LoginInterceptor 30 - --------------处理请求完成后视图渲染之前的处理操作---------------
2019-03-07T22:42:58.326 INFO  c.h.s.i.LoginInterceptor 35 - ---------------视图渲染之后的操作-------------------------
2019-03-07T22:53:16.097 INFO  c.h.s.DemoApplication 50 - Starting DemoApplication on PC-201708121922 with PID 4648 (D:\projects\spring\springboot_war_demo\target\classes started by Administrator in D:\projects\spring\springboot_war_demo)
2019-03-07T22:53:16.104 INFO  c.h.s.DemoApplication 675 - No active profile set, falling back to default profiles: default
2019-03-07T22:53:16.426 INFO  o.s.b.d.e.DevToolsPropertyDefaultsPostProcessor 227 - Devtools property defaults active! Set 'spring.devtools.add-properties' to 'false' to disable
2019-03-07T22:53:16.427 INFO  o.s.b.d.e.DevToolsPropertyDefaultsPostProcessor 227 - For additional web related logging consider setting the 'logging.level.web' property to 'DEBUG'
2019-03-07T22:53:19.000 INFO  o.s.b.w.e.t.TomcatWebServer 90 - Tomcat initialized with port(s): 8080 (http)
2019-03-07T22:53:19.018 INFO  o.a.c.h.Http11NioProtocol 173 - Initializing ProtocolHandler ["http-nio-8080"]
2019-03-07T22:53:19.032 INFO  o.a.c.c.StandardService 173 - Starting service [Tomcat]
2019-03-07T22:53:19.033 INFO  o.a.c.c.StandardEngine 173 - Starting Servlet engine: [Apache Tomcat/9.0.16]
2019-03-07T22:53:19.041 INFO  o.a.c.c.AprLifecycleListener 173 - The APR based Apache Tomcat Native library which allows optimal performance in production environments was not found on the java.library.path: [F:\jdk8\jdk\bin;C:\Windows\Sun\Java\bin;C:\Windows\system32;C:\Windows;C:\ProgramData\Oracle\Java\javapath;C:\Windows\system32;C:\Windows;C:\Windows\System32\Wbem;C:\Windows\System32\WindowsPowerShell\v1.0\;F:\jdk8\jdk\bin;F:\jdk8\jdk\jre\bin;F:\apache-maven-3.5.0\bin;C:\Program Files\TortoiseSVN\bin;F:\Git\cmd;F:\scala-2\bin;F:\scala-2\jre\bin;F:\sbt1.0.3\bin;F:\sbt1.0.3\bin;;.]
2019-03-07T22:53:19.280 INFO  o.a.j.s.TldScanner 173 - At least one JAR was scanned for TLDs yet contained no TLDs. Enable debug logging for this logger for a complete list of JARs that were scanned but no TLDs were found in them. Skipping unneeded JARs during scanning can improve startup time and JSP compilation time.
2019-03-07T22:53:19.284 INFO  o.a.c.c.C.[.[.[/] 173 - Initializing Spring embedded WebApplicationContext
2019-03-07T22:53:19.285 INFO  o.s.w.c.ContextLoader 296 - Root WebApplicationContext: initialization completed in 2858 ms
2019-03-07T22:53:19.730 INFO  o.s.s.c.ThreadPoolTaskExecutor 171 - Initializing ExecutorService 'applicationTaskExecutor'
2019-03-07T22:53:20.136 INFO  o.s.s.c.ThreadPoolTaskScheduler 171 - Initializing ExecutorService 'taskScheduler'
2019-03-07T22:53:20.191 INFO  o.s.b.d.a.OptionalLiveReloadServer 57 - LiveReload server is running on port 35729
2019-03-07T22:53:20.236 INFO  o.a.c.h.Http11NioProtocol 173 - Starting ProtocolHandler ["http-nio-8080"]
2019-03-07T22:53:20.244 INFO  c.h.s.i.LoginInterceptor 25 - =====>>>>>浣跨敤fixedRate1551970400244
2019-03-07T22:53:20.275 INFO  o.s.b.w.e.t.TomcatWebServer 204 - Tomcat started on port(s): 8080 (http) with context path ''
2019-03-07T22:53:20.278 INFO  c.h.s.DemoApplication 59 - Started DemoApplication in 4.919 seconds (JVM running for 6.073)
2019-03-07T22:53:25.003 INFO  c.h.s.i.LoginInterceptor 19 - =====>>>>>浣跨敤cron  1551970405003
2019-03-07T22:53:25.235 INFO  c.h.s.i.LoginInterceptor 25 - =====>>>>>浣跨敤fixedRate1551970405235
2019-03-07T22:53:25.244 INFO  c.h.s.i.LoginInterceptor 32 - =====>>>>>fixedDelay1551970405244
2019-03-07T22:57:41.790 INFO  c.h.s.DemoApplication 50 - Starting DemoApplication on PC-201708121922 with PID 7172 (D:\projects\spring\springboot_war_demo\target\classes started by Administrator in D:\projects\spring\springboot_war_demo)
2019-03-07T22:57:41.801 INFO  c.h.s.DemoApplication 675 - No active profile set, falling back to default profiles: default
2019-03-07T22:57:41.922 INFO  o.s.b.d.e.DevToolsPropertyDefaultsPostProcessor 227 - Devtools property defaults active! Set 'spring.devtools.add-properties' to 'false' to disable
2019-03-07T22:57:41.922 INFO  o.s.b.d.e.DevToolsPropertyDefaultsPostProcessor 227 - For additional web related logging consider setting the 'logging.level.web' property to 'DEBUG'
2019-03-07T22:57:43.863 INFO  o.s.b.w.e.t.TomcatWebServer 90 - Tomcat initialized with port(s): 8080 (http)
2019-03-07T22:57:43.880 INFO  o.a.c.h.Http11NioProtocol 173 - Initializing ProtocolHandler ["http-nio-8080"]
2019-03-07T22:57:43.891 INFO  o.a.c.c.StandardService 173 - Starting service [Tomcat]
2019-03-07T22:57:43.892 INFO  o.a.c.c.StandardEngine 173 - Starting Servlet engine: [Apache Tomcat/9.0.16]
2019-03-07T22:57:43.899 INFO  o.a.c.c.AprLifecycleListener 173 - The APR based Apache Tomcat Native library which allows optimal performance in production environments was not found on the java.library.path: [F:\jdk8\jdk\bin;C:\Windows\Sun\Java\bin;C:\Windows\system32;C:\Windows;C:\ProgramData\Oracle\Java\javapath;C:\Windows\system32;C:\Windows;C:\Windows\System32\Wbem;C:\Windows\System32\WindowsPowerShell\v1.0\;F:\jdk8\jdk\bin;F:\jdk8\jdk\jre\bin;F:\apache-maven-3.5.0\bin;C:\Program Files\TortoiseSVN\bin;F:\Git\cmd;F:\scala-2\bin;F:\scala-2\jre\bin;F:\sbt1.0.3\bin;F:\sbt1.0.3\bin;;.]
2019-03-07T22:57:44.141 INFO  o.a.j.s.TldScanner 173 - At least one JAR was scanned for TLDs yet contained no TLDs. Enable debug logging for this logger for a complete list of JARs that were scanned but no TLDs were found in them. Skipping unneeded JARs during scanning can improve startup time and JSP compilation time.
2019-03-07T22:57:44.145 INFO  o.a.c.c.C.[.[.[/] 173 - Initializing Spring embedded WebApplicationContext
2019-03-07T22:57:44.146 INFO  o.s.w.c.ContextLoader 296 - Root WebApplicationContext: initialization completed in 2223 ms
2019-03-07T22:57:44.556 INFO  o.s.s.c.ThreadPoolTaskExecutor 171 - Initializing ExecutorService 'applicationTaskExecutor'
2019-03-07T22:57:44.960 INFO  o.s.s.c.ThreadPoolTaskScheduler 171 - Initializing ExecutorService 'taskScheduler'
2019-03-07T22:57:45.017 INFO  o.s.b.d.a.OptionalLiveReloadServer 57 - LiveReload server is running on port 35729
2019-03-07T22:57:45.061 INFO  o.a.c.h.Http11NioProtocol 173 - Starting ProtocolHandler ["http-nio-8080"]
2019-03-07T22:57:45.068 INFO  c.h.s.i.LoginInterceptor 25 - =====>>>>>使用fixedRate1551970665068
2019-03-07T22:57:45.099 INFO  o.s.b.w.e.t.TomcatWebServer 204 - Tomcat started on port(s): 8080 (http) with context path ''
2019-03-07T22:57:45.103 INFO  c.h.s.DemoApplication 59 - Started DemoApplication in 4.197 seconds (JVM running for 6.363)
2019-03-07T22:57:50.002 INFO  c.h.s.i.LoginInterceptor 19 - =====>>>>>使用cron  1551970670002
2019-03-07T22:57:50.059 INFO  c.h.s.i.LoginInterceptor 25 - =====>>>>>使用fixedRate1551970670059
2019-03-07T22:57:50.068 INFO  c.h.s.i.LoginInterceptor 32 - =====>>>>>fixedDelay1551970670068
2019-03-07T22:57:55.001 INFO  c.h.s.i.LoginInterceptor 19 - =====>>>>>使用cron  1551970675001
2019-03-07T22:57:55.059 INFO  c.h.s.i.LoginInterceptor 25 - =====>>>>>使用fixedRate1551970675059
2019-03-07T22:57:55.065 INFO  c.h.s.i.LoginInterceptor 32 - =====>>>>>fixedDelay1551970675065
2019-03-07T22:58:00.002 INFO  c.h.s.i.LoginInterceptor 19 - =====>>>>>使用cron  1551970680002
2019-03-07T22:58:00.059 INFO  c.h.s.i.LoginInterceptor 25 - =====>>>>>使用fixedRate1551970680059
2019-03-07T22:58:00.066 INFO  c.h.s.i.LoginInterceptor 32 - =====>>>>>fixedDelay1551970680066
2019-03-07T22:58:05.001 INFO  c.h.s.i.LoginInterceptor 19 - =====>>>>>使用cron  1551970685001
2019-03-07T22:58:05.060 INFO  c.h.s.i.LoginInterceptor 25 - =====>>>>>使用fixedRate1551970685060
2019-03-07T22:58:05.066 INFO  c.h.s.i.LoginInterceptor 32 - =====>>>>>fixedDelay1551970685066
