2019-03-06T23:38:44.846 INFO  c.h.s.DemoApplication 50 - Starting DemoApplication on PC-201708121922 with PID 5804 (D:\projects\spring\springboot_war_demo\target\classes started by Administrator in D:\projects\spring\springboot_war_demo)
2019-03-06T23:38:44.855 INFO  c.h.s.DemoApplication 679 - The following profiles are active: prod
2019-03-06T23:38:45.036 INFO  o.s.b.d.e.DevToolsPropertyDefaultsPostProcessor 227 - Devtools property defaults active! Set 'spring.devtools.add-properties' to 'false' to disable
2019-03-06T23:38:45.036 INFO  o.s.b.d.e.DevToolsPropertyDefaultsPostProcessor 227 - For additional web related logging consider setting the 'logging.level.web' property to 'DEBUG'
2019-03-06T23:38:47.183 INFO  o.s.b.w.e.t.TomcatWebServer 90 - Tomcat initialized with port(s): 8080 (http)
2019-03-06T23:38:47.201 INFO  o.a.c.h.Http11NioProtocol 173 - Initializing ProtocolHandler ["http-nio-8080"]
2019-03-06T23:38:47.213 INFO  o.a.c.c.StandardService 173 - Starting service [Tomcat]
2019-03-06T23:38:47.214 INFO  o.a.c.c.StandardEngine 173 - Starting Servlet engine: [Apache Tomcat/9.0.16]
2019-03-06T23:38:47.223 INFO  o.a.c.c.AprLifecycleListener 173 - The APR based Apache Tomcat Native library which allows optimal performance in production environments was not found on the java.library.path: [F:\jdk8\jdk\bin;C:\Windows\Sun\Java\bin;C:\Windows\system32;C:\Windows;C:\ProgramData\Oracle\Java\javapath;C:\Windows\system32;C:\Windows;C:\Windows\System32\Wbem;C:\Windows\System32\WindowsPowerShell\v1.0\;F:\jdk8\jdk\bin;F:\jdk8\jdk\jre\bin;F:\apache-maven-3.5.0\bin;C:\Program Files\TortoiseSVN\bin;F:\Git\cmd;F:\scala-2\bin;F:\scala-2\jre\bin;F:\sbt1.0.3\bin;F:\sbt1.0.3\bin;;.]
2019-03-06T23:38:47.507 INFO  o.a.j.s.TldScanner 173 - At least one JAR was scanned for TLDs yet contained no TLDs. Enable debug logging for this logger for a complete list of JARs that were scanned but no TLDs were found in them. Skipping unneeded JARs during scanning can improve startup time and JSP compilation time.
2019-03-06T23:38:47.511 INFO  o.a.c.c.C.[.[.[/] 173 - Initializing Spring embedded WebApplicationContext
2019-03-06T23:38:47.511 INFO  o.s.w.c.ContextLoader 296 - Root WebApplicationContext: initialization completed in 2474 ms
2019-03-06T23:38:47.914 INFO  o.s.s.c.ThreadPoolTaskExecutor 171 - Initializing ExecutorService 'applicationTaskExecutor'
2019-03-06T23:38:48.410 INFO  o.s.b.d.a.OptionalLiveReloadServer 57 - LiveReload server is running on port 35729
2019-03-06T23:38:48.455 INFO  o.a.c.h.Http11NioProtocol 173 - Starting ProtocolHandler ["http-nio-8080"]
2019-03-06T23:38:48.497 INFO  o.s.b.w.e.t.TomcatWebServer 204 - Tomcat started on port(s): 8080 (http) with context path ''
2019-03-06T23:38:48.501 INFO  c.h.s.DemoApplication 59 - Started DemoApplication in 4.864 seconds (JVM running for 6.513)
2019-03-06T23:38:54.527 INFO  o.a.c.c.C.[.[.[/] 173 - Initializing Spring DispatcherServlet 'dispatcherServlet'
2019-03-06T23:38:54.527 INFO  o.s.w.s.DispatcherServlet 524 - Initializing Servlet 'dispatcherServlet'
2019-03-06T23:38:54.538 INFO  o.s.w.s.DispatcherServlet 546 - Completed initialization in 11 ms
2019-03-06T23:38:54.558 INFO  c.h.s.i.LoginInterceptor 24 - ---------------------开始进入请求地址拦截----------------------------
2019-03-06T23:38:54.653 INFO  c.h.s.i.LoginInterceptor 30 - --------------处理请求完成后视图渲染之前的处理操作---------------
2019-03-06T23:38:54.654 INFO  c.h.s.i.LoginInterceptor 35 - ---------------视图渲染之后的操作-------------------------
