2019-03-05T23:48:38.811 DEBUG o.s.t.c.j.SpringJUnit4ClassRunner 139 - SpringJUnit4ClassRunner constructor called with [class com.hamlt.springboot.DemoApplicationTests]
2019-03-05T23:48:38.822 DEBUG o.s.t.c.BootstrapUtils 96 - Instantiating CacheAwareContextLoaderDelegate from class [org.springframework.test.context.cache.DefaultCacheAwareContextLoaderDelegate]
2019-03-05T23:48:38.835 DEBUG o.s.t.c.BootstrapUtils 79 - Instantiating BootstrapContext using constructor [public org.springframework.test.context.support.DefaultBootstrapContext(java.lang.Class,org.springframework.test.context.CacheAwareContextLoaderDelegate)]
2019-03-05T23:48:38.866 DEBUG o.s.t.c.BootstrapUtils 132 - Instantiating TestContextBootstrapper for test class [com.hamlt.springboot.DemoApplicationTests] from class [org.springframework.boot.test.context.SpringBootTestContextBootstrapper]
2019-03-05T23:48:38.888 INFO  o.s.b.t.c.SpringBootTestContextBootstrapper 308 - Neither @ContextConfiguration nor @ContextHierarchy found for test class [com.hamlt.springboot.DemoApplicationTests], using SpringBootContextLoader
2019-03-05T23:48:38.893 DEBUG o.s.t.c.s.AbstractContextLoader 258 - Did not detect default resource location for test class [com.hamlt.springboot.DemoApplicationTests]: class path resource [com/hamlt/springboot/DemoApplicationTests-context.xml] does not exist
2019-03-05T23:48:38.894 DEBUG o.s.t.c.s.AbstractContextLoader 258 - Did not detect default resource location for test class [com.hamlt.springboot.DemoApplicationTests]: class path resource [com/hamlt/springboot/DemoApplicationTestsContext.groovy] does not exist
2019-03-05T23:48:38.895 INFO  o.s.t.c.s.AbstractContextLoader 264 - Could not detect default resource locations for test class [com.hamlt.springboot.DemoApplicationTests]: no resource found for suffixes {-context.xml, Context.groovy}.
2019-03-05T23:48:38.897 INFO  o.s.t.c.s.AnnotationConfigContextLoaderUtils 83 - Could not detect default configuration classes for test class [com.hamlt.springboot.DemoApplicationTests]: DemoApplicationTests does not declare any static, non-private, non-final, nested classes annotated with @Configuration.
2019-03-05T23:48:39.107 DEBUG o.s.t.c.s.ActiveProfilesUtils 79 - Could not find an 'annotation declaring class' for annotation type [org.springframework.test.context.ActiveProfiles] and class [com.hamlt.springboot.DemoApplicationTests]
2019-03-05T23:48:39.227 DEBUG o.s.c.a.ClassPathScanningCandidateComponentProvider 437 - Identified candidate component class: file [D:\projects\spring\springboot_war_demo\target\classes\com\hamlt\springboot\DemoApplication.class]
2019-03-05T23:48:39.230 INFO  o.s.b.t.c.SpringBootTestContextBootstrapper 247 - Found @SpringBootConfiguration com.hamlt.springboot.DemoApplication for test class com.hamlt.springboot.DemoApplicationTests
2019-03-05T23:48:39.371 DEBUG o.s.b.t.c.SpringBootTestContextBootstrapper 125 - @TestExecutionListeners is not present for class [com.hamlt.springboot.DemoApplicationTests]: using defaults.
2019-03-05T23:48:39.403 INFO  o.s.b.t.c.SpringBootTestContextBootstrapper 248 - Loaded default TestExecutionListener class names from location [META-INF/spring.factories]: [org.springframework.boot.test.mock.mockito.MockitoTestExecutionListener, org.springframework.boot.test.mock.mockito.ResetMocksTestExecutionListener, org.springframework.boot.test.autoconfigure.restdocs.RestDocsTestExecutionListener, org.springframework.boot.test.autoconfigure.web.client.MockRestServiceServerResetTestExecutionListener, org.springframework.boot.test.autoconfigure.web.servlet.MockMvcPrintOnlyOnFailureTestExecutionListener, org.springframework.boot.test.autoconfigure.web.servlet.WebDriverTestExecutionListener, org.springframework.test.context.web.ServletTestExecutionListener, org.springframework.test.context.support.DirtiesContextBeforeModesTestExecutionListener, org.springframework.test.context.support.DependencyInjectionTestExecutionListener, org.springframework.test.context.support.DirtiesContextTestExecutionListener, org.springframework.test.context.transaction.TransactionalTestExecutionListener, org.springframework.test.context.jdbc.SqlScriptsTestExecutionListener]
2019-03-05T23:48:39.572 INFO  o.s.b.t.c.SpringBootTestContextBootstrapper 177 - Using TestExecutionListeners: [org.springframework.test.context.web.ServletTestExecutionListener@5f16132a, org.springframework.test.context.support.DirtiesContextBeforeModesTestExecutionListener@69fb6037, org.springframework.boot.test.mock.mockito.MockitoTestExecutionListener@36d585c, org.springframework.boot.test.autoconfigure.SpringBootDependencyInjectionTestExecutionListener@87a85e1, org.springframework.test.context.support.DirtiesContextTestExecutionListener@671a5887, org.springframework.test.context.transaction.TransactionalTestExecutionListener@5552768b, org.springframework.test.context.jdbc.SqlScriptsTestExecutionListener@3c947bc5, org.springframework.boot.test.mock.mockito.ResetMocksTestExecutionListener@609db43b, org.springframework.boot.test.autoconfigure.restdocs.RestDocsTestExecutionListener@55f616cf, org.springframework.boot.test.autoconfigure.web.client.MockRestServiceServerResetTestExecutionListener@1356d4d4, org.springframework.boot.test.autoconfigure.web.servlet.MockMvcPrintOnlyOnFailureTestExecutionListener@c03cf28, org.springframework.boot.test.autoconfigure.web.servlet.WebDriverTestExecutionListener@1329eff]
2019-03-05T23:48:39.576 DEBUG o.s.t.a.ProfileValueUtils 70 - Retrieved @ProfileValueSourceConfiguration [null] for test class [com.hamlt.springboot.DemoApplicationTests]
2019-03-05T23:48:39.578 DEBUG o.s.t.a.ProfileValueUtils 83 - Retrieved ProfileValueSource type [class org.springframework.test.annotation.SystemProfileValueSource] for class [com.hamlt.springboot.DemoApplicationTests]
2019-03-05T23:48:39.580 DEBUG o.s.t.a.ProfileValueUtils 70 - Retrieved @ProfileValueSourceConfiguration [null] for test class [com.hamlt.springboot.DemoApplicationTests]
2019-03-05T23:48:39.581 DEBUG o.s.t.a.ProfileValueUtils 83 - Retrieved ProfileValueSource type [class org.springframework.test.annotation.SystemProfileValueSource] for class [com.hamlt.springboot.DemoApplicationTests]
2019-03-05T23:48:39.613 DEBUG o.s.t.a.ProfileValueUtils 70 - Retrieved @ProfileValueSourceConfiguration [null] for test class [com.hamlt.springboot.DemoApplicationTests]
2019-03-05T23:48:39.615 DEBUG o.s.t.a.ProfileValueUtils 83 - Retrieved ProfileValueSource type [class org.springframework.test.annotation.SystemProfileValueSource] for class [com.hamlt.springboot.DemoApplicationTests]
2019-03-05T23:48:39.650 DEBUG o.s.t.c.s.AbstractDirtiesContextTestExecutionListener 142 - Before test class: context [DefaultTestContext@13b13b5d testClass = DemoApplicationTests, testInstance = [null], testMethod = [null], testException = [null], mergedContextConfiguration = [WebMergedContextConfiguration@2892dae4 testClass = DemoApplicationTests, locations = '{}', classes = '{class com.hamlt.springboot.DemoApplication}', contextInitializerClasses = '[]', activeProfiles = '{}', propertySourceLocations = '{}', propertySourceProperties = '{org.springframework.boot.test.context.SpringBootTestContextBootstrapper=true}', contextCustomizers = set[org.springframework.boot.test.context.filter.ExcludeFilterContextCustomizer@57d5872c, org.springframework.boot.test.json.DuplicateJsonObjectContextCustomizerFactory$DuplicateJsonObjectContextCustomizer@157632c9, org.springframework.boot.test.mock.mockito.MockitoContextCustomizer@0, org.springframework.boot.test.web.client.TestRestTemplateContextCustomizer@123f1134, org.springframework.boot.test.autoconfigure.properties.PropertyMappingContextCustomizer@0, org.springframework.boot.test.autoconfigure.web.servlet.WebDriverContextCustomizerFactory$Customizer@780cb77], resourceBasePath = 'src/main/webapp', contextLoader = 'org.springframework.boot.test.context.SpringBootContextLoader', parent = [null]], attributes = map['org.springframework.test.context.web.ServletTestExecutionListener.activateListener' -> true]], class annotated with @DirtiesContext [false] with mode [null].
2019-03-05T23:48:39.651 DEBUG o.s.t.a.ProfileValueUtils 70 - Retrieved @ProfileValueSourceConfiguration [null] for test class [com.hamlt.springboot.DemoApplicationTests]
2019-03-05T23:48:39.652 DEBUG o.s.t.a.ProfileValueUtils 83 - Retrieved ProfileValueSource type [class org.springframework.test.annotation.SystemProfileValueSource] for class [com.hamlt.springboot.DemoApplicationTests]
2019-03-05T23:48:39.687 DEBUG o.s.t.c.s.TestPropertySourceUtils 245 - Adding inlined properties to environment: {spring.jmx.enabled=false, org.springframework.boot.test.context.SpringBootTestContextBootstrapper=true, server.port=-1}
2019-03-05T23:48:40.284 INFO  c.h.s.DemoApplicationTests 50 - Starting DemoApplicationTests on PC-201708121922 with PID 1304 (started by Administrator in D:\projects\spring\springboot_war_demo)
2019-03-05T23:48:40.285 INFO  c.h.s.DemoApplicationTests 679 - The following profiles are active: prod
2019-03-05T23:48:45.311 INFO  o.s.s.c.ThreadPoolTaskExecutor 171 - Initializing ExecutorService 'applicationTaskExecutor'
2019-03-05T23:48:47.087 INFO  c.h.s.DemoApplicationTests 59 - Started DemoApplicationTests in 7.3 seconds (JVM running for 9.343)
2019-03-05T23:48:49.490 INFO  o.s.s.c.ThreadPoolTaskExecutor 208 - Shutting down ExecutorService 'applicationTaskExecutor'
2019-03-05T23:59:23.673 INFO  c.h.s.DemoApplication 50 - Starting DemoApplication on PC-201708121922 with PID 7384 (D:\projects\spring\springboot_war_demo\target\classes started by Administrator in D:\projects\spring\springboot_war_demo)
2019-03-05T23:59:23.677 INFO  c.h.s.DemoApplication 679 - The following profiles are active: prod
2019-03-05T23:59:23.744 INFO  o.s.b.d.e.DevToolsPropertyDefaultsPostProcessor 227 - Devtools property defaults active! Set 'spring.devtools.add-properties' to 'false' to disable
2019-03-05T23:59:23.744 INFO  o.s.b.d.e.DevToolsPropertyDefaultsPostProcessor 227 - For additional web related logging consider setting the 'logging.level.web' property to 'DEBUG'
2019-03-05T23:59:26.075 INFO  o.s.b.w.e.t.TomcatWebServer 90 - Tomcat initialized with port(s): 8080 (http)
2019-03-05T23:59:26.091 INFO  o.a.c.h.Http11NioProtocol 173 - Initializing ProtocolHandler ["http-nio-8080"]
2019-03-05T23:59:26.104 INFO  o.a.c.c.StandardService 173 - Starting service [Tomcat]
2019-03-05T23:59:26.105 INFO  o.a.c.c.StandardEngine 173 - Starting Servlet engine: [Apache Tomcat/9.0.16]
2019-03-05T23:59:26.116 INFO  o.a.c.c.AprLifecycleListener 173 - The APR based Apache Tomcat Native library which allows optimal performance in production environments was not found on the java.library.path: [F:\jdk8\jdk\bin;C:\Windows\Sun\Java\bin;C:\Windows\system32;C:\Windows;C:\ProgramData\Oracle\Java\javapath;C:\Windows\system32;C:\Windows;C:\Windows\System32\Wbem;C:\Windows\System32\WindowsPowerShell\v1.0\;F:\jdk8\jdk\bin;F:\jdk8\jdk\jre\bin;F:\apache-maven-3.5.0\bin;C:\Program Files\TortoiseSVN\bin;F:\Git\cmd;F:\scala-2\bin;F:\scala-2\jre\bin;F:\sbt1.0.3\bin;F:\sbt1.0.3\bin;;.]
2019-03-05T23:59:26.362 INFO  o.a.j.s.TldScanner 173 - At least one JAR was scanned for TLDs yet contained no TLDs. Enable debug logging for this logger for a complete list of JARs that were scanned but no TLDs were found in them. Skipping unneeded JARs during scanning can improve startup time and JSP compilation time.
2019-03-05T23:59:26.365 INFO  o.a.c.c.C.[.[.[/] 173 - Initializing Spring embedded WebApplicationContext
2019-03-05T23:59:26.366 INFO  o.s.w.c.ContextLoader 296 - Root WebApplicationContext: initialization completed in 2621 ms
2019-03-05T23:59:26.737 INFO  o.s.s.c.ThreadPoolTaskExecutor 171 - Initializing ExecutorService 'applicationTaskExecutor'
2019-03-05T23:59:27.218 INFO  o.s.b.d.a.OptionalLiveReloadServer 57 - LiveReload server is running on port 35729
2019-03-05T23:59:27.267 INFO  o.a.c.h.Http11NioProtocol 173 - Starting ProtocolHandler ["http-nio-8080"]
2019-03-05T23:59:27.309 INFO  o.s.b.w.e.t.TomcatWebServer 204 - Tomcat started on port(s): 8080 (http) with context path ''
2019-03-05T23:59:27.315 INFO  c.h.s.DemoApplication 59 - Started DemoApplication in 4.256 seconds (JVM running for 5.935)
2019-03-05T23:59:34.422 INFO  o.a.c.c.C.[.[.[/] 173 - Initializing Spring DispatcherServlet 'dispatcherServlet'
2019-03-05T23:59:34.423 INFO  o.s.w.s.DispatcherServlet 524 - Initializing Servlet 'dispatcherServlet'
2019-03-05T23:59:34.433 INFO  o.s.w.s.DispatcherServlet 546 - Completed initialization in 10 ms
2019-03-05T23:59:34.449 INFO  c.h.s.i.LoginInterceptor 24 - ---------------------开始进入请求地址拦截----------------------------
2019-03-05T23:59:34.480 INFO  c.h.s.i.LoginInterceptor 30 - --------------处理请求完成后视图渲染之前的处理操作---------------
2019-03-05T23:59:34.480 INFO  c.h.s.i.LoginInterceptor 35 - ---------------视图渲染之后的操作-------------------------
2019-03-05T23:59:40.109 INFO  c.h.s.i.LoginInterceptor 24 - ---------------------开始进入请求地址拦截----------------------------
2019-03-05T23:59:40.177 INFO  c.h.s.i.LoginInterceptor 30 - --------------处理请求完成后视图渲染之前的处理操作---------------
2019-03-05T23:59:40.177 INFO  c.h.s.i.LoginInterceptor 35 - ---------------视图渲染之后的操作-------------------------
2019-03-05T23:59:44.817 INFO  c.h.s.i.LoginInterceptor 24 - ---------------------开始进入请求地址拦截----------------------------
2019-03-05T23:59:44.839 INFO  c.h.s.i.LoginInterceptor 30 - --------------处理请求完成后视图渲染之前的处理操作---------------
2019-03-05T23:59:44.918 INFO  c.h.s.i.LoginInterceptor 35 - ---------------视图渲染之后的操作-------------------------
