2019-03-06T00:01:17.639 INFO  c.h.s.DemoApplication 50 - Starting DemoApplication on PC-201708121922 with PID 7032 (D:\projects\spring\springboot_war_demo\target\classes started by Administrator in D:\projects\spring\springboot_war_demo)
2019-03-06T00:01:17.651 INFO  c.h.s.DemoApplication 679 - The following profiles are active: prod
2019-03-06T00:01:17.769 INFO  o.s.b.d.e.DevToolsPropertyDefaultsPostProcessor 227 - Devtools property defaults active! Set 'spring.devtools.add-properties' to 'false' to disable
2019-03-06T00:01:17.770 INFO  o.s.b.d.e.DevToolsPropertyDefaultsPostProcessor 227 - For additional web related logging consider setting the 'logging.level.web' property to 'DEBUG'
2019-03-06T00:01:20.420 INFO  o.s.b.w.e.t.TomcatWebServer 90 - Tomcat initialized with port(s): 8080 (http)
2019-03-06T00:01:20.440 INFO  o.a.c.h.Http11NioProtocol 173 - Initializing ProtocolHandler ["http-nio-8080"]
2019-03-06T00:01:20.452 INFO  o.a.c.c.StandardService 173 - Starting service [Tomcat]
2019-03-06T00:01:20.453 INFO  o.a.c.c.StandardEngine 173 - Starting Servlet engine: [Apache Tomcat/9.0.16]
2019-03-06T00:01:20.461 INFO  o.a.c.c.AprLifecycleListener 173 - The APR based Apache Tomcat Native library which allows optimal performance in production environments was not found on the java.library.path: [F:\jdk8\jdk\bin;C:\Windows\Sun\Java\bin;C:\Windows\system32;C:\Windows;C:\ProgramData\Oracle\Java\javapath;C:\Windows\system32;C:\Windows;C:\Windows\System32\Wbem;C:\Windows\System32\WindowsPowerShell\v1.0\;F:\jdk8\jdk\bin;F:\jdk8\jdk\jre\bin;F:\apache-maven-3.5.0\bin;C:\Program Files\TortoiseSVN\bin;F:\Git\cmd;F:\scala-2\bin;F:\scala-2\jre\bin;F:\sbt1.0.3\bin;F:\sbt1.0.3\bin;;.]
2019-03-06T00:01:20.723 INFO  o.a.j.s.TldScanner 173 - At least one JAR was scanned for TLDs yet contained no TLDs. Enable debug logging for this logger for a complete list of JARs that were scanned but no TLDs were found in them. Skipping unneeded JARs during scanning can improve startup time and JSP compilation time.
2019-03-06T00:01:20.728 INFO  o.a.c.c.C.[.[.[/] 173 - Initializing Spring embedded WebApplicationContext
2019-03-06T00:01:20.728 INFO  o.s.w.c.ContextLoader 296 - Root WebApplicationContext: initialization completed in 2958 ms
2019-03-06T00:01:21.167 INFO  o.s.s.c.ThreadPoolTaskExecutor 171 - Initializing ExecutorService 'applicationTaskExecutor'
2019-03-06T00:01:21.663 INFO  o.s.b.d.a.OptionalLiveReloadServer 57 - LiveReload server is running on port 35729
2019-03-06T00:01:21.708 INFO  o.a.c.h.Http11NioProtocol 173 - Starting ProtocolHandler ["http-nio-8080"]
2019-03-06T00:01:21.753 INFO  o.s.b.w.e.t.TomcatWebServer 204 - Tomcat started on port(s): 8080 (http) with context path ''
2019-03-06T00:01:21.761 INFO  c.h.s.DemoApplication 59 - Started DemoApplication in 4.822 seconds (JVM running for 6.32)
2019-03-06T00:01:33.164 INFO  o.a.c.c.C.[.[.[/] 173 - Initializing Spring DispatcherServlet 'dispatcherServlet'
2019-03-06T00:01:33.164 INFO  o.s.w.s.DispatcherServlet 524 - Initializing Servlet 'dispatcherServlet'
2019-03-06T00:01:33.176 INFO  o.s.w.s.DispatcherServlet 546 - Completed initialization in 11 ms
2019-03-06T00:01:33.201 INFO  c.h.s.i.LoginInterceptor 24 - ---------------------开始进入请求地址拦截----------------------------
2019-03-06T00:01:33.243 INFO  c.h.s.i.LoginInterceptor 30 - --------------处理请求完成后视图渲染之前的处理操作---------------
2019-03-06T00:01:33.324 INFO  c.h.s.i.LoginInterceptor 35 - ---------------视图渲染之后的操作-------------------------
2019-03-06T00:01:38.454 INFO  c.h.s.i.LoginInterceptor 24 - ---------------------开始进入请求地址拦截----------------------------
2019-03-06T00:01:38.478 INFO  c.h.s.i.LoginInterceptor 30 - --------------处理请求完成后视图渲染之前的处理操作---------------
2019-03-06T00:01:38.479 INFO  c.h.s.i.LoginInterceptor 35 - ---------------视图渲染之后的操作-------------------------
2019-03-06T00:05:24.244 INFO  o.s.s.c.ThreadPoolTaskExecutor 208 - Shutting down ExecutorService 'applicationTaskExecutor'
2019-03-06T00:05:25.119 INFO  c.h.s.DemoApplication 50 - Starting DemoApplication on PC-201708121922 with PID 7032 (D:\projects\spring\springboot_war_demo\target\classes started by Administrator in D:\projects\spring\springboot_war_demo)
2019-03-06T00:05:25.120 INFO  c.h.s.DemoApplication 679 - The following profiles are active: prod
2019-03-06T00:05:26.107 INFO  o.s.b.w.e.t.TomcatWebServer 90 - Tomcat initialized with port(s): 8080 (http)
2019-03-06T00:05:26.109 INFO  o.a.c.h.Http11NioProtocol 173 - Initializing ProtocolHandler ["http-nio-8080"]
2019-03-06T00:05:26.110 INFO  o.a.c.c.StandardService 173 - Starting service [Tomcat]
2019-03-06T00:05:26.111 INFO  o.a.c.c.StandardEngine 173 - Starting Servlet engine: [Apache Tomcat/9.0.16]
2019-03-06T00:05:26.267 INFO  o.a.j.s.TldScanner 173 - At least one JAR was scanned for TLDs yet contained no TLDs. Enable debug logging for this logger for a complete list of JARs that were scanned but no TLDs were found in them. Skipping unneeded JARs during scanning can improve startup time and JSP compilation time.
2019-03-06T00:05:26.268 INFO  o.a.c.c.C.[.[.[/] 173 - Initializing Spring embedded WebApplicationContext
2019-03-06T00:05:26.268 INFO  o.s.w.c.ContextLoader 296 - Root WebApplicationContext: initialization completed in 1140 ms
2019-03-06T00:05:26.479 INFO  o.s.s.c.ThreadPoolTaskExecutor 171 - Initializing ExecutorService 'applicationTaskExecutor'
2019-03-06T00:05:26.642 INFO  o.s.b.d.a.OptionalLiveReloadServer 57 - LiveReload server is running on port 35729
2019-03-06T00:05:26.679 INFO  o.a.c.h.Http11NioProtocol 173 - Starting ProtocolHandler ["http-nio-8080"]
2019-03-06T00:05:26.689 INFO  o.s.b.w.e.t.TomcatWebServer 204 - Tomcat started on port(s): 8080 (http) with context path ''
2019-03-06T00:05:26.690 INFO  c.h.s.DemoApplication 59 - Started DemoApplication in 1.76 seconds (JVM running for 251.249)
2019-03-06T00:05:26.693 INFO  o.s.b.d.a.ConditionEvaluationDeltaLoggingListener 70 - Condition evaluation unchanged
2019-03-06T00:05:48.431 INFO  o.s.s.c.ThreadPoolTaskExecutor 208 - Shutting down ExecutorService 'applicationTaskExecutor'
2019-03-06T00:05:48.767 INFO  c.h.s.DemoApplication 50 - Starting DemoApplication on PC-201708121922 with PID 7032 (D:\projects\spring\springboot_war_demo\target\classes started by Administrator in D:\projects\spring\springboot_war_demo)
2019-03-06T00:05:48.767 INFO  c.h.s.DemoApplication 679 - The following profiles are active: prod
2019-03-06T00:05:49.224 INFO  o.s.b.w.e.t.TomcatWebServer 90 - Tomcat initialized with port(s): 8080 (http)
2019-03-06T00:05:49.225 INFO  o.a.c.h.Http11NioProtocol 173 - Initializing ProtocolHandler ["http-nio-8080"]
2019-03-06T00:05:49.226 INFO  o.a.c.c.StandardService 173 - Starting service [Tomcat]
2019-03-06T00:05:49.226 INFO  o.a.c.c.StandardEngine 173 - Starting Servlet engine: [Apache Tomcat/9.0.16]
2019-03-06T00:05:49.349 INFO  o.a.j.s.TldScanner 173 - At least one JAR was scanned for TLDs yet contained no TLDs. Enable debug logging for this logger for a complete list of JARs that were scanned but no TLDs were found in them. Skipping unneeded JARs during scanning can improve startup time and JSP compilation time.
2019-03-06T00:05:49.350 INFO  o.a.c.c.C.[.[.[/] 173 - Initializing Spring embedded WebApplicationContext
2019-03-06T00:05:49.350 INFO  o.s.w.c.ContextLoader 296 - Root WebApplicationContext: initialization completed in 579 ms
2019-03-06T00:05:49.504 INFO  o.s.s.c.ThreadPoolTaskExecutor 171 - Initializing ExecutorService 'applicationTaskExecutor'
2019-03-06T00:05:49.640 INFO  o.s.b.d.a.OptionalLiveReloadServer 57 - LiveReload server is running on port 35729
2019-03-06T00:05:49.666 INFO  o.a.c.h.Http11NioProtocol 173 - Starting ProtocolHandler ["http-nio-8080"]
2019-03-06T00:05:49.677 INFO  o.s.b.w.e.t.TomcatWebServer 204 - Tomcat started on port(s): 8080 (http) with context path ''
2019-03-06T00:05:49.678 INFO  c.h.s.DemoApplication 59 - Started DemoApplication in 0.95 seconds (JVM running for 274.237)
2019-03-06T00:05:49.680 INFO  o.s.b.d.a.ConditionEvaluationDeltaLoggingListener 70 - Condition evaluation unchanged
2019-03-06T00:05:59.940 INFO  c.h.s.DemoApplication 50 - Starting DemoApplication on PC-201708121922 with PID 10216 (D:\projects\spring\springboot_war_demo\target\classes started by Administrator in D:\projects\spring\springboot_war_demo)
2019-03-06T00:05:59.947 INFO  c.h.s.DemoApplication 679 - The following profiles are active: prod
2019-03-06T00:06:00.090 INFO  o.s.b.d.e.DevToolsPropertyDefaultsPostProcessor 227 - Devtools property defaults active! Set 'spring.devtools.add-properties' to 'false' to disable
2019-03-06T00:06:00.091 INFO  o.s.b.d.e.DevToolsPropertyDefaultsPostProcessor 227 - For additional web related logging consider setting the 'logging.level.web' property to 'DEBUG'
2019-03-06T00:06:03.480 INFO  o.s.b.w.e.t.TomcatWebServer 90 - Tomcat initialized with port(s): 8080 (http)
2019-03-06T00:06:03.500 INFO  o.a.c.h.Http11NioProtocol 173 - Initializing ProtocolHandler ["http-nio-8080"]
2019-03-06T00:06:03.517 INFO  o.a.c.c.StandardService 173 - Starting service [Tomcat]
2019-03-06T00:06:03.518 INFO  o.a.c.c.StandardEngine 173 - Starting Servlet engine: [Apache Tomcat/9.0.16]
2019-03-06T00:06:03.528 INFO  o.a.c.c.AprLifecycleListener 173 - The APR based Apache Tomcat Native library which allows optimal performance in production environments was not found on the java.library.path: [F:\jdk8\jdk\bin;C:\Windows\Sun\Java\bin;C:\Windows\system32;C:\Windows;C:\ProgramData\Oracle\Java\javapath;C:\Windows\system32;C:\Windows;C:\Windows\System32\Wbem;C:\Windows\System32\WindowsPowerShell\v1.0\;F:\jdk8\jdk\bin;F:\jdk8\jdk\jre\bin;F:\apache-maven-3.5.0\bin;C:\Program Files\TortoiseSVN\bin;F:\Git\cmd;F:\scala-2\bin;F:\scala-2\jre\bin;F:\sbt1.0.3\bin;F:\sbt1.0.3\bin;;.]
2019-03-06T00:06:03.844 INFO  o.a.j.s.TldScanner 173 - At least one JAR was scanned for TLDs yet contained no TLDs. Enable debug logging for this logger for a complete list of JARs that were scanned but no TLDs were found in them. Skipping unneeded JARs during scanning can improve startup time and JSP compilation time.
2019-03-06T00:06:03.850 INFO  o.a.c.c.C.[.[.[/] 173 - Initializing Spring embedded WebApplicationContext
2019-03-06T00:06:03.851 INFO  o.s.w.c.ContextLoader 296 - Root WebApplicationContext: initialization completed in 3759 ms
2019-03-06T00:06:04.353 INFO  o.s.s.c.ThreadPoolTaskExecutor 171 - Initializing ExecutorService 'applicationTaskExecutor'
2019-03-06T00:06:05.035 INFO  o.s.b.d.a.OptionalLiveReloadServer 57 - LiveReload server is running on port 35729
2019-03-06T00:06:05.085 INFO  o.a.c.h.Http11NioProtocol 173 - Starting ProtocolHandler ["http-nio-8080"]
2019-03-06T00:06:05.141 INFO  o.s.b.w.e.t.TomcatWebServer 204 - Tomcat started on port(s): 8080 (http) with context path ''
2019-03-06T00:06:05.148 INFO  c.h.s.DemoApplication 59 - Started DemoApplication in 6.381 seconds (JVM running for 8.497)
2019-03-06T00:06:23.464 INFO  o.a.c.c.C.[.[.[/] 173 - Initializing Spring DispatcherServlet 'dispatcherServlet'
2019-03-06T00:06:23.464 INFO  o.s.w.s.DispatcherServlet 524 - Initializing Servlet 'dispatcherServlet'
2019-03-06T00:06:23.476 INFO  o.s.w.s.DispatcherServlet 546 - Completed initialization in 11 ms
2019-03-06T00:06:23.502 INFO  c.h.s.i.LoginInterceptor 24 - ---------------------开始进入请求地址拦截----------------------------
2019-03-06T00:06:23.547 INFO  c.h.s.i.LoginInterceptor 30 - --------------处理请求完成后视图渲染之前的处理操作---------------
2019-03-06T00:06:23.548 INFO  c.h.s.i.LoginInterceptor 35 - ---------------视图渲染之后的操作-------------------------
2019-03-06T00:06:25.540 INFO  c.h.s.i.LoginInterceptor 24 - ---------------------开始进入请求地址拦截----------------------------
2019-03-06T00:06:25.545 INFO  c.h.s.i.LoginInterceptor 30 - --------------处理请求完成后视图渲染之前的处理操作---------------
2019-03-06T00:06:25.545 INFO  c.h.s.i.LoginInterceptor 35 - ---------------视图渲染之后的操作-------------------------
2019-03-06T00:19:31.974 INFO  c.h.s.DemoApplication 50 - Starting DemoApplication on PC-201708121922 with PID 2416 (D:\projects\spring\springboot_war_demo\target\classes started by Administrator in D:\projects\spring\springboot_war_demo)
2019-03-06T00:19:31.979 INFO  c.h.s.DemoApplication 679 - The following profiles are active: prod
2019-03-06T00:19:32.059 INFO  o.s.b.d.e.DevToolsPropertyDefaultsPostProcessor 227 - Devtools property defaults active! Set 'spring.devtools.add-properties' to 'false' to disable
2019-03-06T00:19:32.059 INFO  o.s.b.d.e.DevToolsPropertyDefaultsPostProcessor 227 - For additional web related logging consider setting the 'logging.level.web' property to 'DEBUG'
2019-03-06T00:21:30.059 INFO  c.h.s.DemoApplication 50 - Starting DemoApplication on PC-201708121922 with PID 308 (D:\projects\spring\springboot_war_demo\target\classes started by Administrator in D:\projects\spring\springboot_war_demo)
2019-03-06T00:21:30.086 INFO  c.h.s.DemoApplication 679 - The following profiles are active: prod
2019-03-06T00:21:30.348 INFO  o.s.b.d.e.DevToolsPropertyDefaultsPostProcessor 227 - Devtools property defaults active! Set 'spring.devtools.add-properties' to 'false' to disable
2019-03-06T00:21:30.349 INFO  o.s.b.d.e.DevToolsPropertyDefaultsPostProcessor 227 - For additional web related logging consider setting the 'logging.level.web' property to 'DEBUG'
2019-03-06T00:21:37.206 INFO  o.s.b.w.e.t.TomcatWebServer 90 - Tomcat initialized with port(s): 8080 (http)
2019-03-06T00:21:37.234 INFO  o.a.c.h.Http11NioProtocol 173 - Initializing ProtocolHandler ["http-nio-8080"]
2019-03-06T00:21:37.248 INFO  o.a.c.c.StandardService 173 - Starting service [Tomcat]
2019-03-06T00:21:37.249 INFO  o.a.c.c.StandardEngine 173 - Starting Servlet engine: [Apache Tomcat/9.0.16]
2019-03-06T00:21:37.275 INFO  o.a.c.c.AprLifecycleListener 173 - The APR based Apache Tomcat Native library which allows optimal performance in production environments was not found on the java.library.path: [F:\jdk8\jdk\bin;C:\Windows\Sun\Java\bin;C:\Windows\system32;C:\Windows;C:\ProgramData\Oracle\Java\javapath;C:\Windows\system32;C:\Windows;C:\Windows\System32\Wbem;C:\Windows\System32\WindowsPowerShell\v1.0\;F:\jdk8\jdk\bin;F:\jdk8\jdk\jre\bin;F:\apache-maven-3.5.0\bin;C:\Program Files\TortoiseSVN\bin;F:\Git\cmd;F:\scala-2\bin;F:\scala-2\jre\bin;F:\sbt1.0.3\bin;F:\sbt1.0.3\bin;;.]
2019-03-06T00:21:37.808 INFO  o.a.j.s.TldScanner 173 - At least one JAR was scanned for TLDs yet contained no TLDs. Enable debug logging for this logger for a complete list of JARs that were scanned but no TLDs were found in them. Skipping unneeded JARs during scanning can improve startup time and JSP compilation time.
2019-03-06T00:21:37.830 INFO  o.a.c.c.C.[.[.[/] 173 - Initializing Spring embedded WebApplicationContext
2019-03-06T00:21:37.830 INFO  o.s.w.c.ContextLoader 296 - Root WebApplicationContext: initialization completed in 7481 ms
2019-03-06T00:21:38.580 INFO  o.s.s.c.ThreadPoolTaskExecutor 171 - Initializing ExecutorService 'applicationTaskExecutor'
2019-03-06T00:21:39.943 INFO  o.s.b.d.a.OptionalLiveReloadServer 57 - LiveReload server is running on port 35729
2019-03-06T00:21:40.010 INFO  o.a.c.h.Http11NioProtocol 173 - Starting ProtocolHandler ["http-nio-8080"]
2019-03-06T00:21:40.125 INFO  o.s.b.w.e.t.TomcatWebServer 204 - Tomcat started on port(s): 8080 (http) with context path ''
2019-03-06T00:21:40.129 INFO  c.h.s.DemoApplication 59 - Started DemoApplication in 11.683 seconds (JVM running for 15.558)
2019-03-06T00:33:24.701 INFO  c.h.s.DemoApplication 50 - Starting DemoApplication on PC-201708121922 with PID 4412 (D:\projects\spring\springboot_war_demo\target\classes started by Administrator in D:\projects\spring\springboot_war_demo)
2019-03-06T00:33:24.728 INFO  c.h.s.DemoApplication 679 - The following profiles are active: prod
2019-03-06T00:33:24.893 INFO  o.s.b.d.e.DevToolsPropertyDefaultsPostProcessor 227 - Devtools property defaults active! Set 'spring.devtools.add-properties' to 'false' to disable
2019-03-06T00:33:24.894 INFO  o.s.b.d.e.DevToolsPropertyDefaultsPostProcessor 227 - For additional web related logging consider setting the 'logging.level.web' property to 'DEBUG'
2019-03-06T00:33:30.525 INFO  o.s.b.w.e.t.TomcatWebServer 90 - Tomcat initialized with port(s): 8080 (http)
2019-03-06T00:33:30.579 INFO  o.a.c.h.Http11NioProtocol 173 - Initializing ProtocolHandler ["http-nio-8080"]
2019-03-06T00:33:30.613 INFO  o.a.c.c.StandardService 173 - Starting service [Tomcat]
2019-03-06T00:33:30.613 INFO  o.a.c.c.StandardEngine 173 - Starting Servlet engine: [Apache Tomcat/9.0.16]
2019-03-06T00:33:30.623 INFO  o.a.c.c.AprLifecycleListener 173 - The APR based Apache Tomcat Native library which allows optimal performance in production environments was not found on the java.library.path: [F:\jdk8\jdk\bin;C:\Windows\Sun\Java\bin;C:\Windows\system32;C:\Windows;C:\ProgramData\Oracle\Java\javapath;C:\Windows\system32;C:\Windows;C:\Windows\System32\Wbem;C:\Windows\System32\WindowsPowerShell\v1.0\;F:\jdk8\jdk\bin;F:\jdk8\jdk\jre\bin;F:\apache-maven-3.5.0\bin;C:\Program Files\TortoiseSVN\bin;F:\Git\cmd;F:\scala-2\bin;F:\scala-2\jre\bin;F:\sbt1.0.3\bin;F:\sbt1.0.3\bin;;.]
2019-03-06T00:33:31.141 INFO  o.a.j.s.TldScanner 173 - At least one JAR was scanned for TLDs yet contained no TLDs. Enable debug logging for this logger for a complete list of JARs that were scanned but no TLDs were found in them. Skipping unneeded JARs during scanning can improve startup time and JSP compilation time.
2019-03-06T00:33:31.172 INFO  o.a.c.c.C.[.[.[/] 173 - Initializing Spring embedded WebApplicationContext
2019-03-06T00:33:31.173 INFO  o.s.w.c.ContextLoader 296 - Root WebApplicationContext: initialization completed in 6278 ms
2019-03-06T00:33:33.218 INFO  o.s.s.c.ThreadPoolTaskExecutor 171 - Initializing ExecutorService 'applicationTaskExecutor'
2019-03-06T00:33:34.110 INFO  o.s.b.d.a.OptionalLiveReloadServer 57 - LiveReload server is running on port 35729
2019-03-06T00:33:34.187 INFO  o.a.c.h.Http11NioProtocol 173 - Starting ProtocolHandler ["http-nio-8080"]
2019-03-06T00:33:34.347 INFO  o.s.b.w.e.t.TomcatWebServer 204 - Tomcat started on port(s): 8080 (http) with context path ''
2019-03-06T00:33:34.351 INFO  c.h.s.DemoApplication 59 - Started DemoApplication in 10.918 seconds (JVM running for 17.614)
2019-03-06T00:41:05.127 INFO  c.h.s.DemoApplication 50 - Starting DemoApplication on PC-201708121922 with PID 9992 (D:\projects\spring\springboot_war_demo\target\classes started by Administrator in D:\projects\spring\springboot_war_demo)
2019-03-06T00:41:05.158 INFO  c.h.s.DemoApplication 679 - The following profiles are active: prod
2019-03-06T00:41:05.535 INFO  o.s.b.d.e.DevToolsPropertyDefaultsPostProcessor 227 - Devtools property defaults active! Set 'spring.devtools.add-properties' to 'false' to disable
2019-03-06T00:41:05.536 INFO  o.s.b.d.e.DevToolsPropertyDefaultsPostProcessor 227 - For additional web related logging consider setting the 'logging.level.web' property to 'DEBUG'
2019-03-06T00:41:10.041 INFO  o.s.b.w.e.t.TomcatWebServer 90 - Tomcat initialized with port(s): 8080 (http)
2019-03-06T00:41:10.061 INFO  o.a.c.h.Http11NioProtocol 173 - Initializing ProtocolHandler ["http-nio-8080"]
2019-03-06T00:41:10.078 INFO  o.a.c.c.StandardService 173 - Starting service [Tomcat]
2019-03-06T00:41:10.078 INFO  o.a.c.c.StandardEngine 173 - Starting Servlet engine: [Apache Tomcat/9.0.16]
2019-03-06T00:41:10.092 INFO  o.a.c.c.AprLifecycleListener 173 - The APR based Apache Tomcat Native library which allows optimal performance in production environments was not found on the java.library.path: [F:\jdk8\jdk\bin;C:\Windows\Sun\Java\bin;C:\Windows\system32;C:\Windows;C:\ProgramData\Oracle\Java\javapath;C:\Windows\system32;C:\Windows;C:\Windows\System32\Wbem;C:\Windows\System32\WindowsPowerShell\v1.0\;F:\jdk8\jdk\bin;F:\jdk8\jdk\jre\bin;F:\apache-maven-3.5.0\bin;C:\Program Files\TortoiseSVN\bin;F:\Git\cmd;F:\scala-2\bin;F:\scala-2\jre\bin;F:\sbt1.0.3\bin;F:\sbt1.0.3\bin;;.]
2019-03-06T00:41:10.631 INFO  o.a.j.s.TldScanner 173 - At least one JAR was scanned for TLDs yet contained no TLDs. Enable debug logging for this logger for a complete list of JARs that were scanned but no TLDs were found in them. Skipping unneeded JARs during scanning can improve startup time and JSP compilation time.
2019-03-06T00:41:10.653 INFO  o.a.c.c.C.[.[.[/] 173 - Initializing Spring embedded WebApplicationContext
2019-03-06T00:41:10.653 INFO  o.s.w.c.ContextLoader 296 - Root WebApplicationContext: initialization completed in 5117 ms
2019-03-06T00:41:11.326 INFO  o.s.s.c.ThreadPoolTaskExecutor 171 - Initializing ExecutorService 'applicationTaskExecutor'
2019-03-06T00:41:12.301 INFO  o.s.b.d.a.OptionalLiveReloadServer 57 - LiveReload server is running on port 35729
2019-03-06T00:41:12.368 INFO  o.a.c.h.Http11NioProtocol 173 - Starting ProtocolHandler ["http-nio-8080"]
2019-03-06T00:41:12.477 INFO  o.s.b.w.e.t.TomcatWebServer 204 - Tomcat started on port(s): 8080 (http) with context path ''
2019-03-06T00:41:12.485 INFO  c.h.s.DemoApplication 59 - Started DemoApplication in 8.207 seconds (JVM running for 14.699)
2019-03-06T00:47:29.134 DEBUG o.s.t.c.j.SpringJUnit4ClassRunner 139 - SpringJUnit4ClassRunner constructor called with [class com.hamlt.springboot.DemoApplicationTests]
2019-03-06T00:47:29.172 DEBUG o.s.t.c.BootstrapUtils 96 - Instantiating CacheAwareContextLoaderDelegate from class [org.springframework.test.context.cache.DefaultCacheAwareContextLoaderDelegate]
2019-03-06T00:47:29.218 DEBUG o.s.t.c.BootstrapUtils 79 - Instantiating BootstrapContext using constructor [public org.springframework.test.context.support.DefaultBootstrapContext(java.lang.Class,org.springframework.test.context.CacheAwareContextLoaderDelegate)]
2019-03-06T00:47:29.263 DEBUG o.s.t.c.BootstrapUtils 132 - Instantiating TestContextBootstrapper for test class [com.hamlt.springboot.DemoApplicationTests] from class [org.springframework.boot.test.context.SpringBootTestContextBootstrapper]
2019-03-06T00:47:29.297 INFO  o.s.b.t.c.SpringBootTestContextBootstrapper 308 - Neither @ContextConfiguration nor @ContextHierarchy found for test class [com.hamlt.springboot.DemoApplicationTests], using SpringBootContextLoader
2019-03-06T00:47:29.304 DEBUG o.s.t.c.s.AbstractContextLoader 258 - Did not detect default resource location for test class [com.hamlt.springboot.DemoApplicationTests]: class path resource [com/hamlt/springboot/DemoApplicationTests-context.xml] does not exist
2019-03-06T00:47:29.305 DEBUG o.s.t.c.s.AbstractContextLoader 258 - Did not detect default resource location for test class [com.hamlt.springboot.DemoApplicationTests]: class path resource [com/hamlt/springboot/DemoApplicationTestsContext.groovy] does not exist
2019-03-06T00:47:29.305 INFO  o.s.t.c.s.AbstractContextLoader 264 - Could not detect default resource locations for test class [com.hamlt.springboot.DemoApplicationTests]: no resource found for suffixes {-context.xml, Context.groovy}.
2019-03-06T00:47:29.306 INFO  o.s.t.c.s.AnnotationConfigContextLoaderUtils 83 - Could not detect default configuration classes for test class [com.hamlt.springboot.DemoApplicationTests]: DemoApplicationTests does not declare any static, non-private, non-final, nested classes annotated with @Configuration.
2019-03-06T00:47:29.441 DEBUG o.s.t.c.s.ActiveProfilesUtils 79 - Could not find an 'annotation declaring class' for annotation type [org.springframework.test.context.ActiveProfiles] and class [com.hamlt.springboot.DemoApplicationTests]
2019-03-06T00:47:29.638 DEBUG o.s.c.a.ClassPathScanningCandidateComponentProvider 437 - Identified candidate component class: file [D:\projects\spring\springboot_war_demo\target\classes\com\hamlt\springboot\DemoApplication.class]
2019-03-06T00:47:29.643 INFO  o.s.b.t.c.SpringBootTestContextBootstrapper 247 - Found @SpringBootConfiguration com.hamlt.springboot.DemoApplication for test class com.hamlt.springboot.DemoApplicationTests
2019-03-06T00:47:29.876 DEBUG o.s.b.t.c.SpringBootTestContextBootstrapper 125 - @TestExecutionListeners is not present for class [com.hamlt.springboot.DemoApplicationTests]: using defaults.
2019-03-06T00:47:29.878 INFO  o.s.b.t.c.SpringBootTestContextBootstrapper 248 - Loaded default TestExecutionListener class names from location [META-INF/spring.factories]: [org.springframework.boot.test.mock.mockito.MockitoTestExecutionListener, org.springframework.boot.test.mock.mockito.ResetMocksTestExecutionListener, org.springframework.boot.test.autoconfigure.restdocs.RestDocsTestExecutionListener, org.springframework.boot.test.autoconfigure.web.client.MockRestServiceServerResetTestExecutionListener, org.springframework.boot.test.autoconfigure.web.servlet.MockMvcPrintOnlyOnFailureTestExecutionListener, org.springframework.boot.test.autoconfigure.web.servlet.WebDriverTestExecutionListener, org.springframework.test.context.web.ServletTestExecutionListener, org.springframework.test.context.support.DirtiesContextBeforeModesTestExecutionListener, org.springframework.test.context.support.DependencyInjectionTestExecutionListener, org.springframework.test.context.support.DirtiesContextTestExecutionListener, org.springframework.test.context.transaction.TransactionalTestExecutionListener, org.springframework.test.context.jdbc.SqlScriptsTestExecutionListener]
2019-03-06T00:47:29.932 INFO  o.s.b.t.c.SpringBootTestContextBootstrapper 177 - Using TestExecutionListeners: [org.springframework.test.context.web.ServletTestExecutionListener@c03cf28, org.springframework.test.context.support.DirtiesContextBeforeModesTestExecutionListener@1329eff, org.springframework.boot.test.mock.mockito.MockitoTestExecutionListener@6497b078, org.springframework.boot.test.autoconfigure.SpringBootDependencyInjectionTestExecutionListener@41c2284a, org.springframework.test.context.support.DirtiesContextTestExecutionListener@53aad5d5, org.springframework.test.context.transaction.TransactionalTestExecutionListener@46fa7c39, org.springframework.test.context.jdbc.SqlScriptsTestExecutionListener@1fb700ee, org.springframework.boot.test.mock.mockito.ResetMocksTestExecutionListener@4f67eb2a, org.springframework.boot.test.autoconfigure.restdocs.RestDocsTestExecutionListener@4a668b6e, org.springframework.boot.test.autoconfigure.web.client.MockRestServiceServerResetTestExecutionListener@5f683daf, org.springframework.boot.test.autoconfigure.web.servlet.MockMvcPrintOnlyOnFailureTestExecutionListener@78ffe6dc, org.springframework.boot.test.autoconfigure.web.servlet.WebDriverTestExecutionListener@8317c52]
2019-03-06T00:47:29.938 DEBUG o.s.t.a.ProfileValueUtils 70 - Retrieved @ProfileValueSourceConfiguration [null] for test class [com.hamlt.springboot.DemoApplicationTests]
2019-03-06T00:47:29.940 DEBUG o.s.t.a.ProfileValueUtils 83 - Retrieved ProfileValueSource type [class org.springframework.test.annotation.SystemProfileValueSource] for class [com.hamlt.springboot.DemoApplicationTests]
2019-03-06T00:47:29.943 DEBUG o.s.t.a.ProfileValueUtils 70 - Retrieved @ProfileValueSourceConfiguration [null] for test class [com.hamlt.springboot.DemoApplicationTests]
2019-03-06T00:47:29.944 DEBUG o.s.t.a.ProfileValueUtils 83 - Retrieved ProfileValueSource type [class org.springframework.test.annotation.SystemProfileValueSource] for class [com.hamlt.springboot.DemoApplicationTests]
2019-03-06T00:47:29.961 DEBUG o.s.t.a.ProfileValueUtils 70 - Retrieved @ProfileValueSourceConfiguration [null] for test class [com.hamlt.springboot.DemoApplicationTests]
2019-03-06T00:47:29.961 DEBUG o.s.t.a.ProfileValueUtils 83 - Retrieved ProfileValueSource type [class org.springframework.test.annotation.SystemProfileValueSource] for class [com.hamlt.springboot.DemoApplicationTests]
2019-03-06T00:47:29.969 DEBUG o.s.t.c.s.AbstractDirtiesContextTestExecutionListener 142 - Before test class: context [DefaultTestContext@6a6afff2 testClass = DemoApplicationTests, testInstance = [null], testMethod = [null], testException = [null], mergedContextConfiguration = [WebMergedContextConfiguration@1649b0e6 testClass = DemoApplicationTests, locations = '{}', classes = '{class com.hamlt.springboot.DemoApplication}', contextInitializerClasses = '[]', activeProfiles = '{}', propertySourceLocations = '{}', propertySourceProperties = '{org.springframework.boot.test.context.SpringBootTestContextBootstrapper=true}', contextCustomizers = set[org.springframework.boot.test.context.filter.ExcludeFilterContextCustomizer@6ee12bac, org.springframework.boot.test.json.DuplicateJsonObjectContextCustomizerFactory$DuplicateJsonObjectContextCustomizer@400cff1a, org.springframework.boot.test.mock.mockito.MockitoContextCustomizer@0, org.springframework.boot.test.web.client.TestRestTemplateContextCustomizer@1f1c7bf6, org.springframework.boot.test.autoconfigure.properties.PropertyMappingContextCustomizer@0, org.springframework.boot.test.autoconfigure.web.servlet.WebDriverContextCustomizerFactory$Customizer@17c1bced], resourceBasePath = 'src/main/webapp', contextLoader = 'org.springframework.boot.test.context.SpringBootContextLoader', parent = [null]], attributes = map['org.springframework.test.context.web.ServletTestExecutionListener.activateListener' -> true]], class annotated with @DirtiesContext [false] with mode [null].
2019-03-06T00:47:29.971 DEBUG o.s.t.a.ProfileValueUtils 70 - Retrieved @ProfileValueSourceConfiguration [null] for test class [com.hamlt.springboot.DemoApplicationTests]
2019-03-06T00:47:29.972 DEBUG o.s.t.a.ProfileValueUtils 83 - Retrieved ProfileValueSource type [class org.springframework.test.annotation.SystemProfileValueSource] for class [com.hamlt.springboot.DemoApplicationTests]
2019-03-06T00:47:30.079 DEBUG o.s.t.c.s.TestPropertySourceUtils 245 - Adding inlined properties to environment: {spring.jmx.enabled=false, org.springframework.boot.test.context.SpringBootTestContextBootstrapper=true, server.port=-1}
2019-03-06T00:47:31.448 INFO  c.h.s.DemoApplicationTests 50 - Starting DemoApplicationTests on PC-201708121922 with PID 6644 (started by Administrator in D:\projects\spring\springboot_war_demo)
2019-03-06T00:47:31.448 INFO  c.h.s.DemoApplicationTests 679 - The following profiles are active: prod
2019-03-06T00:47:36.814 INFO  o.s.s.c.ThreadPoolTaskExecutor 171 - Initializing ExecutorService 'applicationTaskExecutor'
2019-03-06T00:47:38.084 INFO  c.h.s.DemoApplicationTests 59 - Started DemoApplicationTests in 7.843 seconds (JVM running for 11.05)
2019-03-06T00:47:39.165 INFO  o.s.s.c.ThreadPoolTaskExecutor 208 - Shutting down ExecutorService 'applicationTaskExecutor'
2019-03-06T00:48:17.805 INFO  c.h.s.DemoApplication 50 - Starting DemoApplication on PC-201708121922 with PID 80 (D:\projects\spring\springboot_war_demo\target\classes started by Administrator in D:\projects\spring\springboot_war_demo)
2019-03-06T00:48:17.848 INFO  c.h.s.DemoApplication 679 - The following profiles are active: prod
2019-03-06T00:48:17.953 INFO  o.s.b.d.e.DevToolsPropertyDefaultsPostProcessor 227 - Devtools property defaults active! Set 'spring.devtools.add-properties' to 'false' to disable
2019-03-06T00:48:17.954 INFO  o.s.b.d.e.DevToolsPropertyDefaultsPostProcessor 227 - For additional web related logging consider setting the 'logging.level.web' property to 'DEBUG'
2019-03-06T00:48:20.611 INFO  o.s.b.w.e.t.TomcatWebServer 90 - Tomcat initialized with port(s): 8080 (http)
2019-03-06T00:48:20.636 INFO  o.a.c.h.Http11NioProtocol 173 - Initializing ProtocolHandler ["http-nio-8080"]
2019-03-06T00:48:20.649 INFO  o.a.c.c.StandardService 173 - Starting service [Tomcat]
2019-03-06T00:48:20.650 INFO  o.a.c.c.StandardEngine 173 - Starting Servlet engine: [Apache Tomcat/9.0.16]
2019-03-06T00:48:20.657 INFO  o.a.c.c.AprLifecycleListener 173 - The APR based Apache Tomcat Native library which allows optimal performance in production environments was not found on the java.library.path: [F:\jdk8\jdk\bin;C:\Windows\Sun\Java\bin;C:\Windows\system32;C:\Windows;C:\ProgramData\Oracle\Java\javapath;C:\Windows\system32;C:\Windows;C:\Windows\System32\Wbem;C:\Windows\System32\WindowsPowerShell\v1.0\;F:\jdk8\jdk\bin;F:\jdk8\jdk\jre\bin;F:\apache-maven-3.5.0\bin;C:\Program Files\TortoiseSVN\bin;F:\Git\cmd;F:\scala-2\bin;F:\scala-2\jre\bin;F:\sbt1.0.3\bin;F:\sbt1.0.3\bin;;.]
2019-03-06T00:48:20.906 INFO  o.a.j.s.TldScanner 173 - At least one JAR was scanned for TLDs yet contained no TLDs. Enable debug logging for this logger for a complete list of JARs that were scanned but no TLDs were found in them. Skipping unneeded JARs during scanning can improve startup time and JSP compilation time.
2019-03-06T00:48:20.910 INFO  o.a.c.c.C.[.[.[/] 173 - Initializing Spring embedded WebApplicationContext
2019-03-06T00:48:20.911 INFO  o.s.w.c.ContextLoader 296 - Root WebApplicationContext: initialization completed in 2956 ms
2019-03-06T00:48:21.312 INFO  o.s.s.c.ThreadPoolTaskExecutor 171 - Initializing ExecutorService 'applicationTaskExecutor'
2019-03-06T00:48:21.831 INFO  o.s.b.d.a.OptionalLiveReloadServer 57 - LiveReload server is running on port 35729
2019-03-06T00:48:21.887 INFO  o.a.c.h.Http11NioProtocol 173 - Starting ProtocolHandler ["http-nio-8080"]
2019-03-06T00:48:21.927 INFO  o.s.b.w.e.t.TomcatWebServer 204 - Tomcat started on port(s): 8080 (http) with context path ''
2019-03-06T00:48:21.932 INFO  c.h.s.DemoApplication 59 - Started DemoApplication in 4.889 seconds (JVM running for 6.785)
2019-03-06T00:48:48.339 INFO  o.a.c.c.C.[.[.[/] 173 - Initializing Spring DispatcherServlet 'dispatcherServlet'
2019-03-06T00:48:48.340 INFO  o.s.w.s.DispatcherServlet 524 - Initializing Servlet 'dispatcherServlet'
2019-03-06T00:48:48.352 INFO  o.s.w.s.DispatcherServlet 546 - Completed initialization in 12 ms
2019-03-06T00:48:48.374 INFO  c.h.s.i.LoginInterceptor 24 - ---------------------开始进入请求地址拦截----------------------------
2019-03-06T00:48:48.387 INFO  c.h.s.i.LoginInterceptor 30 - --------------处理请求完成后视图渲染之前的处理操作---------------
2019-03-06T00:48:48.435 INFO  c.h.s.i.LoginInterceptor 35 - ---------------视图渲染之后的操作-------------------------
2019-03-06T00:49:10.839 INFO  o.s.s.c.ThreadPoolTaskExecutor 208 - Shutting down ExecutorService 'applicationTaskExecutor'
2019-03-06T00:49:11.185 INFO  c.h.s.DemoApplication 50 - Starting DemoApplication on PC-201708121922 with PID 80 (D:\projects\spring\springboot_war_demo\target\classes started by Administrator in D:\projects\spring\springboot_war_demo)
2019-03-06T00:49:11.186 INFO  c.h.s.DemoApplication 679 - The following profiles are active: prod
2019-03-06T00:49:11.656 INFO  o.s.b.w.e.t.TomcatWebServer 90 - Tomcat initialized with port(s): 8080 (http)
2019-03-06T00:49:11.658 INFO  o.a.c.h.Http11NioProtocol 173 - Initializing ProtocolHandler ["http-nio-8080"]
2019-03-06T00:49:11.660 INFO  o.a.c.c.StandardService 173 - Starting service [Tomcat]
2019-03-06T00:49:11.660 INFO  o.a.c.c.StandardEngine 173 - Starting Servlet engine: [Apache Tomcat/9.0.16]
2019-03-06T00:49:11.921 INFO  o.a.j.s.TldScanner 173 - At least one JAR was scanned for TLDs yet contained no TLDs. Enable debug logging for this logger for a complete list of JARs that were scanned but no TLDs were found in them. Skipping unneeded JARs during scanning can improve startup time and JSP compilation time.
2019-03-06T00:49:11.923 INFO  o.a.c.c.C.[.[.[/] 173 - Initializing Spring embedded WebApplicationContext
2019-03-06T00:49:11.924 INFO  o.s.w.c.ContextLoader 296 - Root WebApplicationContext: initialization completed in 736 ms
2019-03-06T00:49:12.197 INFO  o.s.s.c.ThreadPoolTaskExecutor 171 - Initializing ExecutorService 'applicationTaskExecutor'
2019-03-06T00:49:12.340 INFO  o.s.b.d.a.OptionalLiveReloadServer 57 - LiveReload server is running on port 35729
2019-03-06T00:49:12.367 INFO  o.a.c.h.Http11NioProtocol 173 - Starting ProtocolHandler ["http-nio-8080"]
2019-03-06T00:49:12.376 INFO  o.s.b.w.e.t.TomcatWebServer 204 - Tomcat started on port(s): 8080 (http) with context path ''
2019-03-06T00:49:12.377 INFO  c.h.s.DemoApplication 59 - Started DemoApplication in 1.228 seconds (JVM running for 57.231)
2019-03-06T00:49:12.380 INFO  o.s.b.d.a.ConditionEvaluationDeltaLoggingListener 70 - Condition evaluation unchanged
2019-03-06T00:49:19.006 INFO  o.a.c.c.C.[.[.[/] 173 - Initializing Spring DispatcherServlet 'dispatcherServlet'
2019-03-06T00:49:19.007 INFO  o.s.w.s.DispatcherServlet 524 - Initializing Servlet 'dispatcherServlet'
2019-03-06T00:49:19.015 INFO  o.s.w.s.DispatcherServlet 546 - Completed initialization in 8 ms
2019-03-06T00:49:19.016 INFO  c.h.s.i.LoginInterceptor 24 - ---------------------开始进入请求地址拦截----------------------------
2019-03-06T00:49:19.017 INFO  c.h.s.i.LoginInterceptor 30 - --------------处理请求完成后视图渲染之前的处理操作---------------
2019-03-06T00:49:19.029 INFO  c.h.s.i.LoginInterceptor 35 - ---------------视图渲染之后的操作-------------------------
2019-03-06T00:49:19.543 INFO  c.h.s.i.LoginInterceptor 24 - ---------------------开始进入请求地址拦截----------------------------
2019-03-06T00:49:19.544 INFO  c.h.s.i.LoginInterceptor 30 - --------------处理请求完成后视图渲染之前的处理操作---------------
2019-03-06T00:49:19.547 INFO  c.h.s.i.LoginInterceptor 35 - ---------------视图渲染之后的操作-------------------------
2019-03-06T00:49:19.803 INFO  c.h.s.i.LoginInterceptor 24 - ---------------------开始进入请求地址拦截----------------------------
2019-03-06T00:49:19.803 INFO  c.h.s.i.LoginInterceptor 30 - --------------处理请求完成后视图渲染之前的处理操作---------------
2019-03-06T00:49:19.805 INFO  c.h.s.i.LoginInterceptor 35 - ---------------视图渲染之后的操作-------------------------
2019-03-06T00:49:20.138 INFO  c.h.s.i.LoginInterceptor 24 - ---------------------开始进入请求地址拦截----------------------------
2019-03-06T00:49:20.139 INFO  c.h.s.i.LoginInterceptor 30 - --------------处理请求完成后视图渲染之前的处理操作---------------
2019-03-06T00:49:20.143 INFO  c.h.s.i.LoginInterceptor 35 - ---------------视图渲染之后的操作-------------------------
2019-03-06T00:49:20.311 INFO  c.h.s.i.LoginInterceptor 24 - ---------------------开始进入请求地址拦截----------------------------
2019-03-06T00:49:20.312 INFO  c.h.s.i.LoginInterceptor 30 - --------------处理请求完成后视图渲染之前的处理操作---------------
2019-03-06T00:49:20.314 INFO  c.h.s.i.LoginInterceptor 35 - ---------------视图渲染之后的操作-------------------------
2019-03-06T00:49:20.479 INFO  c.h.s.i.LoginInterceptor 24 - ---------------------开始进入请求地址拦截----------------------------
2019-03-06T00:49:20.480 INFO  c.h.s.i.LoginInterceptor 30 - --------------处理请求完成后视图渲染之前的处理操作---------------
2019-03-06T00:49:20.482 INFO  c.h.s.i.LoginInterceptor 35 - ---------------视图渲染之后的操作-------------------------
2019-03-06T00:49:20.653 INFO  c.h.s.i.LoginInterceptor 24 - ---------------------开始进入请求地址拦截----------------------------
2019-03-06T00:49:20.654 INFO  c.h.s.i.LoginInterceptor 30 - --------------处理请求完成后视图渲染之前的处理操作---------------
2019-03-06T00:49:20.657 INFO  c.h.s.i.LoginInterceptor 35 - ---------------视图渲染之后的操作-------------------------
2019-03-06T00:49:20.817 INFO  c.h.s.i.LoginInterceptor 24 - ---------------------开始进入请求地址拦截----------------------------
2019-03-06T00:49:20.819 INFO  c.h.s.i.LoginInterceptor 30 - --------------处理请求完成后视图渲染之前的处理操作---------------
2019-03-06T00:49:20.827 INFO  c.h.s.i.LoginInterceptor 35 - ---------------视图渲染之后的操作-------------------------
2019-03-06T00:49:20.985 INFO  c.h.s.i.LoginInterceptor 24 - ---------------------开始进入请求地址拦截----------------------------
2019-03-06T00:49:20.988 INFO  c.h.s.i.LoginInterceptor 30 - --------------处理请求完成后视图渲染之前的处理操作---------------
2019-03-06T00:49:20.992 INFO  c.h.s.i.LoginInterceptor 35 - ---------------视图渲染之后的操作-------------------------
2019-03-06T00:49:21.150 INFO  c.h.s.i.LoginInterceptor 24 - ---------------------开始进入请求地址拦截----------------------------
2019-03-06T00:49:21.151 INFO  c.h.s.i.LoginInterceptor 30 - --------------处理请求完成后视图渲染之前的处理操作---------------
2019-03-06T00:49:21.155 INFO  c.h.s.i.LoginInterceptor 35 - ---------------视图渲染之后的操作-------------------------
2019-03-06T00:49:26.918 INFO  c.h.s.i.LoginInterceptor 24 - ---------------------开始进入请求地址拦截----------------------------
2019-03-06T00:49:26.919 INFO  c.h.s.i.LoginInterceptor 30 - --------------处理请求完成后视图渲染之前的处理操作---------------
2019-03-06T00:49:26.924 INFO  c.h.s.i.LoginInterceptor 35 - ---------------视图渲染之后的操作-------------------------
2019-03-06T00:49:38.896 INFO  c.h.s.DemoApplication 50 - Starting DemoApplication on PC-201708121922 with PID 8024 (D:\projects\spring\springboot_war_demo\target\classes started by Administrator in D:\projects\spring\springboot_war_demo)
2019-03-06T00:49:38.902 INFO  c.h.s.DemoApplication 679 - The following profiles are active: prod
2019-03-06T00:49:39.074 INFO  o.s.b.d.e.DevToolsPropertyDefaultsPostProcessor 227 - Devtools property defaults active! Set 'spring.devtools.add-properties' to 'false' to disable
2019-03-06T00:49:39.075 INFO  o.s.b.d.e.DevToolsPropertyDefaultsPostProcessor 227 - For additional web related logging consider setting the 'logging.level.web' property to 'DEBUG'
2019-03-06T00:49:42.295 INFO  o.s.b.w.e.t.TomcatWebServer 90 - Tomcat initialized with port(s): 8080 (http)
2019-03-06T00:49:42.314 INFO  o.a.c.h.Http11NioProtocol 173 - Initializing ProtocolHandler ["http-nio-8080"]
2019-03-06T00:49:42.329 INFO  o.a.c.c.StandardService 173 - Starting service [Tomcat]
2019-03-06T00:49:42.329 INFO  o.a.c.c.StandardEngine 173 - Starting Servlet engine: [Apache Tomcat/9.0.16]
2019-03-06T00:49:42.339 INFO  o.a.c.c.AprLifecycleListener 173 - The APR based Apache Tomcat Native library which allows optimal performance in production environments was not found on the java.library.path: [F:\jdk8\jdk\bin;C:\Windows\Sun\Java\bin;C:\Windows\system32;C:\Windows;C:\ProgramData\Oracle\Java\javapath;C:\Windows\system32;C:\Windows;C:\Windows\System32\Wbem;C:\Windows\System32\WindowsPowerShell\v1.0\;F:\jdk8\jdk\bin;F:\jdk8\jdk\jre\bin;F:\apache-maven-3.5.0\bin;C:\Program Files\TortoiseSVN\bin;F:\Git\cmd;F:\scala-2\bin;F:\scala-2\jre\bin;F:\sbt1.0.3\bin;F:\sbt1.0.3\bin;;.]
2019-03-06T00:49:42.629 INFO  o.a.j.s.TldScanner 173 - At least one JAR was scanned for TLDs yet contained no TLDs. Enable debug logging for this logger for a complete list of JARs that were scanned but no TLDs were found in them. Skipping unneeded JARs during scanning can improve startup time and JSP compilation time.
2019-03-06T00:49:42.633 INFO  o.a.c.c.C.[.[.[/] 173 - Initializing Spring embedded WebApplicationContext
2019-03-06T00:49:42.633 INFO  o.s.w.c.ContextLoader 296 - Root WebApplicationContext: initialization completed in 3556 ms
2019-03-06T00:49:43.019 INFO  o.s.s.c.ThreadPoolTaskExecutor 171 - Initializing ExecutorService 'applicationTaskExecutor'
2019-03-06T00:49:44.067 INFO  o.s.b.d.a.OptionalLiveReloadServer 57 - LiveReload server is running on port 35729
2019-03-06T00:49:44.118 INFO  o.a.c.h.Http11NioProtocol 173 - Starting ProtocolHandler ["http-nio-8080"]
2019-03-06T00:49:44.157 INFO  o.s.b.w.e.t.TomcatWebServer 204 - Tomcat started on port(s): 8080 (http) with context path ''
2019-03-06T00:49:44.160 INFO  c.h.s.DemoApplication 59 - Started DemoApplication in 6.111 seconds (JVM running for 8.122)
2019-03-06T00:49:48.124 INFO  o.a.c.c.C.[.[.[/] 173 - Initializing Spring DispatcherServlet 'dispatcherServlet'
2019-03-06T00:49:48.125 INFO  o.s.w.s.DispatcherServlet 524 - Initializing Servlet 'dispatcherServlet'
2019-03-06T00:49:48.135 INFO  o.s.w.s.DispatcherServlet 546 - Completed initialization in 10 ms
2019-03-06T00:49:48.152 INFO  c.h.s.i.LoginInterceptor 24 - ---------------------开始进入请求地址拦截----------------------------
2019-03-06T00:49:48.164 INFO  c.h.s.i.LoginInterceptor 30 - --------------处理请求完成后视图渲染之前的处理操作---------------
2019-03-06T00:49:48.739 INFO  c.h.s.i.LoginInterceptor 35 - ---------------视图渲染之后的操作-------------------------
2019-03-06T00:52:05.082 DEBUG o.s.t.c.j.SpringJUnit4ClassRunner 139 - SpringJUnit4ClassRunner constructor called with [class com.hamlt.springboot.DemoApplicationTests]
2019-03-06T00:52:05.097 DEBUG o.s.t.c.BootstrapUtils 96 - Instantiating CacheAwareContextLoaderDelegate from class [org.springframework.test.context.cache.DefaultCacheAwareContextLoaderDelegate]
2019-03-06T00:52:05.112 DEBUG o.s.t.c.BootstrapUtils 79 - Instantiating BootstrapContext using constructor [public org.springframework.test.context.support.DefaultBootstrapContext(java.lang.Class,org.springframework.test.context.CacheAwareContextLoaderDelegate)]
2019-03-06T00:52:05.152 DEBUG o.s.t.c.BootstrapUtils 132 - Instantiating TestContextBootstrapper for test class [com.hamlt.springboot.DemoApplicationTests] from class [org.springframework.boot.test.context.SpringBootTestContextBootstrapper]
2019-03-06T00:52:05.176 INFO  o.s.b.t.c.SpringBootTestContextBootstrapper 308 - Neither @ContextConfiguration nor @ContextHierarchy found for test class [com.hamlt.springboot.DemoApplicationTests], using SpringBootContextLoader
2019-03-06T00:52:05.184 DEBUG o.s.t.c.s.AbstractContextLoader 258 - Did not detect default resource location for test class [com.hamlt.springboot.DemoApplicationTests]: class path resource [com/hamlt/springboot/DemoApplicationTests-context.xml] does not exist
2019-03-06T00:52:05.185 DEBUG o.s.t.c.s.AbstractContextLoader 258 - Did not detect default resource location for test class [com.hamlt.springboot.DemoApplicationTests]: class path resource [com/hamlt/springboot/DemoApplicationTestsContext.groovy] does not exist
2019-03-06T00:52:05.186 INFO  o.s.t.c.s.AbstractContextLoader 264 - Could not detect default resource locations for test class [com.hamlt.springboot.DemoApplicationTests]: no resource found for suffixes {-context.xml, Context.groovy}.
2019-03-06T00:52:05.187 INFO  o.s.t.c.s.AnnotationConfigContextLoaderUtils 83 - Could not detect default configuration classes for test class [com.hamlt.springboot.DemoApplicationTests]: DemoApplicationTests does not declare any static, non-private, non-final, nested classes annotated with @Configuration.
2019-03-06T00:52:05.293 DEBUG o.s.t.c.s.ActiveProfilesUtils 79 - Could not find an 'annotation declaring class' for annotation type [org.springframework.test.context.ActiveProfiles] and class [com.hamlt.springboot.DemoApplicationTests]
2019-03-06T00:52:05.559 DEBUG o.s.c.a.ClassPathScanningCandidateComponentProvider 437 - Identified candidate component class: file [D:\projects\spring\springboot_war_demo\target\classes\com\hamlt\springboot\DemoApplication.class]
2019-03-06T00:52:05.565 INFO  o.s.b.t.c.SpringBootTestContextBootstrapper 247 - Found @SpringBootConfiguration com.hamlt.springboot.DemoApplication for test class com.hamlt.springboot.DemoApplicationTests
2019-03-06T00:52:05.699 DEBUG o.s.b.t.c.SpringBootTestContextBootstrapper 125 - @TestExecutionListeners is not present for class [com.hamlt.springboot.DemoApplicationTests]: using defaults.
2019-03-06T00:52:05.700 INFO  o.s.b.t.c.SpringBootTestContextBootstrapper 248 - Loaded default TestExecutionListener class names from location [META-INF/spring.factories]: [org.springframework.boot.test.mock.mockito.MockitoTestExecutionListener, org.springframework.boot.test.mock.mockito.ResetMocksTestExecutionListener, org.springframework.boot.test.autoconfigure.restdocs.RestDocsTestExecutionListener, org.springframework.boot.test.autoconfigure.web.client.MockRestServiceServerResetTestExecutionListener, org.springframework.boot.test.autoconfigure.web.servlet.MockMvcPrintOnlyOnFailureTestExecutionListener, org.springframework.boot.test.autoconfigure.web.servlet.WebDriverTestExecutionListener, org.springframework.test.context.web.ServletTestExecutionListener, org.springframework.test.context.support.DirtiesContextBeforeModesTestExecutionListener, org.springframework.test.context.support.DependencyInjectionTestExecutionListener, org.springframework.test.context.support.DirtiesContextTestExecutionListener, org.springframework.test.context.transaction.TransactionalTestExecutionListener, org.springframework.test.context.jdbc.SqlScriptsTestExecutionListener]
2019-03-06T00:52:05.731 INFO  o.s.b.t.c.SpringBootTestContextBootstrapper 177 - Using TestExecutionListeners: [org.springframework.test.context.web.ServletTestExecutionListener@c03cf28, org.springframework.test.context.support.DirtiesContextBeforeModesTestExecutionListener@1329eff, org.springframework.boot.test.mock.mockito.MockitoTestExecutionListener@6497b078, org.springframework.boot.test.autoconfigure.SpringBootDependencyInjectionTestExecutionListener@41c2284a, org.springframework.test.context.support.DirtiesContextTestExecutionListener@53aad5d5, org.springframework.test.context.transaction.TransactionalTestExecutionListener@46fa7c39, org.springframework.test.context.jdbc.SqlScriptsTestExecutionListener@1fb700ee, org.springframework.boot.test.mock.mockito.ResetMocksTestExecutionListener@4f67eb2a, org.springframework.boot.test.autoconfigure.restdocs.RestDocsTestExecutionListener@4a668b6e, org.springframework.boot.test.autoconfigure.web.client.MockRestServiceServerResetTestExecutionListener@5f683daf, org.springframework.boot.test.autoconfigure.web.servlet.MockMvcPrintOnlyOnFailureTestExecutionListener@78ffe6dc, org.springframework.boot.test.autoconfigure.web.servlet.WebDriverTestExecutionListener@8317c52]
2019-03-06T00:52:05.734 DEBUG o.s.t.a.ProfileValueUtils 70 - Retrieved @ProfileValueSourceConfiguration [null] for test class [com.hamlt.springboot.DemoApplicationTests]
2019-03-06T00:52:05.735 DEBUG o.s.t.a.ProfileValueUtils 83 - Retrieved ProfileValueSource type [class org.springframework.test.annotation.SystemProfileValueSource] for class [com.hamlt.springboot.DemoApplicationTests]
2019-03-06T00:52:05.737 DEBUG o.s.t.a.ProfileValueUtils 70 - Retrieved @ProfileValueSourceConfiguration [null] for test class [com.hamlt.springboot.DemoApplicationTests]
2019-03-06T00:52:05.738 DEBUG o.s.t.a.ProfileValueUtils 83 - Retrieved ProfileValueSource type [class org.springframework.test.annotation.SystemProfileValueSource] for class [com.hamlt.springboot.DemoApplicationTests]
2019-03-06T00:52:05.740 DEBUG o.s.t.a.ProfileValueUtils 70 - Retrieved @ProfileValueSourceConfiguration [null] for test class [com.hamlt.springboot.DemoApplicationTests]
2019-03-06T00:52:05.740 DEBUG o.s.t.a.ProfileValueUtils 83 - Retrieved ProfileValueSource type [class org.springframework.test.annotation.SystemProfileValueSource] for class [com.hamlt.springboot.DemoApplicationTests]
2019-03-06T00:52:05.750 DEBUG o.s.t.c.s.AbstractDirtiesContextTestExecutionListener 142 - Before test class: context [DefaultTestContext@6a6afff2 testClass = DemoApplicationTests, testInstance = [null], testMethod = [null], testException = [null], mergedContextConfiguration = [WebMergedContextConfiguration@1649b0e6 testClass = DemoApplicationTests, locations = '{}', classes = '{class com.hamlt.springboot.DemoApplication}', contextInitializerClasses = '[]', activeProfiles = '{}', propertySourceLocations = '{}', propertySourceProperties = '{org.springframework.boot.test.context.SpringBootTestContextBootstrapper=true}', contextCustomizers = set[org.springframework.boot.test.context.filter.ExcludeFilterContextCustomizer@6ee12bac, org.springframework.boot.test.json.DuplicateJsonObjectContextCustomizerFactory$DuplicateJsonObjectContextCustomizer@400cff1a, org.springframework.boot.test.mock.mockito.MockitoContextCustomizer@0, org.springframework.boot.test.web.client.TestRestTemplateContextCustomizer@1f1c7bf6, org.springframework.boot.test.autoconfigure.properties.PropertyMappingContextCustomizer@0, org.springframework.boot.test.autoconfigure.web.servlet.WebDriverContextCustomizerFactory$Customizer@17c1bced], resourceBasePath = 'src/main/webapp', contextLoader = 'org.springframework.boot.test.context.SpringBootContextLoader', parent = [null]], attributes = map['org.springframework.test.context.web.ServletTestExecutionListener.activateListener' -> true]], class annotated with @DirtiesContext [false] with mode [null].
2019-03-06T00:52:05.751 DEBUG o.s.t.a.ProfileValueUtils 70 - Retrieved @ProfileValueSourceConfiguration [null] for test class [com.hamlt.springboot.DemoApplicationTests]
2019-03-06T00:52:05.752 DEBUG o.s.t.a.ProfileValueUtils 83 - Retrieved ProfileValueSource type [class org.springframework.test.annotation.SystemProfileValueSource] for class [com.hamlt.springboot.DemoApplicationTests]
2019-03-06T00:52:05.798 DEBUG o.s.t.c.s.TestPropertySourceUtils 245 - Adding inlined properties to environment: {spring.jmx.enabled=false, org.springframework.boot.test.context.SpringBootTestContextBootstrapper=true, server.port=-1}
2019-03-06T00:52:06.364 INFO  c.h.s.DemoApplicationTests 50 - Starting DemoApplicationTests on PC-201708121922 with PID 2388 (started by Administrator in D:\projects\spring\springboot_war_demo)
2019-03-06T00:52:06.365 INFO  c.h.s.DemoApplicationTests 679 - The following profiles are active: prod
2019-03-06T00:52:11.426 INFO  o.s.s.c.ThreadPoolTaskExecutor 171 - Initializing ExecutorService 'applicationTaskExecutor'
2019-03-06T00:52:12.699 INFO  c.h.s.DemoApplicationTests 59 - Started DemoApplicationTests in 6.886 seconds (JVM running for 8.851)
2019-03-06T00:52:13.225 INFO  o.s.s.c.ThreadPoolTaskExecutor 208 - Shutting down ExecutorService 'applicationTaskExecutor'
2019-03-06T00:53:46.622 DEBUG o.s.t.c.j.SpringJUnit4ClassRunner 139 - SpringJUnit4ClassRunner constructor called with [class com.hamlt.springboot.DemoApplicationTests]
2019-03-06T00:53:46.635 DEBUG o.s.t.c.BootstrapUtils 96 - Instantiating CacheAwareContextLoaderDelegate from class [org.springframework.test.context.cache.DefaultCacheAwareContextLoaderDelegate]
2019-03-06T00:53:46.650 DEBUG o.s.t.c.BootstrapUtils 79 - Instantiating BootstrapContext using constructor [public org.springframework.test.context.support.DefaultBootstrapContext(java.lang.Class,org.springframework.test.context.CacheAwareContextLoaderDelegate)]
2019-03-06T00:53:46.687 DEBUG o.s.t.c.BootstrapUtils 132 - Instantiating TestContextBootstrapper for test class [com.hamlt.springboot.DemoApplicationTests] from class [org.springframework.boot.test.context.SpringBootTestContextBootstrapper]
2019-03-06T00:53:46.704 INFO  o.s.b.t.c.SpringBootTestContextBootstrapper 308 - Neither @ContextConfiguration nor @ContextHierarchy found for test class [com.hamlt.springboot.DemoApplicationTests], using SpringBootContextLoader
2019-03-06T00:53:46.710 DEBUG o.s.t.c.s.AbstractContextLoader 258 - Did not detect default resource location for test class [com.hamlt.springboot.DemoApplicationTests]: class path resource [com/hamlt/springboot/DemoApplicationTests-context.xml] does not exist
2019-03-06T00:53:46.711 DEBUG o.s.t.c.s.AbstractContextLoader 258 - Did not detect default resource location for test class [com.hamlt.springboot.DemoApplicationTests]: class path resource [com/hamlt/springboot/DemoApplicationTestsContext.groovy] does not exist
2019-03-06T00:53:46.711 INFO  o.s.t.c.s.AbstractContextLoader 264 - Could not detect default resource locations for test class [com.hamlt.springboot.DemoApplicationTests]: no resource found for suffixes {-context.xml, Context.groovy}.
2019-03-06T00:53:46.713 INFO  o.s.t.c.s.AnnotationConfigContextLoaderUtils 83 - Could not detect default configuration classes for test class [com.hamlt.springboot.DemoApplicationTests]: DemoApplicationTests does not declare any static, non-private, non-final, nested classes annotated with @Configuration.
2019-03-06T00:53:46.785 DEBUG o.s.t.c.s.ActiveProfilesUtils 79 - Could not find an 'annotation declaring class' for annotation type [org.springframework.test.context.ActiveProfiles] and class [com.hamlt.springboot.DemoApplicationTests]
2019-03-06T00:53:46.922 DEBUG o.s.c.a.ClassPathScanningCandidateComponentProvider 437 - Identified candidate component class: file [D:\projects\spring\springboot_war_demo\target\classes\com\hamlt\springboot\DemoApplication.class]
2019-03-06T00:53:46.928 INFO  o.s.b.t.c.SpringBootTestContextBootstrapper 247 - Found @SpringBootConfiguration com.hamlt.springboot.DemoApplication for test class com.hamlt.springboot.DemoApplicationTests
2019-03-06T00:53:47.072 DEBUG o.s.b.t.c.SpringBootTestContextBootstrapper 125 - @TestExecutionListeners is not present for class [com.hamlt.springboot.DemoApplicationTests]: using defaults.
2019-03-06T00:53:47.116 INFO  o.s.b.t.c.SpringBootTestContextBootstrapper 248 - Loaded default TestExecutionListener class names from location [META-INF/spring.factories]: [org.springframework.boot.test.mock.mockito.MockitoTestExecutionListener, org.springframework.boot.test.mock.mockito.ResetMocksTestExecutionListener, org.springframework.boot.test.autoconfigure.restdocs.RestDocsTestExecutionListener, org.springframework.boot.test.autoconfigure.web.client.MockRestServiceServerResetTestExecutionListener, org.springframework.boot.test.autoconfigure.web.servlet.MockMvcPrintOnlyOnFailureTestExecutionListener, org.springframework.boot.test.autoconfigure.web.servlet.WebDriverTestExecutionListener, org.springframework.test.context.web.ServletTestExecutionListener, org.springframework.test.context.support.DirtiesContextBeforeModesTestExecutionListener, org.springframework.test.context.support.DependencyInjectionTestExecutionListener, org.springframework.test.context.support.DirtiesContextTestExecutionListener, org.springframework.test.context.transaction.TransactionalTestExecutionListener, org.springframework.test.context.jdbc.SqlScriptsTestExecutionListener]
2019-03-06T00:53:47.144 INFO  o.s.b.t.c.SpringBootTestContextBootstrapper 177 - Using TestExecutionListeners: [org.springframework.test.context.web.ServletTestExecutionListener@c03cf28, org.springframework.test.context.support.DirtiesContextBeforeModesTestExecutionListener@1329eff, org.springframework.boot.test.mock.mockito.MockitoTestExecutionListener@6497b078, org.springframework.boot.test.autoconfigure.SpringBootDependencyInjectionTestExecutionListener@41c2284a, org.springframework.test.context.support.DirtiesContextTestExecutionListener@53aad5d5, org.springframework.test.context.transaction.TransactionalTestExecutionListener@46fa7c39, org.springframework.test.context.jdbc.SqlScriptsTestExecutionListener@1fb700ee, org.springframework.boot.test.mock.mockito.ResetMocksTestExecutionListener@4f67eb2a, org.springframework.boot.test.autoconfigure.restdocs.RestDocsTestExecutionListener@4a668b6e, org.springframework.boot.test.autoconfigure.web.client.MockRestServiceServerResetTestExecutionListener@5f683daf, org.springframework.boot.test.autoconfigure.web.servlet.MockMvcPrintOnlyOnFailureTestExecutionListener@78ffe6dc, org.springframework.boot.test.autoconfigure.web.servlet.WebDriverTestExecutionListener@8317c52]
2019-03-06T00:53:47.148 DEBUG o.s.t.a.ProfileValueUtils 70 - Retrieved @ProfileValueSourceConfiguration [null] for test class [com.hamlt.springboot.DemoApplicationTests]
2019-03-06T00:53:47.150 DEBUG o.s.t.a.ProfileValueUtils 83 - Retrieved ProfileValueSource type [class org.springframework.test.annotation.SystemProfileValueSource] for class [com.hamlt.springboot.DemoApplicationTests]
2019-03-06T00:53:47.153 DEBUG o.s.t.a.ProfileValueUtils 70 - Retrieved @ProfileValueSourceConfiguration [null] for test class [com.hamlt.springboot.DemoApplicationTests]
2019-03-06T00:53:47.154 DEBUG o.s.t.a.ProfileValueUtils 83 - Retrieved ProfileValueSource type [class org.springframework.test.annotation.SystemProfileValueSource] for class [com.hamlt.springboot.DemoApplicationTests]
2019-03-06T00:53:47.155 DEBUG o.s.t.a.ProfileValueUtils 70 - Retrieved @ProfileValueSourceConfiguration [null] for test class [com.hamlt.springboot.DemoApplicationTests]
2019-03-06T00:53:47.156 DEBUG o.s.t.a.ProfileValueUtils 83 - Retrieved ProfileValueSource type [class org.springframework.test.annotation.SystemProfileValueSource] for class [com.hamlt.springboot.DemoApplicationTests]
2019-03-06T00:53:47.165 DEBUG o.s.t.c.s.AbstractDirtiesContextTestExecutionListener 142 - Before test class: context [DefaultTestContext@6a6afff2 testClass = DemoApplicationTests, testInstance = [null], testMethod = [null], testException = [null], mergedContextConfiguration = [WebMergedContextConfiguration@1649b0e6 testClass = DemoApplicationTests, locations = '{}', classes = '{class com.hamlt.springboot.DemoApplication}', contextInitializerClasses = '[]', activeProfiles = '{}', propertySourceLocations = '{}', propertySourceProperties = '{org.springframework.boot.test.context.SpringBootTestContextBootstrapper=true}', contextCustomizers = set[org.springframework.boot.test.context.filter.ExcludeFilterContextCustomizer@6ee12bac, org.springframework.boot.test.json.DuplicateJsonObjectContextCustomizerFactory$DuplicateJsonObjectContextCustomizer@400cff1a, org.springframework.boot.test.mock.mockito.MockitoContextCustomizer@0, org.springframework.boot.test.web.client.TestRestTemplateContextCustomizer@1f1c7bf6, org.springframework.boot.test.autoconfigure.properties.PropertyMappingContextCustomizer@0, org.springframework.boot.test.autoconfigure.web.servlet.WebDriverContextCustomizerFactory$Customizer@17c1bced], resourceBasePath = 'src/main/webapp', contextLoader = 'org.springframework.boot.test.context.SpringBootContextLoader', parent = [null]], attributes = map['org.springframework.test.context.web.ServletTestExecutionListener.activateListener' -> true]], class annotated with @DirtiesContext [false] with mode [null].
2019-03-06T00:53:47.167 DEBUG o.s.t.a.ProfileValueUtils 70 - Retrieved @ProfileValueSourceConfiguration [null] for test class [com.hamlt.springboot.DemoApplicationTests]
2019-03-06T00:53:47.167 DEBUG o.s.t.a.ProfileValueUtils 83 - Retrieved ProfileValueSource type [class org.springframework.test.annotation.SystemProfileValueSource] for class [com.hamlt.springboot.DemoApplicationTests]
2019-03-06T00:53:47.223 DEBUG o.s.t.c.s.TestPropertySourceUtils 245 - Adding inlined properties to environment: {spring.jmx.enabled=false, org.springframework.boot.test.context.SpringBootTestContextBootstrapper=true, server.port=-1}
2019-03-06T00:53:47.725 INFO  c.h.s.DemoApplicationTests 50 - Starting DemoApplicationTests on PC-201708121922 with PID 4108 (started by Administrator in D:\projects\spring\springboot_war_demo)
2019-03-06T00:53:47.726 INFO  c.h.s.DemoApplicationTests 679 - The following profiles are active: prod
2019-03-06T00:53:52.696 INFO  o.s.s.c.ThreadPoolTaskExecutor 171 - Initializing ExecutorService 'applicationTaskExecutor'
2019-03-06T00:53:54.012 INFO  c.h.s.DemoApplicationTests 59 - Started DemoApplicationTests in 6.759 seconds (JVM running for 8.429)
2019-03-06T00:53:54.515 INFO  o.s.s.c.ThreadPoolTaskExecutor 208 - Shutting down ExecutorService 'applicationTaskExecutor'
2019-03-06T00:54:29.187 DEBUG o.s.t.c.j.SpringJUnit4ClassRunner 139 - SpringJUnit4ClassRunner constructor called with [class com.hamlt.springboot.DemoApplicationTests]
2019-03-06T00:54:29.198 DEBUG o.s.t.c.BootstrapUtils 96 - Instantiating CacheAwareContextLoaderDelegate from class [org.springframework.test.context.cache.DefaultCacheAwareContextLoaderDelegate]
2019-03-06T00:54:29.211 DEBUG o.s.t.c.BootstrapUtils 79 - Instantiating BootstrapContext using constructor [public org.springframework.test.context.support.DefaultBootstrapContext(java.lang.Class,org.springframework.test.context.CacheAwareContextLoaderDelegate)]
2019-03-06T00:54:29.240 DEBUG o.s.t.c.BootstrapUtils 132 - Instantiating TestContextBootstrapper for test class [com.hamlt.springboot.DemoApplicationTests] from class [org.springframework.boot.test.context.SpringBootTestContextBootstrapper]
2019-03-06T00:54:29.257 INFO  o.s.b.t.c.SpringBootTestContextBootstrapper 308 - Neither @ContextConfiguration nor @ContextHierarchy found for test class [com.hamlt.springboot.DemoApplicationTests], using SpringBootContextLoader
2019-03-06T00:54:29.263 DEBUG o.s.t.c.s.AbstractContextLoader 258 - Did not detect default resource location for test class [com.hamlt.springboot.DemoApplicationTests]: class path resource [com/hamlt/springboot/DemoApplicationTests-context.xml] does not exist
2019-03-06T00:54:29.264 DEBUG o.s.t.c.s.AbstractContextLoader 258 - Did not detect default resource location for test class [com.hamlt.springboot.DemoApplicationTests]: class path resource [com/hamlt/springboot/DemoApplicationTestsContext.groovy] does not exist
2019-03-06T00:54:29.264 INFO  o.s.t.c.s.AbstractContextLoader 264 - Could not detect default resource locations for test class [com.hamlt.springboot.DemoApplicationTests]: no resource found for suffixes {-context.xml, Context.groovy}.
2019-03-06T00:54:29.265 INFO  o.s.t.c.s.AnnotationConfigContextLoaderUtils 83 - Could not detect default configuration classes for test class [com.hamlt.springboot.DemoApplicationTests]: DemoApplicationTests does not declare any static, non-private, non-final, nested classes annotated with @Configuration.
2019-03-06T00:54:29.338 DEBUG o.s.t.c.s.ActiveProfilesUtils 79 - Could not find an 'annotation declaring class' for annotation type [org.springframework.test.context.ActiveProfiles] and class [com.hamlt.springboot.DemoApplicationTests]
2019-03-06T00:54:29.463 DEBUG o.s.c.a.ClassPathScanningCandidateComponentProvider 437 - Identified candidate component class: file [D:\projects\spring\springboot_war_demo\target\classes\com\hamlt\springboot\DemoApplication.class]
2019-03-06T00:54:29.469 INFO  o.s.b.t.c.SpringBootTestContextBootstrapper 247 - Found @SpringBootConfiguration com.hamlt.springboot.DemoApplication for test class com.hamlt.springboot.DemoApplicationTests
2019-03-06T00:54:29.602 DEBUG o.s.b.t.c.SpringBootTestContextBootstrapper 125 - @TestExecutionListeners is not present for class [com.hamlt.springboot.DemoApplicationTests]: using defaults.
2019-03-06T00:54:29.603 INFO  o.s.b.t.c.SpringBootTestContextBootstrapper 248 - Loaded default TestExecutionListener class names from location [META-INF/spring.factories]: [org.springframework.boot.test.mock.mockito.MockitoTestExecutionListener, org.springframework.boot.test.mock.mockito.ResetMocksTestExecutionListener, org.springframework.boot.test.autoconfigure.restdocs.RestDocsTestExecutionListener, org.springframework.boot.test.autoconfigure.web.client.MockRestServiceServerResetTestExecutionListener, org.springframework.boot.test.autoconfigure.web.servlet.MockMvcPrintOnlyOnFailureTestExecutionListener, org.springframework.boot.test.autoconfigure.web.servlet.WebDriverTestExecutionListener, org.springframework.test.context.web.ServletTestExecutionListener, org.springframework.test.context.support.DirtiesContextBeforeModesTestExecutionListener, org.springframework.test.context.support.DependencyInjectionTestExecutionListener, org.springframework.test.context.support.DirtiesContextTestExecutionListener, org.springframework.test.context.transaction.TransactionalTestExecutionListener, org.springframework.test.context.jdbc.SqlScriptsTestExecutionListener]
2019-03-06T00:54:29.627 INFO  o.s.b.t.c.SpringBootTestContextBootstrapper 177 - Using TestExecutionListeners: [org.springframework.test.context.web.ServletTestExecutionListener@c03cf28, org.springframework.test.context.support.DirtiesContextBeforeModesTestExecutionListener@1329eff, org.springframework.boot.test.mock.mockito.MockitoTestExecutionListener@6497b078, org.springframework.boot.test.autoconfigure.SpringBootDependencyInjectionTestExecutionListener@41c2284a, org.springframework.test.context.support.DirtiesContextTestExecutionListener@53aad5d5, org.springframework.test.context.transaction.TransactionalTestExecutionListener@46fa7c39, org.springframework.test.context.jdbc.SqlScriptsTestExecutionListener@1fb700ee, org.springframework.boot.test.mock.mockito.ResetMocksTestExecutionListener@4f67eb2a, org.springframework.boot.test.autoconfigure.restdocs.RestDocsTestExecutionListener@4a668b6e, org.springframework.boot.test.autoconfigure.web.client.MockRestServiceServerResetTestExecutionListener@5f683daf, org.springframework.boot.test.autoconfigure.web.servlet.MockMvcPrintOnlyOnFailureTestExecutionListener@78ffe6dc, org.springframework.boot.test.autoconfigure.web.servlet.WebDriverTestExecutionListener@8317c52]
2019-03-06T00:54:29.630 DEBUG o.s.t.a.ProfileValueUtils 70 - Retrieved @ProfileValueSourceConfiguration [null] for test class [com.hamlt.springboot.DemoApplicationTests]
2019-03-06T00:54:29.631 DEBUG o.s.t.a.ProfileValueUtils 83 - Retrieved ProfileValueSource type [class org.springframework.test.annotation.SystemProfileValueSource] for class [com.hamlt.springboot.DemoApplicationTests]
2019-03-06T00:54:29.633 DEBUG o.s.t.a.ProfileValueUtils 70 - Retrieved @ProfileValueSourceConfiguration [null] for test class [com.hamlt.springboot.DemoApplicationTests]
2019-03-06T00:54:29.634 DEBUG o.s.t.a.ProfileValueUtils 83 - Retrieved ProfileValueSource type [class org.springframework.test.annotation.SystemProfileValueSource] for class [com.hamlt.springboot.DemoApplicationTests]
2019-03-06T00:54:29.635 DEBUG o.s.t.a.ProfileValueUtils 70 - Retrieved @ProfileValueSourceConfiguration [null] for test class [com.hamlt.springboot.DemoApplicationTests]
2019-03-06T00:54:29.636 DEBUG o.s.t.a.ProfileValueUtils 83 - Retrieved ProfileValueSource type [class org.springframework.test.annotation.SystemProfileValueSource] for class [com.hamlt.springboot.DemoApplicationTests]
2019-03-06T00:54:29.643 DEBUG o.s.t.c.s.AbstractDirtiesContextTestExecutionListener 142 - Before test class: context [DefaultTestContext@6a6afff2 testClass = DemoApplicationTests, testInstance = [null], testMethod = [null], testException = [null], mergedContextConfiguration = [WebMergedContextConfiguration@1649b0e6 testClass = DemoApplicationTests, locations = '{}', classes = '{class com.hamlt.springboot.DemoApplication}', contextInitializerClasses = '[]', activeProfiles = '{}', propertySourceLocations = '{}', propertySourceProperties = '{org.springframework.boot.test.context.SpringBootTestContextBootstrapper=true}', contextCustomizers = set[org.springframework.boot.test.context.filter.ExcludeFilterContextCustomizer@6ee12bac, org.springframework.boot.test.json.DuplicateJsonObjectContextCustomizerFactory$DuplicateJsonObjectContextCustomizer@400cff1a, org.springframework.boot.test.mock.mockito.MockitoContextCustomizer@0, org.springframework.boot.test.web.client.TestRestTemplateContextCustomizer@1f1c7bf6, org.springframework.boot.test.autoconfigure.properties.PropertyMappingContextCustomizer@0, org.springframework.boot.test.autoconfigure.web.servlet.WebDriverContextCustomizerFactory$Customizer@17c1bced], resourceBasePath = 'src/main/webapp', contextLoader = 'org.springframework.boot.test.context.SpringBootContextLoader', parent = [null]], attributes = map['org.springframework.test.context.web.ServletTestExecutionListener.activateListener' -> true]], class annotated with @DirtiesContext [false] with mode [null].
2019-03-06T00:54:29.644 DEBUG o.s.t.a.ProfileValueUtils 70 - Retrieved @ProfileValueSourceConfiguration [null] for test class [com.hamlt.springboot.DemoApplicationTests]
2019-03-06T00:54:29.645 DEBUG o.s.t.a.ProfileValueUtils 83 - Retrieved ProfileValueSource type [class org.springframework.test.annotation.SystemProfileValueSource] for class [com.hamlt.springboot.DemoApplicationTests]
2019-03-06T00:54:29.698 DEBUG o.s.t.c.s.TestPropertySourceUtils 245 - Adding inlined properties to environment: {spring.jmx.enabled=false, org.springframework.boot.test.context.SpringBootTestContextBootstrapper=true, server.port=-1}
2019-03-06T00:54:30.209 INFO  o.h.v.i.u.Version 21 - HV000001: Hibernate Validator 6.0.14.Final
2019-03-06T00:54:30.273 INFO  c.h.s.DemoApplicationTests 50 - Starting DemoApplicationTests on PC-201708121922 with PID 5804 (started by Administrator in D:\projects\spring\springboot_war_demo)
2019-03-06T00:54:30.275 INFO  c.h.s.DemoApplicationTests 679 - The following profiles are active: prod
2019-03-06T00:54:34.832 INFO  o.s.s.c.ThreadPoolTaskExecutor 171 - Initializing ExecutorService 'applicationTaskExecutor'
2019-03-06T00:54:36.079 INFO  c.h.s.DemoApplicationTests 59 - Started DemoApplicationTests in 6.354 seconds (JVM running for 7.752)
2019-03-06T00:54:36.585 INFO  o.s.s.c.ThreadPoolTaskExecutor 208 - Shutting down ExecutorService 'applicationTaskExecutor'
2019-03-06T00:57:25.457 DEBUG o.s.t.c.j.SpringJUnit4ClassRunner 139 - SpringJUnit4ClassRunner constructor called with [class com.hamlt.springboot.DemoApplicationTests]
2019-03-06T00:57:25.467 DEBUG o.s.t.c.BootstrapUtils 96 - Instantiating CacheAwareContextLoaderDelegate from class [org.springframework.test.context.cache.DefaultCacheAwareContextLoaderDelegate]
2019-03-06T00:57:25.479 DEBUG o.s.t.c.BootstrapUtils 79 - Instantiating BootstrapContext using constructor [public org.springframework.test.context.support.DefaultBootstrapContext(java.lang.Class,org.springframework.test.context.CacheAwareContextLoaderDelegate)]
2019-03-06T00:57:25.512 DEBUG o.s.t.c.BootstrapUtils 132 - Instantiating TestContextBootstrapper for test class [com.hamlt.springboot.DemoApplicationTests] from class [org.springframework.boot.test.context.SpringBootTestContextBootstrapper]
2019-03-06T00:57:25.538 INFO  o.s.b.t.c.SpringBootTestContextBootstrapper 308 - Neither @ContextConfiguration nor @ContextHierarchy found for test class [com.hamlt.springboot.DemoApplicationTests], using SpringBootContextLoader
2019-03-06T00:57:25.549 DEBUG o.s.t.c.s.AbstractContextLoader 258 - Did not detect default resource location for test class [com.hamlt.springboot.DemoApplicationTests]: class path resource [com/hamlt/springboot/DemoApplicationTests-context.xml] does not exist
2019-03-06T00:57:25.550 DEBUG o.s.t.c.s.AbstractContextLoader 258 - Did not detect default resource location for test class [com.hamlt.springboot.DemoApplicationTests]: class path resource [com/hamlt/springboot/DemoApplicationTestsContext.groovy] does not exist
2019-03-06T00:57:25.551 INFO  o.s.t.c.s.AbstractContextLoader 264 - Could not detect default resource locations for test class [com.hamlt.springboot.DemoApplicationTests]: no resource found for suffixes {-context.xml, Context.groovy}.
2019-03-06T00:57:25.554 INFO  o.s.t.c.s.AnnotationConfigContextLoaderUtils 83 - Could not detect default configuration classes for test class [com.hamlt.springboot.DemoApplicationTests]: DemoApplicationTests does not declare any static, non-private, non-final, nested classes annotated with @Configuration.
2019-03-06T00:57:25.729 DEBUG o.s.t.c.s.ActiveProfilesUtils 79 - Could not find an 'annotation declaring class' for annotation type [org.springframework.test.context.ActiveProfiles] and class [com.hamlt.springboot.DemoApplicationTests]
2019-03-06T00:57:25.855 DEBUG o.s.c.a.ClassPathScanningCandidateComponentProvider 437 - Identified candidate component class: file [D:\projects\spring\springboot_war_demo\target\classes\com\hamlt\springboot\DemoApplication.class]
2019-03-06T00:57:25.862 INFO  o.s.b.t.c.SpringBootTestContextBootstrapper 247 - Found @SpringBootConfiguration com.hamlt.springboot.DemoApplication for test class com.hamlt.springboot.DemoApplicationTests
2019-03-06T00:57:25.997 DEBUG o.s.b.t.c.SpringBootTestContextBootstrapper 125 - @TestExecutionListeners is not present for class [com.hamlt.springboot.DemoApplicationTests]: using defaults.
2019-03-06T00:57:25.998 INFO  o.s.b.t.c.SpringBootTestContextBootstrapper 248 - Loaded default TestExecutionListener class names from location [META-INF/spring.factories]: [org.springframework.boot.test.mock.mockito.MockitoTestExecutionListener, org.springframework.boot.test.mock.mockito.ResetMocksTestExecutionListener, org.springframework.boot.test.autoconfigure.restdocs.RestDocsTestExecutionListener, org.springframework.boot.test.autoconfigure.web.client.MockRestServiceServerResetTestExecutionListener, org.springframework.boot.test.autoconfigure.web.servlet.MockMvcPrintOnlyOnFailureTestExecutionListener, org.springframework.boot.test.autoconfigure.web.servlet.WebDriverTestExecutionListener, org.springframework.test.context.web.ServletTestExecutionListener, org.springframework.test.context.support.DirtiesContextBeforeModesTestExecutionListener, org.springframework.test.context.support.DependencyInjectionTestExecutionListener, org.springframework.test.context.support.DirtiesContextTestExecutionListener, org.springframework.test.context.transaction.TransactionalTestExecutionListener, org.springframework.test.context.jdbc.SqlScriptsTestExecutionListener]
2019-03-06T00:57:26.022 INFO  o.s.b.t.c.SpringBootTestContextBootstrapper 177 - Using TestExecutionListeners: [org.springframework.test.context.web.ServletTestExecutionListener@c03cf28, org.springframework.test.context.support.DirtiesContextBeforeModesTestExecutionListener@1329eff, org.springframework.boot.test.mock.mockito.MockitoTestExecutionListener@6497b078, org.springframework.boot.test.autoconfigure.SpringBootDependencyInjectionTestExecutionListener@41c2284a, org.springframework.test.context.support.DirtiesContextTestExecutionListener@53aad5d5, org.springframework.test.context.transaction.TransactionalTestExecutionListener@46fa7c39, org.springframework.test.context.jdbc.SqlScriptsTestExecutionListener@1fb700ee, org.springframework.boot.test.mock.mockito.ResetMocksTestExecutionListener@4f67eb2a, org.springframework.boot.test.autoconfigure.restdocs.RestDocsTestExecutionListener@4a668b6e, org.springframework.boot.test.autoconfigure.web.client.MockRestServiceServerResetTestExecutionListener@5f683daf, org.springframework.boot.test.autoconfigure.web.servlet.MockMvcPrintOnlyOnFailureTestExecutionListener@78ffe6dc, org.springframework.boot.test.autoconfigure.web.servlet.WebDriverTestExecutionListener@8317c52]
2019-03-06T00:57:26.025 DEBUG o.s.t.a.ProfileValueUtils 70 - Retrieved @ProfileValueSourceConfiguration [null] for test class [com.hamlt.springboot.DemoApplicationTests]
2019-03-06T00:57:26.027 DEBUG o.s.t.a.ProfileValueUtils 83 - Retrieved ProfileValueSource type [class org.springframework.test.annotation.SystemProfileValueSource] for class [com.hamlt.springboot.DemoApplicationTests]
2019-03-06T00:57:26.030 DEBUG o.s.t.a.ProfileValueUtils 70 - Retrieved @ProfileValueSourceConfiguration [null] for test class [com.hamlt.springboot.DemoApplicationTests]
2019-03-06T00:57:26.031 DEBUG o.s.t.a.ProfileValueUtils 83 - Retrieved ProfileValueSource type [class org.springframework.test.annotation.SystemProfileValueSource] for class [com.hamlt.springboot.DemoApplicationTests]
2019-03-06T00:57:26.032 DEBUG o.s.t.a.ProfileValueUtils 70 - Retrieved @ProfileValueSourceConfiguration [null] for test class [com.hamlt.springboot.DemoApplicationTests]
2019-03-06T00:57:26.033 DEBUG o.s.t.a.ProfileValueUtils 83 - Retrieved ProfileValueSource type [class org.springframework.test.annotation.SystemProfileValueSource] for class [com.hamlt.springboot.DemoApplicationTests]
2019-03-06T00:57:26.041 DEBUG o.s.t.c.s.AbstractDirtiesContextTestExecutionListener 142 - Before test class: context [DefaultTestContext@6a6afff2 testClass = DemoApplicationTests, testInstance = [null], testMethod = [null], testException = [null], mergedContextConfiguration = [WebMergedContextConfiguration@1649b0e6 testClass = DemoApplicationTests, locations = '{}', classes = '{class com.hamlt.springboot.DemoApplication}', contextInitializerClasses = '[]', activeProfiles = '{}', propertySourceLocations = '{}', propertySourceProperties = '{org.springframework.boot.test.context.SpringBootTestContextBootstrapper=true}', contextCustomizers = set[org.springframework.boot.test.context.filter.ExcludeFilterContextCustomizer@6ee12bac, org.springframework.boot.test.json.DuplicateJsonObjectContextCustomizerFactory$DuplicateJsonObjectContextCustomizer@400cff1a, org.springframework.boot.test.mock.mockito.MockitoContextCustomizer@0, org.springframework.boot.test.web.client.TestRestTemplateContextCustomizer@1f1c7bf6, org.springframework.boot.test.autoconfigure.properties.PropertyMappingContextCustomizer@0, org.springframework.boot.test.autoconfigure.web.servlet.WebDriverContextCustomizerFactory$Customizer@17c1bced], resourceBasePath = 'src/main/webapp', contextLoader = 'org.springframework.boot.test.context.SpringBootContextLoader', parent = [null]], attributes = map['org.springframework.test.context.web.ServletTestExecutionListener.activateListener' -> true]], class annotated with @DirtiesContext [false] with mode [null].
2019-03-06T00:57:26.043 DEBUG o.s.t.a.ProfileValueUtils 70 - Retrieved @ProfileValueSourceConfiguration [null] for test class [com.hamlt.springboot.DemoApplicationTests]
2019-03-06T00:57:26.043 DEBUG o.s.t.a.ProfileValueUtils 83 - Retrieved ProfileValueSource type [class org.springframework.test.annotation.SystemProfileValueSource] for class [com.hamlt.springboot.DemoApplicationTests]
2019-03-06T00:57:26.090 DEBUG o.s.t.c.s.TestPropertySourceUtils 245 - Adding inlined properties to environment: {spring.jmx.enabled=false, org.springframework.boot.test.context.SpringBootTestContextBootstrapper=true, server.port=-1}
2019-03-06T00:57:26.819 INFO  c.h.s.DemoApplicationTests 50 - Starting DemoApplicationTests on PC-201708121922 with PID 10100 (started by Administrator in D:\projects\spring\springboot_war_demo)
2019-03-06T00:57:26.820 INFO  c.h.s.DemoApplicationTests 679 - The following profiles are active: prod
2019-03-06T00:57:31.469 INFO  o.s.s.c.ThreadPoolTaskExecutor 171 - Initializing ExecutorService 'applicationTaskExecutor'
2019-03-06T00:57:33.286 INFO  c.h.s.DemoApplicationTests 59 - Started DemoApplicationTests in 7.16 seconds (JVM running for 8.693)
2019-03-06T00:57:33.857 INFO  o.s.s.c.ThreadPoolTaskExecutor 208 - Shutting down ExecutorService 'applicationTaskExecutor'
